{"timestamp":"2025-08-05T03:02:32.568594","level":"info","event":"DAG bundles loaded: dags-folder, example_dags","logger":"airflow.dag_processing.bundles.manager.DagBundlesManager"}
{"timestamp":"2025-08-05T03:02:32.570050","level":"info","event":"Filling up the DagBag from /home/cnguyen/myrepos/dbt-postgres-airflow/airflow/dags/dbt-orchesstrator.py","logger":"airflow.models.dagbag.DagBag"}
{"timestamp":"2025-08-05T03:02:32.816111Z","level":"info","event":"Task instance is in running state","chan":"stdout","logger":"task"}
{"timestamp":"2025-08-05T03:02:32.816370Z","level":"info","event":" Previous state of the Task instance: TaskInstanceState.QUEUED","chan":"stdout","logger":"task"}
{"timestamp":"2025-08-05T03:02:32.816464Z","level":"info","event":"Current task name:model.canh_dbt_proj.my_first_dbt_model","chan":"stdout","logger":"task"}
{"timestamp":"2025-08-05T03:02:32.816533Z","level":"info","event":"Dag name:dbt_orchestrator","chan":"stdout","logger":"task"}
{"timestamp":"2025-08-05T03:02:32.808418","level":"info","event":"Tmp dir root location: /tmp","logger":"airflow.task.hooks.airflow.providers.standard.hooks.subprocess.SubprocessHook"}
{"timestamp":"2025-08-05T03:02:32.809044","level":"info","event":"Running command: ['/usr/bin/bash', '-c', 'cd /home/cnguyen/myrepos/dbt-postgres-airflow/dbt/canh_dbt_proj && /home/cnguyen/.pyenv/versions/demo_dbt/bin/dbt run']","logger":"airflow.task.hooks.airflow.providers.standard.hooks.subprocess.SubprocessHook"}
{"timestamp":"2025-08-05T03:02:32.827579","level":"info","event":"Output:","logger":"airflow.task.hooks.airflow.providers.standard.hooks.subprocess.SubprocessHook"}
{"timestamp":"2025-08-05T03:02:37.348264","level":"info","event":"\u001b[0m03:02:37  Running with dbt=1.10.6","logger":"airflow.task.hooks.airflow.providers.standard.hooks.subprocess.SubprocessHook"}
{"timestamp":"2025-08-05T03:02:38.024530","level":"info","event":"\u001b[0m03:02:38  Registered adapter: postgres=1.9.0","logger":"airflow.task.hooks.airflow.providers.standard.hooks.subprocess.SubprocessHook"}
{"timestamp":"2025-08-05T03:02:39.213507","level":"info","event":"\u001b[0m03:02:39  Found 2 models, 4 data tests, 434 macros","logger":"airflow.task.hooks.airflow.providers.standard.hooks.subprocess.SubprocessHook"}
{"timestamp":"2025-08-05T03:02:39.217615","level":"info","event":"\u001b[0m03:02:39","logger":"airflow.task.hooks.airflow.providers.standard.hooks.subprocess.SubprocessHook"}
{"timestamp":"2025-08-05T03:02:39.217771","level":"info","event":"\u001b[0m03:02:39  Concurrency: 1 threads (target='dev')","logger":"airflow.task.hooks.airflow.providers.standard.hooks.subprocess.SubprocessHook"}
{"timestamp":"2025-08-05T03:02:39.217943","level":"info","event":"\u001b[0m03:02:39","logger":"airflow.task.hooks.airflow.providers.standard.hooks.subprocess.SubprocessHook"}
{"timestamp":"2025-08-05T03:02:39.644261","level":"info","event":"\u001b[0m03:02:39  1 of 2 START sql table model dev.my_first_dbt_model ............................ [RUN]","logger":"airflow.task.hooks.airflow.providers.standard.hooks.subprocess.SubprocessHook"}
{"timestamp":"2025-08-05T03:02:40.133967","level":"info","event":"\u001b[0m03:02:40  1 of 2 OK created sql table model dev.my_first_dbt_model ....................... [\u001b[32mSELECT 2\u001b[0m in 0.47s]","logger":"airflow.task.hooks.airflow.providers.standard.hooks.subprocess.SubprocessHook"}
{"timestamp":"2025-08-05T03:02:40.138193","level":"info","event":"\u001b[0m03:02:40  2 of 2 START sql view model dev.my_second_dbt_model ............................ [RUN]","logger":"airflow.task.hooks.airflow.providers.standard.hooks.subprocess.SubprocessHook"}
{"timestamp":"2025-08-05T03:02:40.326065","level":"info","event":"\u001b[0m03:02:40  2 of 2 OK created sql view model dev.my_second_dbt_model ....................... [\u001b[32mCREATE VIEW\u001b[0m in 0.19s]","logger":"airflow.task.hooks.airflow.providers.standard.hooks.subprocess.SubprocessHook"}
{"timestamp":"2025-08-05T03:02:40.374642","level":"info","event":"\u001b[0m03:02:40","logger":"airflow.task.hooks.airflow.providers.standard.hooks.subprocess.SubprocessHook"}
{"timestamp":"2025-08-05T03:02:40.375317","level":"info","event":"\u001b[0m03:02:40  Finished running 1 table model, 1 view model in 0 hours 0 minutes and 1.16 seconds (1.16s).","logger":"airflow.task.hooks.airflow.providers.standard.hooks.subprocess.SubprocessHook"}
{"timestamp":"2025-08-05T03:02:40.477254","level":"info","event":"\u001b[0m03:02:40","logger":"airflow.task.hooks.airflow.providers.standard.hooks.subprocess.SubprocessHook"}
{"timestamp":"2025-08-05T03:02:40.477873","level":"info","event":"\u001b[0m03:02:40  \u001b[32mCompleted successfully\u001b[0m","logger":"airflow.task.hooks.airflow.providers.standard.hooks.subprocess.SubprocessHook"}
{"timestamp":"2025-08-05T03:02:40.478430","level":"info","event":"\u001b[0m03:02:40","logger":"airflow.task.hooks.airflow.providers.standard.hooks.subprocess.SubprocessHook"}
{"timestamp":"2025-08-05T03:02:40.482978","level":"info","event":"\u001b[0m03:02:40  Done. PASS=2 WARN=0 ERROR=0 SKIP=0 NO-OP=0 TOTAL=2","logger":"airflow.task.hooks.airflow.providers.standard.hooks.subprocess.SubprocessHook"}
{"timestamp":"2025-08-05T03:02:42.335196","level":"info","event":"Command exited with return code 0","logger":"airflow.task.hooks.airflow.providers.standard.hooks.subprocess.SubprocessHook"}
{"timestamp":"2025-08-05T03:02:42.336127","level":"info","event":"Pushing xcom","ti":"RuntimeTaskInstance(id=UUID('0198782e-2cf2-7245-9d5a-f2933b7f56e9'), task_id='model.canh_dbt_proj.my_first_dbt_model', dag_id='dbt_orchestrator', run_id='manual__2025-08-05T03:02:28.778857+00:00', try_number=1, map_index=-1, hostname='4N7Q2M3.kms.com.vn', context_carrier=None, task=<Task(BashOperator): model.canh_dbt_proj.my_first_dbt_model>, bundle_instance=LocalDagBundle(name=dags-folder), max_tries=0, start_date=datetime.datetime(2025, 8, 5, 3, 2, 30, 67617, tzinfo=datetime.timezone.utc), end_date=None, state=<TaskInstanceState.RUNNING: 'running'>, is_mapped=False, rendered_map_index=None, log_url='http://localhost:8080/dags/dbt_orchestrator/runs/manual__2025-08-05T03%3A02%3A28.778857%2B00%3A00/tasks/model.canh_dbt_proj.my_first_dbt_model?try_number=1')","logger":"task"}
{"timestamp":"2025-08-05T03:02:42.464074Z","level":"info","event":"Task instance in success state","chan":"stdout","logger":"task"}
{"timestamp":"2025-08-05T03:02:42.464277Z","level":"info","event":" Previous state of the Task instance: TaskInstanceState.RUNNING","chan":"stdout","logger":"task"}
{"timestamp":"2025-08-05T03:02:42.464673Z","level":"info","event":"Task operator:<Task(BashOperator): model.canh_dbt_proj.my_first_dbt_model>","chan":"stdout","logger":"task"}
