{"timestamp":"2025-08-06T08:43:59.405974","level":"info","event":"DAG bundles loaded: dags-folder, example_dags","logger":"airflow.dag_processing.bundles.manager.DagBundlesManager"}
{"timestamp":"2025-08-06T08:43:59.406950","level":"info","event":"Filling up the DagBag from /home/cnguyen/myrepos/dbt-postgres-airflow/airflow/dags/dbt-orchesstrator.py","logger":"airflow.models.dagbag.DagBag"}
{"timestamp":"2025-08-06T08:43:59.536160Z","level":"info","event":"Task instance is in running state","chan":"stdout","logger":"task"}
{"timestamp":"2025-08-06T08:43:59.536577Z","level":"info","event":" Previous state of the Task instance: TaskInstanceState.QUEUED","chan":"stdout","logger":"task"}
{"timestamp":"2025-08-06T08:43:59.536714Z","level":"info","event":"Current task name:wait_for_weather_data","chan":"stdout","logger":"task"}
{"timestamp":"2025-08-06T08:43:59.536813Z","level":"info","event":"Dag name:dbt_orchestrator","chan":"stdout","logger":"task"}
{"timestamp":"2025-08-06T08:43:59.536819","level":"info","event":"Poking for tasks ['ingest_weather_data'] in dag data_weather_fetch_daily on 2025-08-06T08:05:55.761000+00:00 ... ","logger":"airflow.task.operators.airflow.providers.standard.sensors.external_task.ExternalTaskSensor"}
{"timestamp":"2025-08-06T08:44:59.614756","level":"info","event":"Poking for tasks ['ingest_weather_data'] in dag data_weather_fetch_daily on 2025-08-06T08:05:55.761000+00:00 ... ","logger":"airflow.task.operators.airflow.providers.standard.sensors.external_task.ExternalTaskSensor"}
{"timestamp":"2025-08-06T08:45:59.693364","level":"info","event":"Poking for tasks ['ingest_weather_data'] in dag data_weather_fetch_daily on 2025-08-06T08:05:55.761000+00:00 ... ","logger":"airflow.task.operators.airflow.providers.standard.sensors.external_task.ExternalTaskSensor"}
{"timestamp":"2025-08-06T08:46:59.767064","level":"info","event":"Poking for tasks ['ingest_weather_data'] in dag data_weather_fetch_daily on 2025-08-06T08:05:55.761000+00:00 ... ","logger":"airflow.task.operators.airflow.providers.standard.sensors.external_task.ExternalTaskSensor"}
{"timestamp":"2025-08-06T08:47:59.833275","level":"info","event":"Poking for tasks ['ingest_weather_data'] in dag data_weather_fetch_daily on 2025-08-06T08:05:55.761000+00:00 ... ","logger":"airflow.task.operators.airflow.providers.standard.sensors.external_task.ExternalTaskSensor"}
{"timestamp":"2025-08-06T08:48:59.907505","level":"info","event":"Poking for tasks ['ingest_weather_data'] in dag data_weather_fetch_daily on 2025-08-06T08:05:55.761000+00:00 ... ","logger":"airflow.task.operators.airflow.providers.standard.sensors.external_task.ExternalTaskSensor"}
{"timestamp":"2025-08-06T08:49:59.964388","level":"info","event":"Poking for tasks ['ingest_weather_data'] in dag data_weather_fetch_daily on 2025-08-06T08:05:55.761000+00:00 ... ","logger":"airflow.task.operators.airflow.providers.standard.sensors.external_task.ExternalTaskSensor"}
{"timestamp":"2025-08-06T08:51:00.048117","level":"info","event":"Poking for tasks ['ingest_weather_data'] in dag data_weather_fetch_daily on 2025-08-06T08:05:55.761000+00:00 ... ","logger":"airflow.task.operators.airflow.providers.standard.sensors.external_task.ExternalTaskSensor"}
{"timestamp":"2025-08-06T08:52:00.123392","level":"info","event":"Poking for tasks ['ingest_weather_data'] in dag data_weather_fetch_daily on 2025-08-06T08:05:55.761000+00:00 ... ","logger":"airflow.task.operators.airflow.providers.standard.sensors.external_task.ExternalTaskSensor"}
{"timestamp":"2025-08-06T08:53:00.191691","level":"info","event":"Poking for tasks ['ingest_weather_data'] in dag data_weather_fetch_daily on 2025-08-06T08:05:55.761000+00:00 ... ","logger":"airflow.task.operators.airflow.providers.standard.sensors.external_task.ExternalTaskSensor"}
{"timestamp":"2025-08-06T08:54:00.274963","level":"info","event":"Poking for tasks ['ingest_weather_data'] in dag data_weather_fetch_daily on 2025-08-06T08:05:55.761000+00:00 ... ","logger":"airflow.task.operators.airflow.providers.standard.sensors.external_task.ExternalTaskSensor"}
{"timestamp":"2025-08-06T08:54:00.291010","level":"error","event":"Task failed with exception","logger":"task","error_detail":[{"exc_type":"AirflowSensorTimeout","exc_value":"Sensor has timed out; run duration of 600.7595026000054 seconds exceeds the specified timeout of 600.0.","exc_notes":[],"syntax_error":null,"is_cause":false,"frames":[{"filename":"/home/cnguyen/.pyenv/versions/3.10.4/envs/demo_airflow/lib/python3.10/site-packages/airflow/sdk/execution_time/task_runner.py","lineno":877,"name":"run"},{"filename":"/home/cnguyen/.pyenv/versions/3.10.4/envs/demo_airflow/lib/python3.10/site-packages/airflow/sdk/execution_time/task_runner.py","lineno":1164,"name":"_execute_task"},{"filename":"/home/cnguyen/.pyenv/versions/3.10.4/envs/demo_airflow/lib/python3.10/site-packages/airflow/sdk/bases/operator.py","lineno":397,"name":"wrapper"},{"filename":"/home/cnguyen/.pyenv/versions/3.10.4/envs/demo_airflow/lib/python3.10/site-packages/airflow/providers/standard/sensors/external_task.py","lineno":421,"name":"execute"},{"filename":"/home/cnguyen/.pyenv/versions/3.10.4/envs/demo_airflow/lib/python3.10/site-packages/airflow/sdk/bases/operator.py","lineno":397,"name":"wrapper"},{"filename":"/home/cnguyen/.pyenv/versions/3.10.4/envs/demo_airflow/lib/python3.10/site-packages/airflow/sdk/bases/sensor.py","lineno":243,"name":"execute"}],"is_group":false,"exceptions":[]}]}
{"timestamp":"2025-08-06T08:54:00.322460Z","level":"info","event":"Task instance in failure state","chan":"stdout","logger":"task"}
{"timestamp":"2025-08-06T08:54:00.322956Z","level":"info","event":"Task start","chan":"stdout","logger":"task"}
{"timestamp":"2025-08-06T08:54:00.323058Z","level":"info","event":"Task:<Task(ExternalTaskSensor): wait_for_weather_data>","chan":"stdout","logger":"task"}
{"timestamp":"2025-08-06T08:54:00.323110Z","level":"info","event":"Failure caused by Sensor has timed out; run duration of 600.7595026000054 seconds exceeds the specified timeout of 600.0.","chan":"stdout","logger":"task"}
