{"timestamp":"2025-08-08T02:52:45.270288","level":"info","event":"DAG bundles loaded: dags-folder, example_dags","logger":"airflow.dag_processing.bundles.manager.DagBundlesManager"}
{"timestamp":"2025-08-08T02:52:45.272766","level":"info","event":"Filling up the DagBag from /home/cnguyen/myrepos/dbt-postgres-airflow/airflow/dags/dbt-orchesstrator.py","logger":"airflow.models.dagbag.DagBag"}
{"timestamp":"2025-08-08T02:52:45.359873Z","level":"info","event":"Task instance is in running state","chan":"stdout","logger":"task"}
{"timestamp":"2025-08-08T02:52:45.360138Z","level":"info","event":" Previous state of the Task instance: TaskInstanceState.QUEUED","chan":"stdout","logger":"task"}
{"timestamp":"2025-08-08T02:52:45.360745Z","level":"info","event":"Current task name:model.canh_dbt_proj.stg_weather_report","chan":"stdout","logger":"task"}
{"timestamp":"2025-08-08T02:52:45.360920Z","level":"info","event":"Dag name:dbt_orchestrator","chan":"stdout","logger":"task"}
{"timestamp":"2025-08-08T02:52:45.362252","level":"info","event":"Tmp dir root location: /tmp","logger":"airflow.task.hooks.airflow.providers.standard.hooks.subprocess.SubprocessHook"}
{"timestamp":"2025-08-08T02:52:45.363078","level":"info","event":"Running command: ['/usr/bin/bash', '-c', 'cd /home/cnguyen/myrepos/dbt-postgres-airflow/dbt/canh_dbt_proj && /home/cnguyen/.pyenv/versions/demo_dbt/bin/dbt run']","logger":"airflow.task.hooks.airflow.providers.standard.hooks.subprocess.SubprocessHook"}
{"timestamp":"2025-08-08T02:52:45.373743","level":"info","event":"Output:","logger":"airflow.task.hooks.airflow.providers.standard.hooks.subprocess.SubprocessHook"}
{"timestamp":"2025-08-08T02:52:48.495771","level":"info","event":"\u001b[0m02:52:48  Running with dbt=1.10.6","logger":"airflow.task.hooks.airflow.providers.standard.hooks.subprocess.SubprocessHook"}
{"timestamp":"2025-08-08T02:52:49.042766","level":"info","event":"\u001b[0m02:52:49  Registered adapter: postgres=1.9.0","logger":"airflow.task.hooks.airflow.providers.standard.hooks.subprocess.SubprocessHook"}
{"timestamp":"2025-08-08T02:52:49.972598","level":"info","event":"\u001b[0m02:52:49  Found 2 models, 1 source, 435 macros","logger":"airflow.task.hooks.airflow.providers.standard.hooks.subprocess.SubprocessHook"}
{"timestamp":"2025-08-08T02:52:49.978492","level":"info","event":"\u001b[0m02:52:49","logger":"airflow.task.hooks.airflow.providers.standard.hooks.subprocess.SubprocessHook"}
{"timestamp":"2025-08-08T02:52:49.979407","level":"info","event":"\u001b[0m02:52:49  Concurrency: 1 threads (target='dev')","logger":"airflow.task.hooks.airflow.providers.standard.hooks.subprocess.SubprocessHook"}
{"timestamp":"2025-08-08T02:52:49.980173","level":"info","event":"\u001b[0m02:52:49","logger":"airflow.task.hooks.airflow.providers.standard.hooks.subprocess.SubprocessHook"}
{"timestamp":"2025-08-08T02:52:50.378467","level":"info","event":"\u001b[0m02:52:50  1 of 2 START sql view model dev.stg_weather_report ............................. [RUN]","logger":"airflow.task.hooks.airflow.providers.standard.hooks.subprocess.SubprocessHook"}
{"timestamp":"2025-08-08T02:52:50.645268","level":"info","event":"\u001b[0m02:52:50  1 of 2 OK created sql view model dev.stg_weather_report ........................ [\u001b[32mCREATE VIEW\u001b[0m in 0.28s]","logger":"airflow.task.hooks.airflow.providers.standard.hooks.subprocess.SubprocessHook"}
{"timestamp":"2025-08-08T02:52:50.650207","level":"info","event":"\u001b[0m02:52:50  2 of 2 START sql incremental model dev.weather_del_ins ......................... [RUN]","logger":"airflow.task.hooks.airflow.providers.standard.hooks.subprocess.SubprocessHook"}
{"timestamp":"2025-08-08T02:52:50.970948","level":"info","event":"\u001b[0m02:52:50  2 of 2 OK created sql incremental model dev.weather_del_ins .................... [\u001b[32mINSERT 0 1\u001b[0m in 0.31s]","logger":"airflow.task.hooks.airflow.providers.standard.hooks.subprocess.SubprocessHook"}
{"timestamp":"2025-08-08T02:52:51.013847","level":"info","event":"\u001b[0m02:52:51","logger":"airflow.task.hooks.airflow.providers.standard.hooks.subprocess.SubprocessHook"}
{"timestamp":"2025-08-08T02:52:51.014784","level":"info","event":"\u001b[0m02:52:51  Finished running 1 incremental model, 1 view model in 0 hours 0 minutes and 1.03 seconds (1.03s).","logger":"airflow.task.hooks.airflow.providers.standard.hooks.subprocess.SubprocessHook"}
{"timestamp":"2025-08-08T02:52:51.118687","level":"info","event":"\u001b[0m02:52:51","logger":"airflow.task.hooks.airflow.providers.standard.hooks.subprocess.SubprocessHook"}
{"timestamp":"2025-08-08T02:52:51.119361","level":"info","event":"\u001b[0m02:52:51  \u001b[32mCompleted successfully\u001b[0m","logger":"airflow.task.hooks.airflow.providers.standard.hooks.subprocess.SubprocessHook"}
{"timestamp":"2025-08-08T02:52:51.119946","level":"info","event":"\u001b[0m02:52:51","logger":"airflow.task.hooks.airflow.providers.standard.hooks.subprocess.SubprocessHook"}
{"timestamp":"2025-08-08T02:52:51.120660","level":"info","event":"\u001b[0m02:52:51  Done. PASS=2 WARN=0 ERROR=0 SKIP=0 NO-OP=0 TOTAL=2","logger":"airflow.task.hooks.airflow.providers.standard.hooks.subprocess.SubprocessHook"}
{"timestamp":"2025-08-08T02:52:52.761768","level":"info","event":"Command exited with return code 0","logger":"airflow.task.hooks.airflow.providers.standard.hooks.subprocess.SubprocessHook"}
{"timestamp":"2025-08-08T02:52:52.762670","level":"info","event":"Pushing xcom","ti":"RuntimeTaskInstance(id=UUID('01988798-465a-762d-8611-654b392dfe02'), task_id='model.canh_dbt_proj.stg_weather_report', dag_id='dbt_orchestrator', run_id='manual__2025-08-08T02:52:40.379964+00:00', try_number=1, map_index=-1, hostname='4N7Q2M3.kms.com.vn', context_carrier=None, task=<Task(BashOperator): model.canh_dbt_proj.stg_weather_report>, bundle_instance=LocalDagBundle(name=dags-folder), max_tries=0, start_date=datetime.datetime(2025, 8, 8, 2, 52, 45, 151587, tzinfo=datetime.timezone.utc), end_date=None, state=<TaskInstanceState.RUNNING: 'running'>, is_mapped=False, rendered_map_index=None, log_url='http://localhost:8080/dags/dbt_orchestrator/runs/manual__2025-08-08T02%3A52%3A40.379964%2B00%3A00/tasks/model.canh_dbt_proj.stg_weather_report?try_number=1')","logger":"task"}
{"timestamp":"2025-08-08T02:52:52.846362Z","level":"info","event":"Task instance in success state","chan":"stdout","logger":"task"}
{"timestamp":"2025-08-08T02:52:52.846582Z","level":"info","event":" Previous state of the Task instance: TaskInstanceState.RUNNING","chan":"stdout","logger":"task"}
{"timestamp":"2025-08-08T02:52:52.848316Z","level":"info","event":"Task operator:<Task(BashOperator): model.canh_dbt_proj.stg_weather_report>","chan":"stdout","logger":"task"}
