{"timestamp":"2025-08-08T02:21:14.953957","level":"info","event":"DAG bundles loaded: dags-folder, example_dags","logger":"airflow.dag_processing.bundles.manager.DagBundlesManager"}
{"timestamp":"2025-08-08T02:21:14.956928","level":"info","event":"Filling up the DagBag from /home/cnguyen/myrepos/dbt-postgres-airflow/airflow/dags/dbt-orchesstrator.py","logger":"airflow.models.dagbag.DagBag"}
{"timestamp":"2025-08-08T02:21:15.127111Z","level":"info","event":"Task instance is in running state","chan":"stdout","logger":"task"}
{"timestamp":"2025-08-08T02:21:15.127490Z","level":"info","event":" Previous state of the Task instance: TaskInstanceState.QUEUED","chan":"stdout","logger":"task"}
{"timestamp":"2025-08-08T02:21:15.128586Z","level":"info","event":"Current task name:model.canh_dbt_proj.stg_weather_report","chan":"stdout","logger":"task"}
{"timestamp":"2025-08-08T02:21:15.128849Z","level":"info","event":"Dag name:dbt_orchestrator","chan":"stdout","logger":"task"}
{"timestamp":"2025-08-08T02:21:15.129554","level":"info","event":"Tmp dir root location: /tmp","logger":"airflow.task.hooks.airflow.providers.standard.hooks.subprocess.SubprocessHook"}
{"timestamp":"2025-08-08T02:21:15.130726","level":"info","event":"Running command: ['/usr/bin/bash', '-c', 'cd /home/cnguyen/myrepos/dbt-postgres-airflow/dbt/canh_dbt_proj && /home/cnguyen/.pyenv/versions/demo_dbt/bin/dbt run']","logger":"airflow.task.hooks.airflow.providers.standard.hooks.subprocess.SubprocessHook"}
{"timestamp":"2025-08-08T02:21:15.140208","level":"info","event":"Output:","logger":"airflow.task.hooks.airflow.providers.standard.hooks.subprocess.SubprocessHook"}
{"timestamp":"2025-08-08T02:21:18.797744","level":"info","event":"\u001b[0m02:21:18  Running with dbt=1.10.6","logger":"airflow.task.hooks.airflow.providers.standard.hooks.subprocess.SubprocessHook"}
{"timestamp":"2025-08-08T02:21:19.491098","level":"info","event":"\u001b[0m02:21:19  Registered adapter: postgres=1.9.0","logger":"airflow.task.hooks.airflow.providers.standard.hooks.subprocess.SubprocessHook"}
{"timestamp":"2025-08-08T02:21:20.522974","level":"info","event":"\u001b[0m02:21:20  Found 2 models, 1 source, 435 macros","logger":"airflow.task.hooks.airflow.providers.standard.hooks.subprocess.SubprocessHook"}
{"timestamp":"2025-08-08T02:21:20.529352","level":"info","event":"\u001b[0m02:21:20","logger":"airflow.task.hooks.airflow.providers.standard.hooks.subprocess.SubprocessHook"}
{"timestamp":"2025-08-08T02:21:20.530320","level":"info","event":"\u001b[0m02:21:20  Concurrency: 1 threads (target='dev')","logger":"airflow.task.hooks.airflow.providers.standard.hooks.subprocess.SubprocessHook"}
{"timestamp":"2025-08-08T02:21:20.531450","level":"info","event":"\u001b[0m02:21:20","logger":"airflow.task.hooks.airflow.providers.standard.hooks.subprocess.SubprocessHook"}
{"timestamp":"2025-08-08T02:21:20.944529","level":"info","event":"\u001b[0m02:21:20  1 of 2 START sql view model dev.stg_weather_report ............................. [RUN]","logger":"airflow.task.hooks.airflow.providers.standard.hooks.subprocess.SubprocessHook"}
{"timestamp":"2025-08-08T02:21:21.263915","level":"info","event":"\u001b[0m02:21:21  1 of 2 OK created sql view model dev.stg_weather_report ........................ [\u001b[32mCREATE VIEW\u001b[0m in 0.31s]","logger":"airflow.task.hooks.airflow.providers.standard.hooks.subprocess.SubprocessHook"}
{"timestamp":"2025-08-08T02:21:21.271205","level":"info","event":"\u001b[0m02:21:21  2 of 2 START sql incremental model dev.weather_del_ins ......................... [RUN]","logger":"airflow.task.hooks.airflow.providers.standard.hooks.subprocess.SubprocessHook"}
{"timestamp":"2025-08-08T02:21:21.411136","level":"info","event":"\u001b[0m02:21:21  2 of 2 ERROR creating sql incremental model dev.weather_del_ins ................ [\u001b[31mERROR\u001b[0m in 0.14s]","logger":"airflow.task.hooks.airflow.providers.standard.hooks.subprocess.SubprocessHook"}
{"timestamp":"2025-08-08T02:21:21.456625","level":"info","event":"\u001b[0m02:21:21","logger":"airflow.task.hooks.airflow.providers.standard.hooks.subprocess.SubprocessHook"}
{"timestamp":"2025-08-08T02:21:21.466288","level":"info","event":"\u001b[0m02:21:21  Finished running 1 incremental model, 1 view model in 0 hours 0 minutes and 0.92 seconds (0.92s).","logger":"airflow.task.hooks.airflow.providers.standard.hooks.subprocess.SubprocessHook"}
{"timestamp":"2025-08-08T02:21:21.553174","level":"info","event":"\u001b[0m02:21:21","logger":"airflow.task.hooks.airflow.providers.standard.hooks.subprocess.SubprocessHook"}
{"timestamp":"2025-08-08T02:21:21.555701","level":"info","event":"\u001b[0m02:21:21  \u001b[31mCompleted with 1 error, 0 partial successes, and 0 warnings:\u001b[0m","logger":"airflow.task.hooks.airflow.providers.standard.hooks.subprocess.SubprocessHook"}
{"timestamp":"2025-08-08T02:21:21.557121","level":"info","event":"\u001b[0m02:21:21","logger":"airflow.task.hooks.airflow.providers.standard.hooks.subprocess.SubprocessHook"}
{"timestamp":"2025-08-08T02:21:21.558518","level":"info","event":"\u001b[0m02:21:21  \u001b[31mFailure in model weather_del_ins (models/mart/weather_del_ins.sql)\u001b[0m","logger":"airflow.task.hooks.airflow.providers.standard.hooks.subprocess.SubprocessHook"}
{"timestamp":"2025-08-08T02:21:21.559883","level":"info","event":"\u001b[0m02:21:21    Database Error in model weather_del_ins (models/mart/weather_del_ins.sql)","logger":"airflow.task.hooks.airflow.providers.standard.hooks.subprocess.SubprocessHook"}
{"timestamp":"2025-08-08T02:21:21.560051","level":"info","event":"  relation \"weather.weather_del_ins\" does not exist","logger":"airflow.task.hooks.airflow.providers.standard.hooks.subprocess.SubprocessHook"}
{"timestamp":"2025-08-08T02:21:21.560157","level":"info","event":"  CONTEXT:  SQL statement \"truncate table dw.weather.weather_del_ins\"","logger":"airflow.task.hooks.airflow.providers.standard.hooks.subprocess.SubprocessHook"}
{"timestamp":"2025-08-08T02:21:21.560253","level":"info","event":"  PL/pgSQL function inline_code_block line 4 at EXECUTE","logger":"airflow.task.hooks.airflow.providers.standard.hooks.subprocess.SubprocessHook"}
{"timestamp":"2025-08-08T02:21:21.561746","level":"info","event":"\u001b[0m02:21:21","logger":"airflow.task.hooks.airflow.providers.standard.hooks.subprocess.SubprocessHook"}
{"timestamp":"2025-08-08T02:21:21.563899","level":"info","event":"\u001b[0m02:21:21    compiled code at target/compiled/canh_dbt_proj/models/mart/weather_del_ins.sql","logger":"airflow.task.hooks.airflow.providers.standard.hooks.subprocess.SubprocessHook"}
{"timestamp":"2025-08-08T02:21:21.565855","level":"info","event":"\u001b[0m02:21:21","logger":"airflow.task.hooks.airflow.providers.standard.hooks.subprocess.SubprocessHook"}
{"timestamp":"2025-08-08T02:21:21.567161","level":"info","event":"\u001b[0m02:21:21  Done. PASS=1 WARN=0 ERROR=1 SKIP=0 NO-OP=0 TOTAL=2","logger":"airflow.task.hooks.airflow.providers.standard.hooks.subprocess.SubprocessHook"}
{"timestamp":"2025-08-08T02:21:23.300614","level":"info","event":"Command exited with return code 1","logger":"airflow.task.hooks.airflow.providers.standard.hooks.subprocess.SubprocessHook"}
{"timestamp":"2025-08-08T02:21:23.301347","level":"error","event":"Task failed with exception","logger":"task","error_detail":[{"exc_type":"AirflowException","exc_value":"Bash command failed. The command returned a non-zero exit code 1.","exc_notes":[],"syntax_error":null,"is_cause":false,"frames":[{"filename":"/home/cnguyen/.pyenv/versions/3.10.4/envs/demo_airflow/lib/python3.10/site-packages/airflow/sdk/execution_time/task_runner.py","lineno":877,"name":"run"},{"filename":"/home/cnguyen/.pyenv/versions/3.10.4/envs/demo_airflow/lib/python3.10/site-packages/airflow/sdk/execution_time/task_runner.py","lineno":1164,"name":"_execute_task"},{"filename":"/home/cnguyen/.pyenv/versions/3.10.4/envs/demo_airflow/lib/python3.10/site-packages/airflow/sdk/bases/operator.py","lineno":397,"name":"wrapper"},{"filename":"/home/cnguyen/.pyenv/versions/3.10.4/envs/demo_airflow/lib/python3.10/site-packages/airflow/providers/standard/operators/bash.py","lineno":232,"name":"execute"}],"is_group":false,"exceptions":[]}]}
{"timestamp":"2025-08-08T02:21:23.303727Z","level":"info","event":"Task instance in failure state","chan":"stdout","logger":"task"}
{"timestamp":"2025-08-08T02:21:23.304684Z","level":"info","event":"Task start","chan":"stdout","logger":"task"}
{"timestamp":"2025-08-08T02:21:23.305676Z","level":"info","event":"Task:<Task(BashOperator): model.canh_dbt_proj.stg_weather_report>","chan":"stdout","logger":"task"}
{"timestamp":"2025-08-08T02:21:23.305852Z","level":"info","event":"Failure caused by Bash command failed. The command returned a non-zero exit code 1.","chan":"stdout","logger":"task"}
