{"timestamp":"2025-08-08T02:17:58.960107","level":"info","event":"DAG bundles loaded: dags-folder, example_dags","logger":"airflow.dag_processing.bundles.manager.DagBundlesManager"}
{"timestamp":"2025-08-08T02:17:58.961294","level":"info","event":"Filling up the DagBag from /home/cnguyen/myrepos/dbt-postgres-airflow/airflow/dags/dbt-orchesstrator.py","logger":"airflow.models.dagbag.DagBag"}
{"timestamp":"2025-08-08T02:17:59.268273Z","level":"info","event":"Task instance is in running state","chan":"stdout","logger":"task"}
{"timestamp":"2025-08-08T02:17:59.268593Z","level":"info","event":" Previous state of the Task instance: TaskInstanceState.QUEUED","chan":"stdout","logger":"task"}
{"timestamp":"2025-08-08T02:17:59.268805Z","level":"info","event":"Current task name:model.canh_dbt_proj.stg_weather_report","chan":"stdout","logger":"task"}
{"timestamp":"2025-08-08T02:17:59.268957Z","level":"info","event":"Dag name:dbt_orchestrator","chan":"stdout","logger":"task"}
{"timestamp":"2025-08-08T02:17:59.262394","level":"info","event":"Tmp dir root location: /tmp","logger":"airflow.task.hooks.airflow.providers.standard.hooks.subprocess.SubprocessHook"}
{"timestamp":"2025-08-08T02:17:59.263273","level":"info","event":"Running command: ['/usr/bin/bash', '-c', 'cd /home/cnguyen/myrepos/dbt-postgres-airflow/dbt/canh_dbt_proj && /home/cnguyen/.pyenv/versions/demo_dbt/bin/dbt run']","logger":"airflow.task.hooks.airflow.providers.standard.hooks.subprocess.SubprocessHook"}
{"timestamp":"2025-08-08T02:17:59.275754","level":"info","event":"Output:","logger":"airflow.task.hooks.airflow.providers.standard.hooks.subprocess.SubprocessHook"}
{"timestamp":"2025-08-08T02:18:03.016366","level":"info","event":"\u001b[0m02:18:03  Running with dbt=1.10.6","logger":"airflow.task.hooks.airflow.providers.standard.hooks.subprocess.SubprocessHook"}
{"timestamp":"2025-08-08T02:18:03.662878","level":"info","event":"\u001b[0m02:18:03  Registered adapter: postgres=1.9.0","logger":"airflow.task.hooks.airflow.providers.standard.hooks.subprocess.SubprocessHook"}
{"timestamp":"2025-08-08T02:18:04.767351","level":"info","event":"\u001b[0m02:18:04  Found 2 models, 1 source, 435 macros","logger":"airflow.task.hooks.airflow.providers.standard.hooks.subprocess.SubprocessHook"}
{"timestamp":"2025-08-08T02:18:04.771920","level":"info","event":"\u001b[0m02:18:04","logger":"airflow.task.hooks.airflow.providers.standard.hooks.subprocess.SubprocessHook"}
{"timestamp":"2025-08-08T02:18:04.772698","level":"info","event":"\u001b[0m02:18:04  Concurrency: 1 threads (target='dev')","logger":"airflow.task.hooks.airflow.providers.standard.hooks.subprocess.SubprocessHook"}
{"timestamp":"2025-08-08T02:18:04.774144","level":"info","event":"\u001b[0m02:18:04","logger":"airflow.task.hooks.airflow.providers.standard.hooks.subprocess.SubprocessHook"}
{"timestamp":"2025-08-08T02:18:05.169657","level":"info","event":"\u001b[0m02:18:05  1 of 2 START sql view model dev.stg_weather_report ............................. [RUN]","logger":"airflow.task.hooks.airflow.providers.standard.hooks.subprocess.SubprocessHook"}
{"timestamp":"2025-08-08T02:18:05.497810","level":"info","event":"\u001b[0m02:18:05  1 of 2 OK created sql view model dev.stg_weather_report ........................ [\u001b[32mCREATE VIEW\u001b[0m in 0.32s]","logger":"airflow.task.hooks.airflow.providers.standard.hooks.subprocess.SubprocessHook"}
{"timestamp":"2025-08-08T02:18:05.504564","level":"info","event":"\u001b[0m02:18:05  2 of 2 START sql incremental model dev.weather_del_ins ......................... [RUN]","logger":"airflow.task.hooks.airflow.providers.standard.hooks.subprocess.SubprocessHook"}
{"timestamp":"2025-08-08T02:18:05.661061","level":"info","event":"\u001b[0m02:18:05  2 of 2 ERROR creating sql incremental model dev.weather_del_ins ................ [\u001b[31mERROR\u001b[0m in 0.15s]","logger":"airflow.task.hooks.airflow.providers.standard.hooks.subprocess.SubprocessHook"}
{"timestamp":"2025-08-08T02:18:05.697890","level":"info","event":"\u001b[0m02:18:05","logger":"airflow.task.hooks.airflow.providers.standard.hooks.subprocess.SubprocessHook"}
{"timestamp":"2025-08-08T02:18:05.699715","level":"info","event":"\u001b[0m02:18:05  Finished running 1 incremental model, 1 view model in 0 hours 0 minutes and 0.92 seconds (0.92s).","logger":"airflow.task.hooks.airflow.providers.standard.hooks.subprocess.SubprocessHook"}
{"timestamp":"2025-08-08T02:18:05.801043","level":"info","event":"\u001b[0m02:18:05","logger":"airflow.task.hooks.airflow.providers.standard.hooks.subprocess.SubprocessHook"}
{"timestamp":"2025-08-08T02:18:05.802268","level":"info","event":"\u001b[0m02:18:05  \u001b[31mCompleted with 1 error, 0 partial successes, and 0 warnings:\u001b[0m","logger":"airflow.task.hooks.airflow.providers.standard.hooks.subprocess.SubprocessHook"}
{"timestamp":"2025-08-08T02:18:05.803185","level":"info","event":"\u001b[0m02:18:05","logger":"airflow.task.hooks.airflow.providers.standard.hooks.subprocess.SubprocessHook"}
{"timestamp":"2025-08-08T02:18:05.805297","level":"info","event":"\u001b[0m02:18:05  \u001b[31mFailure in model weather_del_ins (models/mart/weather_del_ins.sql)\u001b[0m","logger":"airflow.task.hooks.airflow.providers.standard.hooks.subprocess.SubprocessHook"}
{"timestamp":"2025-08-08T02:18:05.806496","level":"info","event":"\u001b[0m02:18:05    Database Error in model weather_del_ins (models/mart/weather_del_ins.sql)","logger":"airflow.task.hooks.airflow.providers.standard.hooks.subprocess.SubprocessHook"}
{"timestamp":"2025-08-08T02:18:05.806733","level":"info","event":"  relation \"weather.weather_del_ins\" does not exist","logger":"airflow.task.hooks.airflow.providers.standard.hooks.subprocess.SubprocessHook"}
{"timestamp":"2025-08-08T02:18:05.806895","level":"info","event":"  CONTEXT:  SQL statement \"truncate table dw.weather.weather_del_ins\"","logger":"airflow.task.hooks.airflow.providers.standard.hooks.subprocess.SubprocessHook"}
{"timestamp":"2025-08-08T02:18:05.807065","level":"info","event":"  PL/pgSQL function inline_code_block line 4 at EXECUTE","logger":"airflow.task.hooks.airflow.providers.standard.hooks.subprocess.SubprocessHook"}
{"timestamp":"2025-08-08T02:18:05.807338","level":"info","event":"\u001b[0m02:18:05","logger":"airflow.task.hooks.airflow.providers.standard.hooks.subprocess.SubprocessHook"}
{"timestamp":"2025-08-08T02:18:05.808440","level":"info","event":"\u001b[0m02:18:05    compiled code at target/compiled/canh_dbt_proj/models/mart/weather_del_ins.sql","logger":"airflow.task.hooks.airflow.providers.standard.hooks.subprocess.SubprocessHook"}
{"timestamp":"2025-08-08T02:18:05.809263","level":"info","event":"\u001b[0m02:18:05","logger":"airflow.task.hooks.airflow.providers.standard.hooks.subprocess.SubprocessHook"}
{"timestamp":"2025-08-08T02:18:05.810386","level":"info","event":"\u001b[0m02:18:05  Done. PASS=1 WARN=0 ERROR=1 SKIP=0 NO-OP=0 TOTAL=2","logger":"airflow.task.hooks.airflow.providers.standard.hooks.subprocess.SubprocessHook"}
{"timestamp":"2025-08-08T02:18:07.622284","level":"info","event":"Command exited with return code 1","logger":"airflow.task.hooks.airflow.providers.standard.hooks.subprocess.SubprocessHook"}
{"timestamp":"2025-08-08T02:18:07.623272","level":"error","event":"Task failed with exception","logger":"task","error_detail":[{"exc_type":"AirflowException","exc_value":"Bash command failed. The command returned a non-zero exit code 1.","exc_notes":[],"syntax_error":null,"is_cause":false,"frames":[{"filename":"/home/cnguyen/.pyenv/versions/3.10.4/envs/demo_airflow/lib/python3.10/site-packages/airflow/sdk/execution_time/task_runner.py","lineno":877,"name":"run"},{"filename":"/home/cnguyen/.pyenv/versions/3.10.4/envs/demo_airflow/lib/python3.10/site-packages/airflow/sdk/execution_time/task_runner.py","lineno":1164,"name":"_execute_task"},{"filename":"/home/cnguyen/.pyenv/versions/3.10.4/envs/demo_airflow/lib/python3.10/site-packages/airflow/sdk/bases/operator.py","lineno":397,"name":"wrapper"},{"filename":"/home/cnguyen/.pyenv/versions/3.10.4/envs/demo_airflow/lib/python3.10/site-packages/airflow/providers/standard/operators/bash.py","lineno":232,"name":"execute"}],"is_group":false,"exceptions":[]}]}
{"timestamp":"2025-08-08T02:18:07.626041Z","level":"info","event":"Task instance in failure state","chan":"stdout","logger":"task"}
{"timestamp":"2025-08-08T02:18:07.626913Z","level":"info","event":"Task start","chan":"stdout","logger":"task"}
{"timestamp":"2025-08-08T02:18:07.627116Z","level":"info","event":"Task:<Task(BashOperator): model.canh_dbt_proj.stg_weather_report>","chan":"stdout","logger":"task"}
{"timestamp":"2025-08-08T02:18:07.627235Z","level":"info","event":"Failure caused by Bash command failed. The command returned a non-zero exit code 1.","chan":"stdout","logger":"task"}
