{"timestamp":"2025-08-07T13:51:27.358948","level":"info","event":"DAG bundles loaded: dags-folder, example_dags","logger":"airflow.dag_processing.bundles.manager.DagBundlesManager"}
{"timestamp":"2025-08-07T13:51:27.359650","level":"info","event":"Filling up the DagBag from /home/cnguyen/myrepos/dbt-postgres-airflow/airflow/dags/dbt-orchesstrator.py","logger":"airflow.models.dagbag.DagBag"}
{"timestamp":"2025-08-07T13:51:27.402958Z","level":"info","event":"Task instance is in running state","chan":"stdout","logger":"task"}
{"timestamp":"2025-08-07T13:51:27.403104Z","level":"info","event":" Previous state of the Task instance: TaskInstanceState.QUEUED","chan":"stdout","logger":"task"}
{"timestamp":"2025-08-07T13:51:27.403366Z","level":"info","event":"Current task name:model.canh_dbt_proj.weather_merge_ins","chan":"stdout","logger":"task"}
{"timestamp":"2025-08-07T13:51:27.403555Z","level":"info","event":"Dag name:dbt_orchestrator","chan":"stdout","logger":"task"}
{"timestamp":"2025-08-07T13:51:27.403986","level":"info","event":"Tmp dir root location: /tmp","logger":"airflow.task.hooks.airflow.providers.standard.hooks.subprocess.SubprocessHook"}
{"timestamp":"2025-08-07T13:51:27.404775","level":"info","event":"Running command: ['/usr/bin/bash', '-c', 'cd /home/cnguyen/myrepos/dbt-postgres-airflow/dbt/canh_dbt_proj && /home/cnguyen/.pyenv/versions/demo_dbt/bin/dbt run']","logger":"airflow.task.hooks.airflow.providers.standard.hooks.subprocess.SubprocessHook"}
{"timestamp":"2025-08-07T13:51:27.411563","level":"info","event":"Output:","logger":"airflow.task.hooks.airflow.providers.standard.hooks.subprocess.SubprocessHook"}
{"timestamp":"2025-08-07T13:51:29.119949","level":"info","event":"\u001b[0m13:51:29  Running with dbt=1.10.6","logger":"airflow.task.hooks.airflow.providers.standard.hooks.subprocess.SubprocessHook"}
{"timestamp":"2025-08-07T13:51:29.427034","level":"info","event":"\u001b[0m13:51:29  Registered adapter: postgres=1.9.0","logger":"airflow.task.hooks.airflow.providers.standard.hooks.subprocess.SubprocessHook"}
{"timestamp":"2025-08-07T13:51:29.891560","level":"info","event":"\u001b[0m13:51:29  Found 3 models, 1 source, 435 macros","logger":"airflow.task.hooks.airflow.providers.standard.hooks.subprocess.SubprocessHook"}
{"timestamp":"2025-08-07T13:51:29.894409","level":"info","event":"\u001b[0m13:51:29","logger":"airflow.task.hooks.airflow.providers.standard.hooks.subprocess.SubprocessHook"}
{"timestamp":"2025-08-07T13:51:29.895085","level":"info","event":"\u001b[0m13:51:29  Concurrency: 1 threads (target='dev')","logger":"airflow.task.hooks.airflow.providers.standard.hooks.subprocess.SubprocessHook"}
{"timestamp":"2025-08-07T13:51:29.895682","level":"info","event":"\u001b[0m13:51:29","logger":"airflow.task.hooks.airflow.providers.standard.hooks.subprocess.SubprocessHook"}
{"timestamp":"2025-08-07T13:51:30.117122","level":"info","event":"\u001b[0m13:51:30  1 of 3 START sql view model dev.stg_weather_report ............................. [RUN]","logger":"airflow.task.hooks.airflow.providers.standard.hooks.subprocess.SubprocessHook"}
{"timestamp":"2025-08-07T13:51:30.242595","level":"info","event":"\u001b[0m13:51:30  1 of 3 ERROR creating sql view model dev.stg_weather_report .................... [\u001b[31mERROR\u001b[0m in 0.12s]","logger":"airflow.task.hooks.airflow.providers.standard.hooks.subprocess.SubprocessHook"}
{"timestamp":"2025-08-07T13:51:30.247223","level":"info","event":"\u001b[0m13:51:30  2 of 3 SKIP relation dev.weather_del_ins ....................................... [\u001b[33mSKIP\u001b[0m]","logger":"airflow.task.hooks.airflow.providers.standard.hooks.subprocess.SubprocessHook"}
{"timestamp":"2025-08-07T13:51:30.250097","level":"info","event":"\u001b[0m13:51:30  3 of 3 SKIP relation dev.weather_merge_ins ..................................... [\u001b[33mSKIP\u001b[0m]","logger":"airflow.task.hooks.airflow.providers.standard.hooks.subprocess.SubprocessHook"}
{"timestamp":"2025-08-07T13:51:30.268425","level":"info","event":"\u001b[0m13:51:30","logger":"airflow.task.hooks.airflow.providers.standard.hooks.subprocess.SubprocessHook"}
{"timestamp":"2025-08-07T13:51:30.268946","level":"info","event":"\u001b[0m13:51:30  Finished running 2 incremental models, 1 view model in 0 hours 0 minutes and 0.37 seconds (0.37s).","logger":"airflow.task.hooks.airflow.providers.standard.hooks.subprocess.SubprocessHook"}
{"timestamp":"2025-08-07T13:51:30.308223","level":"info","event":"\u001b[0m13:51:30","logger":"airflow.task.hooks.airflow.providers.standard.hooks.subprocess.SubprocessHook"}
{"timestamp":"2025-08-07T13:51:30.308587","level":"info","event":"\u001b[0m13:51:30  \u001b[31mCompleted with 1 error, 0 partial successes, and 0 warnings:\u001b[0m","logger":"airflow.task.hooks.airflow.providers.standard.hooks.subprocess.SubprocessHook"}
{"timestamp":"2025-08-07T13:51:30.309134","level":"info","event":"\u001b[0m13:51:30","logger":"airflow.task.hooks.airflow.providers.standard.hooks.subprocess.SubprocessHook"}
{"timestamp":"2025-08-07T13:51:30.309582","level":"info","event":"\u001b[0m13:51:30  \u001b[31mFailure in model stg_weather_report (models/staging/stg_weather_report.sql)\u001b[0m","logger":"airflow.task.hooks.airflow.providers.standard.hooks.subprocess.SubprocessHook"}
{"timestamp":"2025-08-07T13:51:30.310142","level":"info","event":"\u001b[0m13:51:30    Database Error in model stg_weather_report (models/staging/stg_weather_report.sql)","logger":"airflow.task.hooks.airflow.providers.standard.hooks.subprocess.SubprocessHook"}
{"timestamp":"2025-08-07T13:51:30.310274","level":"info","event":"  relation \"stg_weather_report__dbt_backup\" already exists","logger":"airflow.task.hooks.airflow.providers.standard.hooks.subprocess.SubprocessHook"}
{"timestamp":"2025-08-07T13:51:30.310343","level":"info","event":"  compiled code at target/run/canh_dbt_proj/models/staging/stg_weather_report.sql","logger":"airflow.task.hooks.airflow.providers.standard.hooks.subprocess.SubprocessHook"}
{"timestamp":"2025-08-07T13:51:30.310468","level":"info","event":"\u001b[0m13:51:30","logger":"airflow.task.hooks.airflow.providers.standard.hooks.subprocess.SubprocessHook"}
{"timestamp":"2025-08-07T13:51:30.310940","level":"info","event":"\u001b[0m13:51:30    compiled code at target/compiled/canh_dbt_proj/models/staging/stg_weather_report.sql","logger":"airflow.task.hooks.airflow.providers.standard.hooks.subprocess.SubprocessHook"}
{"timestamp":"2025-08-07T13:51:30.311335","level":"info","event":"\u001b[0m13:51:30","logger":"airflow.task.hooks.airflow.providers.standard.hooks.subprocess.SubprocessHook"}
{"timestamp":"2025-08-07T13:51:30.311762","level":"info","event":"\u001b[0m13:51:30  Done. PASS=0 WARN=0 ERROR=1 SKIP=2 NO-OP=0 TOTAL=3","logger":"airflow.task.hooks.airflow.providers.standard.hooks.subprocess.SubprocessHook"}
{"timestamp":"2025-08-07T13:51:31.903107","level":"info","event":"Command exited with return code 1","logger":"airflow.task.hooks.airflow.providers.standard.hooks.subprocess.SubprocessHook"}
{"timestamp":"2025-08-07T13:51:31.903721","level":"error","event":"Task failed with exception","logger":"task","error_detail":[{"exc_type":"AirflowException","exc_value":"Bash command failed. The command returned a non-zero exit code 1.","exc_notes":[],"syntax_error":null,"is_cause":false,"frames":[{"filename":"/home/cnguyen/.pyenv/versions/3.10.4/envs/demo_airflow/lib/python3.10/site-packages/airflow/sdk/execution_time/task_runner.py","lineno":877,"name":"run"},{"filename":"/home/cnguyen/.pyenv/versions/3.10.4/envs/demo_airflow/lib/python3.10/site-packages/airflow/sdk/execution_time/task_runner.py","lineno":1164,"name":"_execute_task"},{"filename":"/home/cnguyen/.pyenv/versions/3.10.4/envs/demo_airflow/lib/python3.10/site-packages/airflow/sdk/bases/operator.py","lineno":397,"name":"wrapper"},{"filename":"/home/cnguyen/.pyenv/versions/3.10.4/envs/demo_airflow/lib/python3.10/site-packages/airflow/providers/standard/operators/bash.py","lineno":232,"name":"execute"}],"is_group":false,"exceptions":[]}]}
{"timestamp":"2025-08-07T13:51:31.905469Z","level":"info","event":"Task instance in failure state","chan":"stdout","logger":"task"}
{"timestamp":"2025-08-07T13:51:31.905983Z","level":"info","event":"Task start","chan":"stdout","logger":"task"}
{"timestamp":"2025-08-07T13:51:31.906110Z","level":"info","event":"Task:<Task(BashOperator): model.canh_dbt_proj.weather_merge_ins>","chan":"stdout","logger":"task"}
{"timestamp":"2025-08-07T13:51:31.906173Z","level":"info","event":"Failure caused by Bash command failed. The command returned a non-zero exit code 1.","chan":"stdout","logger":"task"}
