{"timestamp":"2025-08-07T00:45:08.459799","level":"info","event":"Filling up the DagBag from /home/cnguyen/.pyenv/versions/3.10.4/envs/demo_airflow/lib/python3.10/site-packages/airflow/example_dags/standard/example_sensors.py","logger":"airflow.models.dagbag.DagBag"}
{"timestamp":"2025-08-07T02:22:59.652476","level":"info","event":"Filling up the DagBag from /home/cnguyen/.pyenv/versions/3.10.4/envs/demo_airflow/lib/python3.10/site-packages/airflow/example_dags/standard/example_sensors.py","logger":"airflow.models.dagbag.DagBag"}
{"timestamp":"2025-08-07T02:23:32.579609","level":"info","event":"Filling up the DagBag from /home/cnguyen/.pyenv/versions/3.10.4/envs/demo_airflow/lib/python3.10/site-packages/airflow/example_dags/standard/example_sensors.py","logger":"airflow.models.dagbag.DagBag"}
{"timestamp":"2025-08-07T02:24:06.641678","level":"info","event":"Filling up the DagBag from /home/cnguyen/.pyenv/versions/3.10.4/envs/demo_airflow/lib/python3.10/site-packages/airflow/example_dags/standard/example_sensors.py","logger":"airflow.models.dagbag.DagBag"}
{"timestamp":"2025-08-07T02:24:37.034475","level":"info","event":"Filling up the DagBag from /home/cnguyen/.pyenv/versions/3.10.4/envs/demo_airflow/lib/python3.10/site-packages/airflow/example_dags/standard/example_sensors.py","logger":"airflow.models.dagbag.DagBag"}
{"timestamp":"2025-08-07T02:25:08.058563","level":"info","event":"Filling up the DagBag from /home/cnguyen/.pyenv/versions/3.10.4/envs/demo_airflow/lib/python3.10/site-packages/airflow/example_dags/standard/example_sensors.py","logger":"airflow.models.dagbag.DagBag"}
{"timestamp":"2025-08-07T02:25:45.231202","level":"info","event":"Filling up the DagBag from /home/cnguyen/.pyenv/versions/3.10.4/envs/demo_airflow/lib/python3.10/site-packages/airflow/example_dags/standard/example_sensors.py","logger":"airflow.models.dagbag.DagBag"}
{"timestamp":"2025-08-07T02:26:15.574100","level":"info","event":"Filling up the DagBag from /home/cnguyen/.pyenv/versions/3.10.4/envs/demo_airflow/lib/python3.10/site-packages/airflow/example_dags/standard/example_sensors.py","logger":"airflow.models.dagbag.DagBag"}
{"timestamp":"2025-08-07T02:26:48.144127","level":"info","event":"Filling up the DagBag from /home/cnguyen/.pyenv/versions/3.10.4/envs/demo_airflow/lib/python3.10/site-packages/airflow/example_dags/standard/example_sensors.py","logger":"airflow.models.dagbag.DagBag"}
{"timestamp":"2025-08-07T02:27:59.401271","level":"info","event":"Filling up the DagBag from /home/cnguyen/.pyenv/versions/3.10.4/envs/demo_airflow/lib/python3.10/site-packages/airflow/example_dags/standard/example_sensors.py","logger":"airflow.models.dagbag.DagBag"}
{"timestamp":"2025-08-07T02:28:41.532685","level":"info","event":"Filling up the DagBag from /home/cnguyen/.pyenv/versions/3.10.4/envs/demo_airflow/lib/python3.10/site-packages/airflow/example_dags/standard/example_sensors.py","logger":"airflow.models.dagbag.DagBag"}
{"timestamp":"2025-08-07T02:29:29.071148","level":"info","event":"Filling up the DagBag from /home/cnguyen/.pyenv/versions/3.10.4/envs/demo_airflow/lib/python3.10/site-packages/airflow/example_dags/standard/example_sensors.py","logger":"airflow.models.dagbag.DagBag"}
{"timestamp":"2025-08-07T02:29:59.574263","level":"info","event":"Filling up the DagBag from /home/cnguyen/.pyenv/versions/3.10.4/envs/demo_airflow/lib/python3.10/site-packages/airflow/example_dags/standard/example_sensors.py","logger":"airflow.models.dagbag.DagBag"}
{"timestamp":"2025-08-07T02:30:32.241829","level":"info","event":"Filling up the DagBag from /home/cnguyen/.pyenv/versions/3.10.4/envs/demo_airflow/lib/python3.10/site-packages/airflow/example_dags/standard/example_sensors.py","logger":"airflow.models.dagbag.DagBag"}
{"timestamp":"2025-08-07T02:31:04.365057","level":"info","event":"Filling up the DagBag from /home/cnguyen/.pyenv/versions/3.10.4/envs/demo_airflow/lib/python3.10/site-packages/airflow/example_dags/standard/example_sensors.py","logger":"airflow.models.dagbag.DagBag"}
{"timestamp":"2025-08-07T02:31:34.678635","level":"info","event":"Filling up the DagBag from /home/cnguyen/.pyenv/versions/3.10.4/envs/demo_airflow/lib/python3.10/site-packages/airflow/example_dags/standard/example_sensors.py","logger":"airflow.models.dagbag.DagBag"}
{"timestamp":"2025-08-07T02:32:04.891187","level":"info","event":"Filling up the DagBag from /home/cnguyen/.pyenv/versions/3.10.4/envs/demo_airflow/lib/python3.10/site-packages/airflow/example_dags/standard/example_sensors.py","logger":"airflow.models.dagbag.DagBag"}
{"timestamp":"2025-08-07T02:32:39.203918","level":"info","event":"Filling up the DagBag from /home/cnguyen/.pyenv/versions/3.10.4/envs/demo_airflow/lib/python3.10/site-packages/airflow/example_dags/standard/example_sensors.py","logger":"airflow.models.dagbag.DagBag"}
{"timestamp":"2025-08-07T02:33:10.101849","level":"info","event":"Filling up the DagBag from /home/cnguyen/.pyenv/versions/3.10.4/envs/demo_airflow/lib/python3.10/site-packages/airflow/example_dags/standard/example_sensors.py","logger":"airflow.models.dagbag.DagBag"}
{"timestamp":"2025-08-07T02:33:40.579100","level":"info","event":"Filling up the DagBag from /home/cnguyen/.pyenv/versions/3.10.4/envs/demo_airflow/lib/python3.10/site-packages/airflow/example_dags/standard/example_sensors.py","logger":"airflow.models.dagbag.DagBag"}
{"timestamp":"2025-08-07T02:34:33.745721","level":"info","event":"Filling up the DagBag from /home/cnguyen/.pyenv/versions/3.10.4/envs/demo_airflow/lib/python3.10/site-packages/airflow/example_dags/standard/example_sensors.py","logger":"airflow.models.dagbag.DagBag"}
{"timestamp":"2025-08-07T02:35:06.213389","level":"info","event":"Filling up the DagBag from /home/cnguyen/.pyenv/versions/3.10.4/envs/demo_airflow/lib/python3.10/site-packages/airflow/example_dags/standard/example_sensors.py","logger":"airflow.models.dagbag.DagBag"}
{"timestamp":"2025-08-07T02:35:41.171538","level":"info","event":"Filling up the DagBag from /home/cnguyen/.pyenv/versions/3.10.4/envs/demo_airflow/lib/python3.10/site-packages/airflow/example_dags/standard/example_sensors.py","logger":"airflow.models.dagbag.DagBag"}
{"timestamp":"2025-08-07T02:36:11.378054","level":"info","event":"Filling up the DagBag from /home/cnguyen/.pyenv/versions/3.10.4/envs/demo_airflow/lib/python3.10/site-packages/airflow/example_dags/standard/example_sensors.py","logger":"airflow.models.dagbag.DagBag"}
{"timestamp":"2025-08-07T02:36:41.791763","level":"info","event":"Filling up the DagBag from /home/cnguyen/.pyenv/versions/3.10.4/envs/demo_airflow/lib/python3.10/site-packages/airflow/example_dags/standard/example_sensors.py","logger":"airflow.models.dagbag.DagBag"}
{"timestamp":"2025-08-07T02:38:47.313931","level":"info","event":"Filling up the DagBag from /home/cnguyen/.pyenv/versions/3.10.4/envs/demo_airflow/lib/python3.10/site-packages/airflow/example_dags/standard/example_sensors.py","logger":"airflow.models.dagbag.DagBag"}
{"timestamp":"2025-08-07T02:39:43.892062","level":"info","event":"Filling up the DagBag from /home/cnguyen/.pyenv/versions/3.10.4/envs/demo_airflow/lib/python3.10/site-packages/airflow/example_dags/standard/example_sensors.py","logger":"airflow.models.dagbag.DagBag"}
{"timestamp":"2025-08-07T02:40:14.143617","level":"info","event":"Filling up the DagBag from /home/cnguyen/.pyenv/versions/3.10.4/envs/demo_airflow/lib/python3.10/site-packages/airflow/example_dags/standard/example_sensors.py","logger":"airflow.models.dagbag.DagBag"}
{"timestamp":"2025-08-07T02:40:47.779471","level":"info","event":"Filling up the DagBag from /home/cnguyen/.pyenv/versions/3.10.4/envs/demo_airflow/lib/python3.10/site-packages/airflow/example_dags/standard/example_sensors.py","logger":"airflow.models.dagbag.DagBag"}
{"timestamp":"2025-08-07T02:41:30.753866","level":"info","event":"Filling up the DagBag from /home/cnguyen/.pyenv/versions/3.10.4/envs/demo_airflow/lib/python3.10/site-packages/airflow/example_dags/standard/example_sensors.py","logger":"airflow.models.dagbag.DagBag"}
{"timestamp":"2025-08-07T02:42:09.220774","level":"info","event":"Filling up the DagBag from /home/cnguyen/.pyenv/versions/3.10.4/envs/demo_airflow/lib/python3.10/site-packages/airflow/example_dags/standard/example_sensors.py","logger":"airflow.models.dagbag.DagBag"}
{"timestamp":"2025-08-07T02:42:52.473553","level":"info","event":"Filling up the DagBag from /home/cnguyen/.pyenv/versions/3.10.4/envs/demo_airflow/lib/python3.10/site-packages/airflow/example_dags/standard/example_sensors.py","logger":"airflow.models.dagbag.DagBag"}
{"timestamp":"2025-08-07T02:43:22.654343","level":"info","event":"Filling up the DagBag from /home/cnguyen/.pyenv/versions/3.10.4/envs/demo_airflow/lib/python3.10/site-packages/airflow/example_dags/standard/example_sensors.py","logger":"airflow.models.dagbag.DagBag"}
{"timestamp":"2025-08-07T02:43:53.768033","level":"info","event":"Filling up the DagBag from /home/cnguyen/.pyenv/versions/3.10.4/envs/demo_airflow/lib/python3.10/site-packages/airflow/example_dags/standard/example_sensors.py","logger":"airflow.models.dagbag.DagBag"}
{"timestamp":"2025-08-07T02:44:25.035561","level":"info","event":"Filling up the DagBag from /home/cnguyen/.pyenv/versions/3.10.4/envs/demo_airflow/lib/python3.10/site-packages/airflow/example_dags/standard/example_sensors.py","logger":"airflow.models.dagbag.DagBag"}
{"timestamp":"2025-08-07T02:45:02.579918","level":"info","event":"Filling up the DagBag from /home/cnguyen/.pyenv/versions/3.10.4/envs/demo_airflow/lib/python3.10/site-packages/airflow/example_dags/standard/example_sensors.py","logger":"airflow.models.dagbag.DagBag"}
{"timestamp":"2025-08-07T02:45:33.983524","level":"info","event":"Filling up the DagBag from /home/cnguyen/.pyenv/versions/3.10.4/envs/demo_airflow/lib/python3.10/site-packages/airflow/example_dags/standard/example_sensors.py","logger":"airflow.models.dagbag.DagBag"}
{"timestamp":"2025-08-07T02:46:04.874814","level":"info","event":"Filling up the DagBag from /home/cnguyen/.pyenv/versions/3.10.4/envs/demo_airflow/lib/python3.10/site-packages/airflow/example_dags/standard/example_sensors.py","logger":"airflow.models.dagbag.DagBag"}
{"timestamp":"2025-08-07T02:46:35.944985","level":"info","event":"Filling up the DagBag from /home/cnguyen/.pyenv/versions/3.10.4/envs/demo_airflow/lib/python3.10/site-packages/airflow/example_dags/standard/example_sensors.py","logger":"airflow.models.dagbag.DagBag"}
{"timestamp":"2025-08-07T02:47:06.445781","level":"info","event":"Filling up the DagBag from /home/cnguyen/.pyenv/versions/3.10.4/envs/demo_airflow/lib/python3.10/site-packages/airflow/example_dags/standard/example_sensors.py","logger":"airflow.models.dagbag.DagBag"}
{"timestamp":"2025-08-07T02:47:50.294252","level":"info","event":"Filling up the DagBag from /home/cnguyen/.pyenv/versions/3.10.4/envs/demo_airflow/lib/python3.10/site-packages/airflow/example_dags/standard/example_sensors.py","logger":"airflow.models.dagbag.DagBag"}
{"timestamp":"2025-08-07T02:48:21.523880","level":"info","event":"Filling up the DagBag from /home/cnguyen/.pyenv/versions/3.10.4/envs/demo_airflow/lib/python3.10/site-packages/airflow/example_dags/standard/example_sensors.py","logger":"airflow.models.dagbag.DagBag"}
{"timestamp":"2025-08-07T02:49:05.575116","level":"info","event":"Filling up the DagBag from /home/cnguyen/.pyenv/versions/3.10.4/envs/demo_airflow/lib/python3.10/site-packages/airflow/example_dags/standard/example_sensors.py","logger":"airflow.models.dagbag.DagBag"}
{"timestamp":"2025-08-07T02:49:38.385333","level":"info","event":"Filling up the DagBag from /home/cnguyen/.pyenv/versions/3.10.4/envs/demo_airflow/lib/python3.10/site-packages/airflow/example_dags/standard/example_sensors.py","logger":"airflow.models.dagbag.DagBag"}
{"timestamp":"2025-08-07T02:50:08.917956","level":"info","event":"Filling up the DagBag from /home/cnguyen/.pyenv/versions/3.10.4/envs/demo_airflow/lib/python3.10/site-packages/airflow/example_dags/standard/example_sensors.py","logger":"airflow.models.dagbag.DagBag"}
{"timestamp":"2025-08-07T02:50:39.433963","level":"info","event":"Filling up the DagBag from /home/cnguyen/.pyenv/versions/3.10.4/envs/demo_airflow/lib/python3.10/site-packages/airflow/example_dags/standard/example_sensors.py","logger":"airflow.models.dagbag.DagBag"}
{"timestamp":"2025-08-07T02:51:11.562952","level":"info","event":"Filling up the DagBag from /home/cnguyen/.pyenv/versions/3.10.4/envs/demo_airflow/lib/python3.10/site-packages/airflow/example_dags/standard/example_sensors.py","logger":"airflow.models.dagbag.DagBag"}
{"timestamp":"2025-08-07T02:51:47.051253","level":"info","event":"Filling up the DagBag from /home/cnguyen/.pyenv/versions/3.10.4/envs/demo_airflow/lib/python3.10/site-packages/airflow/example_dags/standard/example_sensors.py","logger":"airflow.models.dagbag.DagBag"}
{"timestamp":"2025-08-07T02:53:33.412269","level":"info","event":"Filling up the DagBag from /home/cnguyen/.pyenv/versions/3.10.4/envs/demo_airflow/lib/python3.10/site-packages/airflow/example_dags/standard/example_sensors.py","logger":"airflow.models.dagbag.DagBag"}
{"timestamp":"2025-08-07T02:54:04.096863","level":"info","event":"Filling up the DagBag from /home/cnguyen/.pyenv/versions/3.10.4/envs/demo_airflow/lib/python3.10/site-packages/airflow/example_dags/standard/example_sensors.py","logger":"airflow.models.dagbag.DagBag"}
{"timestamp":"2025-08-07T02:54:34.433066","level":"info","event":"Filling up the DagBag from /home/cnguyen/.pyenv/versions/3.10.4/envs/demo_airflow/lib/python3.10/site-packages/airflow/example_dags/standard/example_sensors.py","logger":"airflow.models.dagbag.DagBag"}
{"timestamp":"2025-08-07T02:55:16.241375","level":"info","event":"Filling up the DagBag from /home/cnguyen/.pyenv/versions/3.10.4/envs/demo_airflow/lib/python3.10/site-packages/airflow/example_dags/standard/example_sensors.py","logger":"airflow.models.dagbag.DagBag"}
{"timestamp":"2025-08-07T02:55:48.167067","level":"info","event":"Filling up the DagBag from /home/cnguyen/.pyenv/versions/3.10.4/envs/demo_airflow/lib/python3.10/site-packages/airflow/example_dags/standard/example_sensors.py","logger":"airflow.models.dagbag.DagBag"}
{"timestamp":"2025-08-07T02:56:39.304197","level":"info","event":"Filling up the DagBag from /home/cnguyen/.pyenv/versions/3.10.4/envs/demo_airflow/lib/python3.10/site-packages/airflow/example_dags/standard/example_sensors.py","logger":"airflow.models.dagbag.DagBag"}
{"timestamp":"2025-08-07T02:57:12.892449","level":"info","event":"Filling up the DagBag from /home/cnguyen/.pyenv/versions/3.10.4/envs/demo_airflow/lib/python3.10/site-packages/airflow/example_dags/standard/example_sensors.py","logger":"airflow.models.dagbag.DagBag"}
{"timestamp":"2025-08-07T02:58:05.628350","level":"info","event":"Filling up the DagBag from /home/cnguyen/.pyenv/versions/3.10.4/envs/demo_airflow/lib/python3.10/site-packages/airflow/example_dags/standard/example_sensors.py","logger":"airflow.models.dagbag.DagBag"}
{"timestamp":"2025-08-07T02:58:46.808823","level":"info","event":"Filling up the DagBag from /home/cnguyen/.pyenv/versions/3.10.4/envs/demo_airflow/lib/python3.10/site-packages/airflow/example_dags/standard/example_sensors.py","logger":"airflow.models.dagbag.DagBag"}
{"timestamp":"2025-08-07T02:59:17.036514","level":"info","event":"Filling up the DagBag from /home/cnguyen/.pyenv/versions/3.10.4/envs/demo_airflow/lib/python3.10/site-packages/airflow/example_dags/standard/example_sensors.py","logger":"airflow.models.dagbag.DagBag"}
{"timestamp":"2025-08-07T02:59:53.690478","level":"info","event":"Filling up the DagBag from /home/cnguyen/.pyenv/versions/3.10.4/envs/demo_airflow/lib/python3.10/site-packages/airflow/example_dags/standard/example_sensors.py","logger":"airflow.models.dagbag.DagBag"}
{"timestamp":"2025-08-07T03:00:29.619906","level":"info","event":"Filling up the DagBag from /home/cnguyen/.pyenv/versions/3.10.4/envs/demo_airflow/lib/python3.10/site-packages/airflow/example_dags/standard/example_sensors.py","logger":"airflow.models.dagbag.DagBag"}
{"timestamp":"2025-08-07T03:01:48.340908","level":"info","event":"Filling up the DagBag from /home/cnguyen/.pyenv/versions/3.10.4/envs/demo_airflow/lib/python3.10/site-packages/airflow/example_dags/standard/example_sensors.py","logger":"airflow.models.dagbag.DagBag"}
{"timestamp":"2025-08-07T03:02:48.764228","level":"info","event":"Filling up the DagBag from /home/cnguyen/.pyenv/versions/3.10.4/envs/demo_airflow/lib/python3.10/site-packages/airflow/example_dags/standard/example_sensors.py","logger":"airflow.models.dagbag.DagBag"}
{"timestamp":"2025-08-07T03:03:19.672820","level":"info","event":"Filling up the DagBag from /home/cnguyen/.pyenv/versions/3.10.4/envs/demo_airflow/lib/python3.10/site-packages/airflow/example_dags/standard/example_sensors.py","logger":"airflow.models.dagbag.DagBag"}
{"timestamp":"2025-08-07T03:03:54.853478","level":"info","event":"Filling up the DagBag from /home/cnguyen/.pyenv/versions/3.10.4/envs/demo_airflow/lib/python3.10/site-packages/airflow/example_dags/standard/example_sensors.py","logger":"airflow.models.dagbag.DagBag"}
{"timestamp":"2025-08-07T03:04:33.382901","level":"info","event":"Filling up the DagBag from /home/cnguyen/.pyenv/versions/3.10.4/envs/demo_airflow/lib/python3.10/site-packages/airflow/example_dags/standard/example_sensors.py","logger":"airflow.models.dagbag.DagBag"}
{"timestamp":"2025-08-07T03:05:06.690967","level":"info","event":"Filling up the DagBag from /home/cnguyen/.pyenv/versions/3.10.4/envs/demo_airflow/lib/python3.10/site-packages/airflow/example_dags/standard/example_sensors.py","logger":"airflow.models.dagbag.DagBag"}
{"timestamp":"2025-08-07T03:05:38.331113","level":"info","event":"Filling up the DagBag from /home/cnguyen/.pyenv/versions/3.10.4/envs/demo_airflow/lib/python3.10/site-packages/airflow/example_dags/standard/example_sensors.py","logger":"airflow.models.dagbag.DagBag"}
{"timestamp":"2025-08-07T03:06:12.751098","level":"info","event":"Filling up the DagBag from /home/cnguyen/.pyenv/versions/3.10.4/envs/demo_airflow/lib/python3.10/site-packages/airflow/example_dags/standard/example_sensors.py","logger":"airflow.models.dagbag.DagBag"}
{"timestamp":"2025-08-07T03:08:20.045596","level":"info","event":"Filling up the DagBag from /home/cnguyen/.pyenv/versions/3.10.4/envs/demo_airflow/lib/python3.10/site-packages/airflow/example_dags/standard/example_sensors.py","logger":"airflow.models.dagbag.DagBag"}
{"timestamp":"2025-08-07T03:10:57.323614","level":"info","event":"Filling up the DagBag from /home/cnguyen/.pyenv/versions/3.10.4/envs/demo_airflow/lib/python3.10/site-packages/airflow/example_dags/standard/example_sensors.py","logger":"airflow.models.dagbag.DagBag"}
{"timestamp":"2025-08-07T03:12:18.150486","level":"info","event":"Filling up the DagBag from /home/cnguyen/.pyenv/versions/3.10.4/envs/demo_airflow/lib/python3.10/site-packages/airflow/example_dags/standard/example_sensors.py","logger":"airflow.models.dagbag.DagBag"}
{"timestamp":"2025-08-07T03:13:02.644581","level":"info","event":"Filling up the DagBag from /home/cnguyen/.pyenv/versions/3.10.4/envs/demo_airflow/lib/python3.10/site-packages/airflow/example_dags/standard/example_sensors.py","logger":"airflow.models.dagbag.DagBag"}
{"timestamp":"2025-08-07T03:16:11.207053","level":"info","event":"Filling up the DagBag from /home/cnguyen/.pyenv/versions/3.10.4/envs/demo_airflow/lib/python3.10/site-packages/airflow/example_dags/standard/example_sensors.py","logger":"airflow.models.dagbag.DagBag"}
{"timestamp":"2025-08-07T03:19:42.794567","level":"info","event":"Filling up the DagBag from /home/cnguyen/.pyenv/versions/3.10.4/envs/demo_airflow/lib/python3.10/site-packages/airflow/example_dags/standard/example_sensors.py","logger":"airflow.models.dagbag.DagBag"}
{"timestamp":"2025-08-07T03:21:50.336247","level":"info","event":"Filling up the DagBag from /home/cnguyen/.pyenv/versions/3.10.4/envs/demo_airflow/lib/python3.10/site-packages/airflow/example_dags/standard/example_sensors.py","logger":"airflow.models.dagbag.DagBag"}
{"timestamp":"2025-08-07T03:24:10.211426","level":"info","event":"Filling up the DagBag from /home/cnguyen/.pyenv/versions/3.10.4/envs/demo_airflow/lib/python3.10/site-packages/airflow/example_dags/standard/example_sensors.py","logger":"airflow.models.dagbag.DagBag"}
{"timestamp":"2025-08-07T03:27:42.471919","level":"info","event":"Filling up the DagBag from /home/cnguyen/.pyenv/versions/3.10.4/envs/demo_airflow/lib/python3.10/site-packages/airflow/example_dags/standard/example_sensors.py","logger":"airflow.models.dagbag.DagBag"}
{"timestamp":"2025-08-07T03:28:42.450160","level":"info","event":"Filling up the DagBag from /home/cnguyen/.pyenv/versions/3.10.4/envs/demo_airflow/lib/python3.10/site-packages/airflow/example_dags/standard/example_sensors.py","logger":"airflow.models.dagbag.DagBag"}
{"timestamp":"2025-08-07T03:30:38.972326","level":"info","event":"Filling up the DagBag from /home/cnguyen/.pyenv/versions/3.10.4/envs/demo_airflow/lib/python3.10/site-packages/airflow/example_dags/standard/example_sensors.py","logger":"airflow.models.dagbag.DagBag"}
{"timestamp":"2025-08-07T03:32:42.392297","level":"info","event":"Filling up the DagBag from /home/cnguyen/.pyenv/versions/3.10.4/envs/demo_airflow/lib/python3.10/site-packages/airflow/example_dags/standard/example_sensors.py","logger":"airflow.models.dagbag.DagBag"}
{"timestamp":"2025-08-07T03:33:24.822513","level":"info","event":"Filling up the DagBag from /home/cnguyen/.pyenv/versions/3.10.4/envs/demo_airflow/lib/python3.10/site-packages/airflow/example_dags/standard/example_sensors.py","logger":"airflow.models.dagbag.DagBag"}
{"timestamp":"2025-08-07T03:34:31.666746","level":"info","event":"Filling up the DagBag from /home/cnguyen/.pyenv/versions/3.10.4/envs/demo_airflow/lib/python3.10/site-packages/airflow/example_dags/standard/example_sensors.py","logger":"airflow.models.dagbag.DagBag"}
{"timestamp":"2025-08-07T03:35:58.929616","level":"info","event":"Filling up the DagBag from /home/cnguyen/.pyenv/versions/3.10.4/envs/demo_airflow/lib/python3.10/site-packages/airflow/example_dags/standard/example_sensors.py","logger":"airflow.models.dagbag.DagBag"}
{"timestamp":"2025-08-07T03:36:32.453880","level":"info","event":"Filling up the DagBag from /home/cnguyen/.pyenv/versions/3.10.4/envs/demo_airflow/lib/python3.10/site-packages/airflow/example_dags/standard/example_sensors.py","logger":"airflow.models.dagbag.DagBag"}
{"timestamp":"2025-08-07T03:43:02.513038","level":"info","event":"Filling up the DagBag from /home/cnguyen/.pyenv/versions/3.10.4/envs/demo_airflow/lib/python3.10/site-packages/airflow/example_dags/standard/example_sensors.py","logger":"airflow.models.dagbag.DagBag"}
{"timestamp":"2025-08-07T03:43:37.478043","level":"info","event":"Filling up the DagBag from /home/cnguyen/.pyenv/versions/3.10.4/envs/demo_airflow/lib/python3.10/site-packages/airflow/example_dags/standard/example_sensors.py","logger":"airflow.models.dagbag.DagBag"}
{"timestamp":"2025-08-07T03:44:14.849883","level":"info","event":"Filling up the DagBag from /home/cnguyen/.pyenv/versions/3.10.4/envs/demo_airflow/lib/python3.10/site-packages/airflow/example_dags/standard/example_sensors.py","logger":"airflow.models.dagbag.DagBag"}
{"timestamp":"2025-08-07T03:44:47.855794","level":"info","event":"Filling up the DagBag from /home/cnguyen/.pyenv/versions/3.10.4/envs/demo_airflow/lib/python3.10/site-packages/airflow/example_dags/standard/example_sensors.py","logger":"airflow.models.dagbag.DagBag"}
{"timestamp":"2025-08-07T03:45:38.044424","level":"info","event":"Filling up the DagBag from /home/cnguyen/.pyenv/versions/3.10.4/envs/demo_airflow/lib/python3.10/site-packages/airflow/example_dags/standard/example_sensors.py","logger":"airflow.models.dagbag.DagBag"}
{"timestamp":"2025-08-07T03:46:30.527884","level":"info","event":"Filling up the DagBag from /home/cnguyen/.pyenv/versions/3.10.4/envs/demo_airflow/lib/python3.10/site-packages/airflow/example_dags/standard/example_sensors.py","logger":"airflow.models.dagbag.DagBag"}
{"timestamp":"2025-08-07T03:47:06.600194","level":"info","event":"Filling up the DagBag from /home/cnguyen/.pyenv/versions/3.10.4/envs/demo_airflow/lib/python3.10/site-packages/airflow/example_dags/standard/example_sensors.py","logger":"airflow.models.dagbag.DagBag"}
{"timestamp":"2025-08-07T03:47:38.619352","level":"info","event":"Filling up the DagBag from /home/cnguyen/.pyenv/versions/3.10.4/envs/demo_airflow/lib/python3.10/site-packages/airflow/example_dags/standard/example_sensors.py","logger":"airflow.models.dagbag.DagBag"}
{"timestamp":"2025-08-07T03:48:11.015803","level":"info","event":"Filling up the DagBag from /home/cnguyen/.pyenv/versions/3.10.4/envs/demo_airflow/lib/python3.10/site-packages/airflow/example_dags/standard/example_sensors.py","logger":"airflow.models.dagbag.DagBag"}
{"timestamp":"2025-08-07T03:48:41.460818","level":"info","event":"Filling up the DagBag from /home/cnguyen/.pyenv/versions/3.10.4/envs/demo_airflow/lib/python3.10/site-packages/airflow/example_dags/standard/example_sensors.py","logger":"airflow.models.dagbag.DagBag"}
{"timestamp":"2025-08-07T03:49:12.630870","level":"info","event":"Filling up the DagBag from /home/cnguyen/.pyenv/versions/3.10.4/envs/demo_airflow/lib/python3.10/site-packages/airflow/example_dags/standard/example_sensors.py","logger":"airflow.models.dagbag.DagBag"}
{"timestamp":"2025-08-07T03:49:49.091335","level":"info","event":"Filling up the DagBag from /home/cnguyen/.pyenv/versions/3.10.4/envs/demo_airflow/lib/python3.10/site-packages/airflow/example_dags/standard/example_sensors.py","logger":"airflow.models.dagbag.DagBag"}
{"timestamp":"2025-08-07T03:50:38.236076","level":"info","event":"Filling up the DagBag from /home/cnguyen/.pyenv/versions/3.10.4/envs/demo_airflow/lib/python3.10/site-packages/airflow/example_dags/standard/example_sensors.py","logger":"airflow.models.dagbag.DagBag"}
{"timestamp":"2025-08-07T03:51:10.654087","level":"info","event":"Filling up the DagBag from /home/cnguyen/.pyenv/versions/3.10.4/envs/demo_airflow/lib/python3.10/site-packages/airflow/example_dags/standard/example_sensors.py","logger":"airflow.models.dagbag.DagBag"}
{"timestamp":"2025-08-07T03:52:16.709735","level":"info","event":"Filling up the DagBag from /home/cnguyen/.pyenv/versions/3.10.4/envs/demo_airflow/lib/python3.10/site-packages/airflow/example_dags/standard/example_sensors.py","logger":"airflow.models.dagbag.DagBag"}
{"timestamp":"2025-08-07T03:52:52.182314","level":"info","event":"Filling up the DagBag from /home/cnguyen/.pyenv/versions/3.10.4/envs/demo_airflow/lib/python3.10/site-packages/airflow/example_dags/standard/example_sensors.py","logger":"airflow.models.dagbag.DagBag"}
{"timestamp":"2025-08-07T03:54:05.555800","level":"info","event":"Filling up the DagBag from /home/cnguyen/.pyenv/versions/3.10.4/envs/demo_airflow/lib/python3.10/site-packages/airflow/example_dags/standard/example_sensors.py","logger":"airflow.models.dagbag.DagBag"}
{"timestamp":"2025-08-07T03:55:55.762365","level":"info","event":"Filling up the DagBag from /home/cnguyen/.pyenv/versions/3.10.4/envs/demo_airflow/lib/python3.10/site-packages/airflow/example_dags/standard/example_sensors.py","logger":"airflow.models.dagbag.DagBag"}
{"timestamp":"2025-08-07T03:56:30.875136","level":"info","event":"Filling up the DagBag from /home/cnguyen/.pyenv/versions/3.10.4/envs/demo_airflow/lib/python3.10/site-packages/airflow/example_dags/standard/example_sensors.py","logger":"airflow.models.dagbag.DagBag"}
{"timestamp":"2025-08-07T03:57:01.591672","level":"info","event":"Filling up the DagBag from /home/cnguyen/.pyenv/versions/3.10.4/envs/demo_airflow/lib/python3.10/site-packages/airflow/example_dags/standard/example_sensors.py","logger":"airflow.models.dagbag.DagBag"}
{"timestamp":"2025-08-07T03:57:34.978439","level":"info","event":"Filling up the DagBag from /home/cnguyen/.pyenv/versions/3.10.4/envs/demo_airflow/lib/python3.10/site-packages/airflow/example_dags/standard/example_sensors.py","logger":"airflow.models.dagbag.DagBag"}
{"timestamp":"2025-08-07T03:58:48.962507","level":"info","event":"Filling up the DagBag from /home/cnguyen/.pyenv/versions/3.10.4/envs/demo_airflow/lib/python3.10/site-packages/airflow/example_dags/standard/example_sensors.py","logger":"airflow.models.dagbag.DagBag"}
{"timestamp":"2025-08-07T04:03:15.964752","level":"info","event":"Filling up the DagBag from /home/cnguyen/.pyenv/versions/3.10.4/envs/demo_airflow/lib/python3.10/site-packages/airflow/example_dags/standard/example_sensors.py","logger":"airflow.models.dagbag.DagBag"}
{"timestamp":"2025-08-07T04:03:48.024024","level":"info","event":"Filling up the DagBag from /home/cnguyen/.pyenv/versions/3.10.4/envs/demo_airflow/lib/python3.10/site-packages/airflow/example_dags/standard/example_sensors.py","logger":"airflow.models.dagbag.DagBag"}
{"timestamp":"2025-08-07T04:04:25.551511","level":"info","event":"Filling up the DagBag from /home/cnguyen/.pyenv/versions/3.10.4/envs/demo_airflow/lib/python3.10/site-packages/airflow/example_dags/standard/example_sensors.py","logger":"airflow.models.dagbag.DagBag"}
{"timestamp":"2025-08-07T04:05:59.235307","level":"info","event":"Filling up the DagBag from /home/cnguyen/.pyenv/versions/3.10.4/envs/demo_airflow/lib/python3.10/site-packages/airflow/example_dags/standard/example_sensors.py","logger":"airflow.models.dagbag.DagBag"}
{"timestamp":"2025-08-07T04:12:59.036327","level":"info","event":"Filling up the DagBag from /home/cnguyen/.pyenv/versions/3.10.4/envs/demo_airflow/lib/python3.10/site-packages/airflow/example_dags/standard/example_sensors.py","logger":"airflow.models.dagbag.DagBag"}
{"timestamp":"2025-08-07T04:33:26.387925","level":"info","event":"Filling up the DagBag from /home/cnguyen/.pyenv/versions/3.10.4/envs/demo_airflow/lib/python3.10/site-packages/airflow/example_dags/standard/example_sensors.py","logger":"airflow.models.dagbag.DagBag"}
{"timestamp":"2025-08-07T04:38:22.888793","level":"info","event":"Filling up the DagBag from /home/cnguyen/.pyenv/versions/3.10.4/envs/demo_airflow/lib/python3.10/site-packages/airflow/example_dags/standard/example_sensors.py","logger":"airflow.models.dagbag.DagBag"}
{"timestamp":"2025-08-07T05:01:46.685693","level":"info","event":"Filling up the DagBag from /home/cnguyen/.pyenv/versions/3.10.4/envs/demo_airflow/lib/python3.10/site-packages/airflow/example_dags/standard/example_sensors.py","logger":"airflow.models.dagbag.DagBag"}
{"timestamp":"2025-08-07T05:04:09.217053","level":"info","event":"Filling up the DagBag from /home/cnguyen/.pyenv/versions/3.10.4/envs/demo_airflow/lib/python3.10/site-packages/airflow/example_dags/standard/example_sensors.py","logger":"airflow.models.dagbag.DagBag"}
{"timestamp":"2025-08-07T05:05:17.536938","level":"info","event":"Filling up the DagBag from /home/cnguyen/.pyenv/versions/3.10.4/envs/demo_airflow/lib/python3.10/site-packages/airflow/example_dags/standard/example_sensors.py","logger":"airflow.models.dagbag.DagBag"}
{"timestamp":"2025-08-07T05:07:48.544602","level":"info","event":"Filling up the DagBag from /home/cnguyen/.pyenv/versions/3.10.4/envs/demo_airflow/lib/python3.10/site-packages/airflow/example_dags/standard/example_sensors.py","logger":"airflow.models.dagbag.DagBag"}
{"timestamp":"2025-08-07T05:08:37.793067","level":"info","event":"Filling up the DagBag from /home/cnguyen/.pyenv/versions/3.10.4/envs/demo_airflow/lib/python3.10/site-packages/airflow/example_dags/standard/example_sensors.py","logger":"airflow.models.dagbag.DagBag"}
{"timestamp":"2025-08-07T05:09:14.964582","level":"info","event":"Filling up the DagBag from /home/cnguyen/.pyenv/versions/3.10.4/envs/demo_airflow/lib/python3.10/site-packages/airflow/example_dags/standard/example_sensors.py","logger":"airflow.models.dagbag.DagBag"}
{"timestamp":"2025-08-07T05:09:47.663575","level":"info","event":"Filling up the DagBag from /home/cnguyen/.pyenv/versions/3.10.4/envs/demo_airflow/lib/python3.10/site-packages/airflow/example_dags/standard/example_sensors.py","logger":"airflow.models.dagbag.DagBag"}
{"timestamp":"2025-08-07T05:10:21.493484","level":"info","event":"Filling up the DagBag from /home/cnguyen/.pyenv/versions/3.10.4/envs/demo_airflow/lib/python3.10/site-packages/airflow/example_dags/standard/example_sensors.py","logger":"airflow.models.dagbag.DagBag"}
{"timestamp":"2025-08-07T05:28:31.292354","level":"info","event":"Filling up the DagBag from /home/cnguyen/.pyenv/versions/3.10.4/envs/demo_airflow/lib/python3.10/site-packages/airflow/example_dags/standard/example_sensors.py","logger":"airflow.models.dagbag.DagBag"}
{"timestamp":"2025-08-07T05:29:04.022139","level":"error","event":"Process timed out, PID: 20806","logger":"airflow.utils.timeout.TimeoutPosix"}
{"timestamp":"2025-08-07T05:29:04.022533","level":"error","event":"Failed to import: /home/cnguyen/.pyenv/versions/3.10.4/envs/demo_airflow/lib/python3.10/site-packages/airflow/example_dags/standard/example_sensors.py","logger":"airflow.models.dagbag.DagBag","error_detail":[{"exc_type":"AirflowTaskTimeout","exc_value":"DagBag import timeout for /home/cnguyen/.pyenv/versions/3.10.4/envs/demo_airflow/lib/python3.10/site-packages/airflow/example_dags/standard/example_sensors.py after 30.0s.\nPlease take a look at these docs to improve your DAG import time:\n* https://airflow.apache.org/docs/apache-airflow/3.0.3/best-practices.html#top-level-python-code\n* https://airflow.apache.org/docs/apache-airflow/3.0.3/best-practices.html#reducing-dag-complexity, PID: 20806","exc_notes":[],"syntax_error":null,"is_cause":false,"frames":[{"filename":"/home/cnguyen/.pyenv/versions/3.10.4/envs/demo_airflow/lib/python3.10/site-packages/airflow/models/dagbag.py","lineno":394,"name":"parse"},{"filename":"<frozen importlib._bootstrap_external>","lineno":883,"name":"exec_module"},{"filename":"<frozen importlib._bootstrap>","lineno":241,"name":"_call_with_frames_removed"},{"filename":"/home/cnguyen/.pyenv/versions/3.10.4/envs/demo_airflow/lib/python3.10/site-packages/airflow/example_dags/standard/example_sensors.py","lineno":29,"name":"<module>"},{"filename":"/home/cnguyen/.pyenv/versions/3.10.4/envs/demo_airflow/lib/python3.10/site-packages/airflow/providers/standard/sensors/time_delta.py","lineno":25,"name":"<module>"},{"filename":"/home/cnguyen/.pyenv/versions/3.10.4/envs/demo_airflow/lib/python3.10/site-packages/deprecated/__init__.py","lineno":15,"name":"<module>"},{"filename":"/home/cnguyen/.pyenv/versions/3.10.4/envs/demo_airflow/lib/python3.10/site-packages/deprecated/classic.py","lineno":15,"name":"<module>"},{"filename":"/home/cnguyen/.pyenv/versions/3.10.4/envs/demo_airflow/lib/python3.10/site-packages/wrapt/__init__.py","lineno":4,"name":"<module>"},{"filename":"/home/cnguyen/.pyenv/versions/3.10.4/envs/demo_airflow/lib/python3.10/site-packages/wrapt/__wrapt__.py","lineno":9,"name":"<module>"},{"filename":"/home/cnguyen/.pyenv/versions/3.10.4/envs/demo_airflow/lib/python3.10/site-packages/airflow/utils/timeout.py","lineno":69,"name":"handle_timeout"}],"is_group":false,"exceptions":[]}]}
{"timestamp":"2025-08-07T05:33:08.096161","level":"info","event":"Filling up the DagBag from /home/cnguyen/.pyenv/versions/3.10.4/envs/demo_airflow/lib/python3.10/site-packages/airflow/example_dags/standard/example_sensors.py","logger":"airflow.models.dagbag.DagBag"}
{"timestamp":"2025-08-07T05:38:03.247658","level":"info","event":"Filling up the DagBag from /home/cnguyen/.pyenv/versions/3.10.4/envs/demo_airflow/lib/python3.10/site-packages/airflow/example_dags/standard/example_sensors.py","logger":"airflow.models.dagbag.DagBag"}
{"timestamp":"2025-08-07T05:38:42.524483","level":"error","event":"Process timed out, PID: 20941","logger":"airflow.utils.timeout.TimeoutPosix"}
{"timestamp":"2025-08-07T05:38:42.524768","level":"error","event":"Failed to import: /home/cnguyen/.pyenv/versions/3.10.4/envs/demo_airflow/lib/python3.10/site-packages/airflow/example_dags/standard/example_sensors.py","logger":"airflow.models.dagbag.DagBag","error_detail":[{"exc_type":"AirflowTaskTimeout","exc_value":"DagBag import timeout for /home/cnguyen/.pyenv/versions/3.10.4/envs/demo_airflow/lib/python3.10/site-packages/airflow/example_dags/standard/example_sensors.py after 30.0s.\nPlease take a look at these docs to improve your DAG import time:\n* https://airflow.apache.org/docs/apache-airflow/3.0.3/best-practices.html#top-level-python-code\n* https://airflow.apache.org/docs/apache-airflow/3.0.3/best-practices.html#reducing-dag-complexity, PID: 20941","exc_notes":[],"syntax_error":null,"is_cause":false,"frames":[{"filename":"/home/cnguyen/.pyenv/versions/3.10.4/envs/demo_airflow/lib/python3.10/site-packages/airflow/models/dagbag.py","lineno":394,"name":"parse"},{"filename":"<frozen importlib._bootstrap_external>","lineno":883,"name":"exec_module"},{"filename":"<frozen importlib._bootstrap>","lineno":241,"name":"_call_with_frames_removed"},{"filename":"/home/cnguyen/.pyenv/versions/3.10.4/envs/demo_airflow/lib/python3.10/site-packages/airflow/example_dags/standard/example_sensors.py","lineno":30,"name":"<module>"},{"filename":"<frozen importlib._bootstrap>","lineno":1027,"name":"_find_and_load"},{"filename":"<frozen importlib._bootstrap>","lineno":1006,"name":"_find_and_load_unlocked"},{"filename":"<frozen importlib._bootstrap>","lineno":688,"name":"_load_unlocked"},{"filename":"<frozen importlib._bootstrap_external>","lineno":879,"name":"exec_module"},{"filename":"<frozen importlib._bootstrap_external>","lineno":1012,"name":"get_code"},{"filename":"<frozen importlib._bootstrap_external>","lineno":672,"name":"_compile_bytecode"},{"filename":"/home/cnguyen/.pyenv/versions/3.10.4/envs/demo_airflow/lib/python3.10/site-packages/airflow/utils/timeout.py","lineno":69,"name":"handle_timeout"}],"is_group":false,"exceptions":[]}]}
{"timestamp":"2025-08-07T10:06:34.458472","level":"info","event":"Filling up the DagBag from /home/cnguyen/.pyenv/versions/3.10.4/envs/demo_airflow/lib/python3.10/site-packages/airflow/example_dags/standard/example_sensors.py","logger":"airflow.models.dagbag.DagBag"}
{"timestamp":"2025-08-07T10:07:05.717450","level":"info","event":"Filling up the DagBag from /home/cnguyen/.pyenv/versions/3.10.4/envs/demo_airflow/lib/python3.10/site-packages/airflow/example_dags/standard/example_sensors.py","logger":"airflow.models.dagbag.DagBag"}
{"timestamp":"2025-08-07T10:07:36.515857","level":"info","event":"Filling up the DagBag from /home/cnguyen/.pyenv/versions/3.10.4/envs/demo_airflow/lib/python3.10/site-packages/airflow/example_dags/standard/example_sensors.py","logger":"airflow.models.dagbag.DagBag"}
{"timestamp":"2025-08-07T10:08:07.033828","level":"info","event":"Filling up the DagBag from /home/cnguyen/.pyenv/versions/3.10.4/envs/demo_airflow/lib/python3.10/site-packages/airflow/example_dags/standard/example_sensors.py","logger":"airflow.models.dagbag.DagBag"}
{"timestamp":"2025-08-07T10:08:37.670140","level":"info","event":"Filling up the DagBag from /home/cnguyen/.pyenv/versions/3.10.4/envs/demo_airflow/lib/python3.10/site-packages/airflow/example_dags/standard/example_sensors.py","logger":"airflow.models.dagbag.DagBag"}
{"timestamp":"2025-08-07T10:09:08.244062","level":"info","event":"Filling up the DagBag from /home/cnguyen/.pyenv/versions/3.10.4/envs/demo_airflow/lib/python3.10/site-packages/airflow/example_dags/standard/example_sensors.py","logger":"airflow.models.dagbag.DagBag"}
{"timestamp":"2025-08-07T10:09:38.820347","level":"info","event":"Filling up the DagBag from /home/cnguyen/.pyenv/versions/3.10.4/envs/demo_airflow/lib/python3.10/site-packages/airflow/example_dags/standard/example_sensors.py","logger":"airflow.models.dagbag.DagBag"}
{"timestamp":"2025-08-07T10:10:09.460614","level":"info","event":"Filling up the DagBag from /home/cnguyen/.pyenv/versions/3.10.4/envs/demo_airflow/lib/python3.10/site-packages/airflow/example_dags/standard/example_sensors.py","logger":"airflow.models.dagbag.DagBag"}
{"timestamp":"2025-08-07T10:10:40.070202","level":"info","event":"Filling up the DagBag from /home/cnguyen/.pyenv/versions/3.10.4/envs/demo_airflow/lib/python3.10/site-packages/airflow/example_dags/standard/example_sensors.py","logger":"airflow.models.dagbag.DagBag"}
{"timestamp":"2025-08-07T10:11:10.841141","level":"info","event":"Filling up the DagBag from /home/cnguyen/.pyenv/versions/3.10.4/envs/demo_airflow/lib/python3.10/site-packages/airflow/example_dags/standard/example_sensors.py","logger":"airflow.models.dagbag.DagBag"}
{"timestamp":"2025-08-07T10:11:41.047944","level":"info","event":"Filling up the DagBag from /home/cnguyen/.pyenv/versions/3.10.4/envs/demo_airflow/lib/python3.10/site-packages/airflow/example_dags/standard/example_sensors.py","logger":"airflow.models.dagbag.DagBag"}
{"timestamp":"2025-08-07T10:12:11.883168","level":"info","event":"Filling up the DagBag from /home/cnguyen/.pyenv/versions/3.10.4/envs/demo_airflow/lib/python3.10/site-packages/airflow/example_dags/standard/example_sensors.py","logger":"airflow.models.dagbag.DagBag"}
{"timestamp":"2025-08-07T10:12:42.642409","level":"info","event":"Filling up the DagBag from /home/cnguyen/.pyenv/versions/3.10.4/envs/demo_airflow/lib/python3.10/site-packages/airflow/example_dags/standard/example_sensors.py","logger":"airflow.models.dagbag.DagBag"}
{"timestamp":"2025-08-07T10:13:12.750162","level":"info","event":"Filling up the DagBag from /home/cnguyen/.pyenv/versions/3.10.4/envs/demo_airflow/lib/python3.10/site-packages/airflow/example_dags/standard/example_sensors.py","logger":"airflow.models.dagbag.DagBag"}
{"timestamp":"2025-08-07T10:13:43.409394","level":"info","event":"Filling up the DagBag from /home/cnguyen/.pyenv/versions/3.10.4/envs/demo_airflow/lib/python3.10/site-packages/airflow/example_dags/standard/example_sensors.py","logger":"airflow.models.dagbag.DagBag"}
{"timestamp":"2025-08-07T10:14:13.991841","level":"info","event":"Filling up the DagBag from /home/cnguyen/.pyenv/versions/3.10.4/envs/demo_airflow/lib/python3.10/site-packages/airflow/example_dags/standard/example_sensors.py","logger":"airflow.models.dagbag.DagBag"}
{"timestamp":"2025-08-07T10:14:44.717819","level":"info","event":"Filling up the DagBag from /home/cnguyen/.pyenv/versions/3.10.4/envs/demo_airflow/lib/python3.10/site-packages/airflow/example_dags/standard/example_sensors.py","logger":"airflow.models.dagbag.DagBag"}
{"timestamp":"2025-08-07T10:15:15.076988","level":"info","event":"Filling up the DagBag from /home/cnguyen/.pyenv/versions/3.10.4/envs/demo_airflow/lib/python3.10/site-packages/airflow/example_dags/standard/example_sensors.py","logger":"airflow.models.dagbag.DagBag"}
{"timestamp":"2025-08-07T10:15:45.305924","level":"info","event":"Filling up the DagBag from /home/cnguyen/.pyenv/versions/3.10.4/envs/demo_airflow/lib/python3.10/site-packages/airflow/example_dags/standard/example_sensors.py","logger":"airflow.models.dagbag.DagBag"}
{"timestamp":"2025-08-07T10:16:15.425400","level":"info","event":"Filling up the DagBag from /home/cnguyen/.pyenv/versions/3.10.4/envs/demo_airflow/lib/python3.10/site-packages/airflow/example_dags/standard/example_sensors.py","logger":"airflow.models.dagbag.DagBag"}
{"timestamp":"2025-08-07T10:16:45.540288","level":"info","event":"Filling up the DagBag from /home/cnguyen/.pyenv/versions/3.10.4/envs/demo_airflow/lib/python3.10/site-packages/airflow/example_dags/standard/example_sensors.py","logger":"airflow.models.dagbag.DagBag"}
{"timestamp":"2025-08-07T10:17:15.650155","level":"info","event":"Filling up the DagBag from /home/cnguyen/.pyenv/versions/3.10.4/envs/demo_airflow/lib/python3.10/site-packages/airflow/example_dags/standard/example_sensors.py","logger":"airflow.models.dagbag.DagBag"}
{"timestamp":"2025-08-07T10:17:45.814996","level":"info","event":"Filling up the DagBag from /home/cnguyen/.pyenv/versions/3.10.4/envs/demo_airflow/lib/python3.10/site-packages/airflow/example_dags/standard/example_sensors.py","logger":"airflow.models.dagbag.DagBag"}
{"timestamp":"2025-08-07T10:18:15.995470","level":"info","event":"Filling up the DagBag from /home/cnguyen/.pyenv/versions/3.10.4/envs/demo_airflow/lib/python3.10/site-packages/airflow/example_dags/standard/example_sensors.py","logger":"airflow.models.dagbag.DagBag"}
{"timestamp":"2025-08-07T10:18:46.099965","level":"info","event":"Filling up the DagBag from /home/cnguyen/.pyenv/versions/3.10.4/envs/demo_airflow/lib/python3.10/site-packages/airflow/example_dags/standard/example_sensors.py","logger":"airflow.models.dagbag.DagBag"}
{"timestamp":"2025-08-07T10:19:16.311137","level":"info","event":"Filling up the DagBag from /home/cnguyen/.pyenv/versions/3.10.4/envs/demo_airflow/lib/python3.10/site-packages/airflow/example_dags/standard/example_sensors.py","logger":"airflow.models.dagbag.DagBag"}
{"timestamp":"2025-08-07T10:19:46.576627","level":"info","event":"Filling up the DagBag from /home/cnguyen/.pyenv/versions/3.10.4/envs/demo_airflow/lib/python3.10/site-packages/airflow/example_dags/standard/example_sensors.py","logger":"airflow.models.dagbag.DagBag"}
{"timestamp":"2025-08-07T10:20:17.213213","level":"info","event":"Filling up the DagBag from /home/cnguyen/.pyenv/versions/3.10.4/envs/demo_airflow/lib/python3.10/site-packages/airflow/example_dags/standard/example_sensors.py","logger":"airflow.models.dagbag.DagBag"}
{"timestamp":"2025-08-07T10:20:47.943053","level":"info","event":"Filling up the DagBag from /home/cnguyen/.pyenv/versions/3.10.4/envs/demo_airflow/lib/python3.10/site-packages/airflow/example_dags/standard/example_sensors.py","logger":"airflow.models.dagbag.DagBag"}
{"timestamp":"2025-08-07T10:21:18.943311","level":"info","event":"Filling up the DagBag from /home/cnguyen/.pyenv/versions/3.10.4/envs/demo_airflow/lib/python3.10/site-packages/airflow/example_dags/standard/example_sensors.py","logger":"airflow.models.dagbag.DagBag"}
{"timestamp":"2025-08-07T10:21:49.466172","level":"info","event":"Filling up the DagBag from /home/cnguyen/.pyenv/versions/3.10.4/envs/demo_airflow/lib/python3.10/site-packages/airflow/example_dags/standard/example_sensors.py","logger":"airflow.models.dagbag.DagBag"}
{"timestamp":"2025-08-07T10:22:19.975834","level":"info","event":"Filling up the DagBag from /home/cnguyen/.pyenv/versions/3.10.4/envs/demo_airflow/lib/python3.10/site-packages/airflow/example_dags/standard/example_sensors.py","logger":"airflow.models.dagbag.DagBag"}
{"timestamp":"2025-08-07T10:22:50.471754","level":"info","event":"Filling up the DagBag from /home/cnguyen/.pyenv/versions/3.10.4/envs/demo_airflow/lib/python3.10/site-packages/airflow/example_dags/standard/example_sensors.py","logger":"airflow.models.dagbag.DagBag"}
{"timestamp":"2025-08-07T10:23:21.023675","level":"info","event":"Filling up the DagBag from /home/cnguyen/.pyenv/versions/3.10.4/envs/demo_airflow/lib/python3.10/site-packages/airflow/example_dags/standard/example_sensors.py","logger":"airflow.models.dagbag.DagBag"}
{"timestamp":"2025-08-07T10:23:51.319821","level":"info","event":"Filling up the DagBag from /home/cnguyen/.pyenv/versions/3.10.4/envs/demo_airflow/lib/python3.10/site-packages/airflow/example_dags/standard/example_sensors.py","logger":"airflow.models.dagbag.DagBag"}
{"timestamp":"2025-08-07T10:24:21.620015","level":"info","event":"Filling up the DagBag from /home/cnguyen/.pyenv/versions/3.10.4/envs/demo_airflow/lib/python3.10/site-packages/airflow/example_dags/standard/example_sensors.py","logger":"airflow.models.dagbag.DagBag"}
{"timestamp":"2025-08-07T10:24:52.147048","level":"info","event":"Filling up the DagBag from /home/cnguyen/.pyenv/versions/3.10.4/envs/demo_airflow/lib/python3.10/site-packages/airflow/example_dags/standard/example_sensors.py","logger":"airflow.models.dagbag.DagBag"}
{"timestamp":"2025-08-07T10:25:22.573584","level":"info","event":"Filling up the DagBag from /home/cnguyen/.pyenv/versions/3.10.4/envs/demo_airflow/lib/python3.10/site-packages/airflow/example_dags/standard/example_sensors.py","logger":"airflow.models.dagbag.DagBag"}
{"timestamp":"2025-08-07T10:26:00.236519","level":"info","event":"Filling up the DagBag from /home/cnguyen/.pyenv/versions/3.10.4/envs/demo_airflow/lib/python3.10/site-packages/airflow/example_dags/standard/example_sensors.py","logger":"airflow.models.dagbag.DagBag"}
{"timestamp":"2025-08-07T10:26:30.596522","level":"info","event":"Filling up the DagBag from /home/cnguyen/.pyenv/versions/3.10.4/envs/demo_airflow/lib/python3.10/site-packages/airflow/example_dags/standard/example_sensors.py","logger":"airflow.models.dagbag.DagBag"}
{"timestamp":"2025-08-07T10:27:00.709481","level":"info","event":"Filling up the DagBag from /home/cnguyen/.pyenv/versions/3.10.4/envs/demo_airflow/lib/python3.10/site-packages/airflow/example_dags/standard/example_sensors.py","logger":"airflow.models.dagbag.DagBag"}
{"timestamp":"2025-08-07T10:27:31.725219","level":"info","event":"Filling up the DagBag from /home/cnguyen/.pyenv/versions/3.10.4/envs/demo_airflow/lib/python3.10/site-packages/airflow/example_dags/standard/example_sensors.py","logger":"airflow.models.dagbag.DagBag"}
{"timestamp":"2025-08-07T10:28:01.953704","level":"info","event":"Filling up the DagBag from /home/cnguyen/.pyenv/versions/3.10.4/envs/demo_airflow/lib/python3.10/site-packages/airflow/example_dags/standard/example_sensors.py","logger":"airflow.models.dagbag.DagBag"}
{"timestamp":"2025-08-07T10:28:32.061002","level":"info","event":"Filling up the DagBag from /home/cnguyen/.pyenv/versions/3.10.4/envs/demo_airflow/lib/python3.10/site-packages/airflow/example_dags/standard/example_sensors.py","logger":"airflow.models.dagbag.DagBag"}
{"timestamp":"2025-08-07T10:29:02.318952","level":"info","event":"Filling up the DagBag from /home/cnguyen/.pyenv/versions/3.10.4/envs/demo_airflow/lib/python3.10/site-packages/airflow/example_dags/standard/example_sensors.py","logger":"airflow.models.dagbag.DagBag"}
{"timestamp":"2025-08-07T10:29:32.503580","level":"info","event":"Filling up the DagBag from /home/cnguyen/.pyenv/versions/3.10.4/envs/demo_airflow/lib/python3.10/site-packages/airflow/example_dags/standard/example_sensors.py","logger":"airflow.models.dagbag.DagBag"}
{"timestamp":"2025-08-07T10:30:03.816808","level":"info","event":"Filling up the DagBag from /home/cnguyen/.pyenv/versions/3.10.4/envs/demo_airflow/lib/python3.10/site-packages/airflow/example_dags/standard/example_sensors.py","logger":"airflow.models.dagbag.DagBag"}
{"timestamp":"2025-08-07T10:30:34.085362","level":"info","event":"Filling up the DagBag from /home/cnguyen/.pyenv/versions/3.10.4/envs/demo_airflow/lib/python3.10/site-packages/airflow/example_dags/standard/example_sensors.py","logger":"airflow.models.dagbag.DagBag"}
{"timestamp":"2025-08-07T10:31:04.298234","level":"info","event":"Filling up the DagBag from /home/cnguyen/.pyenv/versions/3.10.4/envs/demo_airflow/lib/python3.10/site-packages/airflow/example_dags/standard/example_sensors.py","logger":"airflow.models.dagbag.DagBag"}
{"timestamp":"2025-08-07T10:31:34.394892","level":"info","event":"Filling up the DagBag from /home/cnguyen/.pyenv/versions/3.10.4/envs/demo_airflow/lib/python3.10/site-packages/airflow/example_dags/standard/example_sensors.py","logger":"airflow.models.dagbag.DagBag"}
{"timestamp":"2025-08-07T10:32:05.181973","level":"info","event":"Filling up the DagBag from /home/cnguyen/.pyenv/versions/3.10.4/envs/demo_airflow/lib/python3.10/site-packages/airflow/example_dags/standard/example_sensors.py","logger":"airflow.models.dagbag.DagBag"}
{"timestamp":"2025-08-07T10:32:35.934474","level":"info","event":"Filling up the DagBag from /home/cnguyen/.pyenv/versions/3.10.4/envs/demo_airflow/lib/python3.10/site-packages/airflow/example_dags/standard/example_sensors.py","logger":"airflow.models.dagbag.DagBag"}
{"timestamp":"2025-08-07T10:33:06.295335","level":"info","event":"Filling up the DagBag from /home/cnguyen/.pyenv/versions/3.10.4/envs/demo_airflow/lib/python3.10/site-packages/airflow/example_dags/standard/example_sensors.py","logger":"airflow.models.dagbag.DagBag"}
{"timestamp":"2025-08-07T10:33:36.577424","level":"info","event":"Filling up the DagBag from /home/cnguyen/.pyenv/versions/3.10.4/envs/demo_airflow/lib/python3.10/site-packages/airflow/example_dags/standard/example_sensors.py","logger":"airflow.models.dagbag.DagBag"}
{"timestamp":"2025-08-07T10:34:07.014021","level":"info","event":"Filling up the DagBag from /home/cnguyen/.pyenv/versions/3.10.4/envs/demo_airflow/lib/python3.10/site-packages/airflow/example_dags/standard/example_sensors.py","logger":"airflow.models.dagbag.DagBag"}
{"timestamp":"2025-08-07T10:34:37.587749","level":"info","event":"Filling up the DagBag from /home/cnguyen/.pyenv/versions/3.10.4/envs/demo_airflow/lib/python3.10/site-packages/airflow/example_dags/standard/example_sensors.py","logger":"airflow.models.dagbag.DagBag"}
{"timestamp":"2025-08-07T10:35:08.270859","level":"info","event":"Filling up the DagBag from /home/cnguyen/.pyenv/versions/3.10.4/envs/demo_airflow/lib/python3.10/site-packages/airflow/example_dags/standard/example_sensors.py","logger":"airflow.models.dagbag.DagBag"}
{"timestamp":"2025-08-07T10:36:08.992904","level":"info","event":"Filling up the DagBag from /home/cnguyen/.pyenv/versions/3.10.4/envs/demo_airflow/lib/python3.10/site-packages/airflow/example_dags/standard/example_sensors.py","logger":"airflow.models.dagbag.DagBag"}
{"timestamp":"2025-08-07T10:36:39.704815","level":"info","event":"Filling up the DagBag from /home/cnguyen/.pyenv/versions/3.10.4/envs/demo_airflow/lib/python3.10/site-packages/airflow/example_dags/standard/example_sensors.py","logger":"airflow.models.dagbag.DagBag"}
{"timestamp":"2025-08-07T10:37:10.509878","level":"info","event":"Filling up the DagBag from /home/cnguyen/.pyenv/versions/3.10.4/envs/demo_airflow/lib/python3.10/site-packages/airflow/example_dags/standard/example_sensors.py","logger":"airflow.models.dagbag.DagBag"}
{"timestamp":"2025-08-07T10:37:40.888451","level":"info","event":"Filling up the DagBag from /home/cnguyen/.pyenv/versions/3.10.4/envs/demo_airflow/lib/python3.10/site-packages/airflow/example_dags/standard/example_sensors.py","logger":"airflow.models.dagbag.DagBag"}
{"timestamp":"2025-08-07T10:38:11.250510","level":"info","event":"Filling up the DagBag from /home/cnguyen/.pyenv/versions/3.10.4/envs/demo_airflow/lib/python3.10/site-packages/airflow/example_dags/standard/example_sensors.py","logger":"airflow.models.dagbag.DagBag"}
{"timestamp":"2025-08-07T10:38:41.595916","level":"info","event":"Filling up the DagBag from /home/cnguyen/.pyenv/versions/3.10.4/envs/demo_airflow/lib/python3.10/site-packages/airflow/example_dags/standard/example_sensors.py","logger":"airflow.models.dagbag.DagBag"}
{"timestamp":"2025-08-07T10:39:11.959400","level":"info","event":"Filling up the DagBag from /home/cnguyen/.pyenv/versions/3.10.4/envs/demo_airflow/lib/python3.10/site-packages/airflow/example_dags/standard/example_sensors.py","logger":"airflow.models.dagbag.DagBag"}
{"timestamp":"2025-08-07T10:39:42.343426","level":"info","event":"Filling up the DagBag from /home/cnguyen/.pyenv/versions/3.10.4/envs/demo_airflow/lib/python3.10/site-packages/airflow/example_dags/standard/example_sensors.py","logger":"airflow.models.dagbag.DagBag"}
{"timestamp":"2025-08-07T10:40:13.167690","level":"info","event":"Filling up the DagBag from /home/cnguyen/.pyenv/versions/3.10.4/envs/demo_airflow/lib/python3.10/site-packages/airflow/example_dags/standard/example_sensors.py","logger":"airflow.models.dagbag.DagBag"}
{"timestamp":"2025-08-07T10:40:43.661348","level":"info","event":"Filling up the DagBag from /home/cnguyen/.pyenv/versions/3.10.4/envs/demo_airflow/lib/python3.10/site-packages/airflow/example_dags/standard/example_sensors.py","logger":"airflow.models.dagbag.DagBag"}
{"timestamp":"2025-08-07T10:41:13.994287","level":"info","event":"Filling up the DagBag from /home/cnguyen/.pyenv/versions/3.10.4/envs/demo_airflow/lib/python3.10/site-packages/airflow/example_dags/standard/example_sensors.py","logger":"airflow.models.dagbag.DagBag"}
{"timestamp":"2025-08-07T10:41:44.431102","level":"info","event":"Filling up the DagBag from /home/cnguyen/.pyenv/versions/3.10.4/envs/demo_airflow/lib/python3.10/site-packages/airflow/example_dags/standard/example_sensors.py","logger":"airflow.models.dagbag.DagBag"}
{"timestamp":"2025-08-07T10:42:14.738384","level":"info","event":"Filling up the DagBag from /home/cnguyen/.pyenv/versions/3.10.4/envs/demo_airflow/lib/python3.10/site-packages/airflow/example_dags/standard/example_sensors.py","logger":"airflow.models.dagbag.DagBag"}
{"timestamp":"2025-08-07T10:42:45.197542","level":"info","event":"Filling up the DagBag from /home/cnguyen/.pyenv/versions/3.10.4/envs/demo_airflow/lib/python3.10/site-packages/airflow/example_dags/standard/example_sensors.py","logger":"airflow.models.dagbag.DagBag"}
{"timestamp":"2025-08-07T10:43:15.748564","level":"info","event":"Filling up the DagBag from /home/cnguyen/.pyenv/versions/3.10.4/envs/demo_airflow/lib/python3.10/site-packages/airflow/example_dags/standard/example_sensors.py","logger":"airflow.models.dagbag.DagBag"}
{"timestamp":"2025-08-07T10:43:46.204962","level":"info","event":"Filling up the DagBag from /home/cnguyen/.pyenv/versions/3.10.4/envs/demo_airflow/lib/python3.10/site-packages/airflow/example_dags/standard/example_sensors.py","logger":"airflow.models.dagbag.DagBag"}
{"timestamp":"2025-08-07T10:44:16.452868","level":"info","event":"Filling up the DagBag from /home/cnguyen/.pyenv/versions/3.10.4/envs/demo_airflow/lib/python3.10/site-packages/airflow/example_dags/standard/example_sensors.py","logger":"airflow.models.dagbag.DagBag"}
{"timestamp":"2025-08-07T10:44:46.883635","level":"info","event":"Filling up the DagBag from /home/cnguyen/.pyenv/versions/3.10.4/envs/demo_airflow/lib/python3.10/site-packages/airflow/example_dags/standard/example_sensors.py","logger":"airflow.models.dagbag.DagBag"}
{"timestamp":"2025-08-07T10:45:17.322428","level":"info","event":"Filling up the DagBag from /home/cnguyen/.pyenv/versions/3.10.4/envs/demo_airflow/lib/python3.10/site-packages/airflow/example_dags/standard/example_sensors.py","logger":"airflow.models.dagbag.DagBag"}
{"timestamp":"2025-08-07T10:45:47.742496","level":"info","event":"Filling up the DagBag from /home/cnguyen/.pyenv/versions/3.10.4/envs/demo_airflow/lib/python3.10/site-packages/airflow/example_dags/standard/example_sensors.py","logger":"airflow.models.dagbag.DagBag"}
{"timestamp":"2025-08-07T10:46:18.398314","level":"info","event":"Filling up the DagBag from /home/cnguyen/.pyenv/versions/3.10.4/envs/demo_airflow/lib/python3.10/site-packages/airflow/example_dags/standard/example_sensors.py","logger":"airflow.models.dagbag.DagBag"}
{"timestamp":"2025-08-07T10:46:48.956513","level":"info","event":"Filling up the DagBag from /home/cnguyen/.pyenv/versions/3.10.4/envs/demo_airflow/lib/python3.10/site-packages/airflow/example_dags/standard/example_sensors.py","logger":"airflow.models.dagbag.DagBag"}
{"timestamp":"2025-08-07T10:47:19.331815","level":"info","event":"Filling up the DagBag from /home/cnguyen/.pyenv/versions/3.10.4/envs/demo_airflow/lib/python3.10/site-packages/airflow/example_dags/standard/example_sensors.py","logger":"airflow.models.dagbag.DagBag"}
{"timestamp":"2025-08-07T10:47:49.619918","level":"info","event":"Filling up the DagBag from /home/cnguyen/.pyenv/versions/3.10.4/envs/demo_airflow/lib/python3.10/site-packages/airflow/example_dags/standard/example_sensors.py","logger":"airflow.models.dagbag.DagBag"}
{"timestamp":"2025-08-07T10:48:19.911875","level":"info","event":"Filling up the DagBag from /home/cnguyen/.pyenv/versions/3.10.4/envs/demo_airflow/lib/python3.10/site-packages/airflow/example_dags/standard/example_sensors.py","logger":"airflow.models.dagbag.DagBag"}
{"timestamp":"2025-08-07T10:48:50.195138","level":"info","event":"Filling up the DagBag from /home/cnguyen/.pyenv/versions/3.10.4/envs/demo_airflow/lib/python3.10/site-packages/airflow/example_dags/standard/example_sensors.py","logger":"airflow.models.dagbag.DagBag"}
{"timestamp":"2025-08-07T10:49:20.908324","level":"info","event":"Filling up the DagBag from /home/cnguyen/.pyenv/versions/3.10.4/envs/demo_airflow/lib/python3.10/site-packages/airflow/example_dags/standard/example_sensors.py","logger":"airflow.models.dagbag.DagBag"}
{"timestamp":"2025-08-07T10:49:51.197531","level":"info","event":"Filling up the DagBag from /home/cnguyen/.pyenv/versions/3.10.4/envs/demo_airflow/lib/python3.10/site-packages/airflow/example_dags/standard/example_sensors.py","logger":"airflow.models.dagbag.DagBag"}
{"timestamp":"2025-08-07T10:50:21.542634","level":"info","event":"Filling up the DagBag from /home/cnguyen/.pyenv/versions/3.10.4/envs/demo_airflow/lib/python3.10/site-packages/airflow/example_dags/standard/example_sensors.py","logger":"airflow.models.dagbag.DagBag"}
{"timestamp":"2025-08-07T10:50:51.767163","level":"info","event":"Filling up the DagBag from /home/cnguyen/.pyenv/versions/3.10.4/envs/demo_airflow/lib/python3.10/site-packages/airflow/example_dags/standard/example_sensors.py","logger":"airflow.models.dagbag.DagBag"}
{"timestamp":"2025-08-07T10:51:22.024593","level":"info","event":"Filling up the DagBag from /home/cnguyen/.pyenv/versions/3.10.4/envs/demo_airflow/lib/python3.10/site-packages/airflow/example_dags/standard/example_sensors.py","logger":"airflow.models.dagbag.DagBag"}
{"timestamp":"2025-08-07T10:51:52.555034","level":"info","event":"Filling up the DagBag from /home/cnguyen/.pyenv/versions/3.10.4/envs/demo_airflow/lib/python3.10/site-packages/airflow/example_dags/standard/example_sensors.py","logger":"airflow.models.dagbag.DagBag"}
{"timestamp":"2025-08-07T10:52:23.104587","level":"info","event":"Filling up the DagBag from /home/cnguyen/.pyenv/versions/3.10.4/envs/demo_airflow/lib/python3.10/site-packages/airflow/example_dags/standard/example_sensors.py","logger":"airflow.models.dagbag.DagBag"}
{"timestamp":"2025-08-07T10:52:53.701279","level":"info","event":"Filling up the DagBag from /home/cnguyen/.pyenv/versions/3.10.4/envs/demo_airflow/lib/python3.10/site-packages/airflow/example_dags/standard/example_sensors.py","logger":"airflow.models.dagbag.DagBag"}
{"timestamp":"2025-08-07T10:53:23.983028","level":"info","event":"Filling up the DagBag from /home/cnguyen/.pyenv/versions/3.10.4/envs/demo_airflow/lib/python3.10/site-packages/airflow/example_dags/standard/example_sensors.py","logger":"airflow.models.dagbag.DagBag"}
{"timestamp":"2025-08-07T10:53:54.747926","level":"info","event":"Filling up the DagBag from /home/cnguyen/.pyenv/versions/3.10.4/envs/demo_airflow/lib/python3.10/site-packages/airflow/example_dags/standard/example_sensors.py","logger":"airflow.models.dagbag.DagBag"}
{"timestamp":"2025-08-07T10:54:25.215301","level":"info","event":"Filling up the DagBag from /home/cnguyen/.pyenv/versions/3.10.4/envs/demo_airflow/lib/python3.10/site-packages/airflow/example_dags/standard/example_sensors.py","logger":"airflow.models.dagbag.DagBag"}
{"timestamp":"2025-08-07T10:54:55.611231","level":"info","event":"Filling up the DagBag from /home/cnguyen/.pyenv/versions/3.10.4/envs/demo_airflow/lib/python3.10/site-packages/airflow/example_dags/standard/example_sensors.py","logger":"airflow.models.dagbag.DagBag"}
{"timestamp":"2025-08-07T10:55:26.513998","level":"info","event":"Filling up the DagBag from /home/cnguyen/.pyenv/versions/3.10.4/envs/demo_airflow/lib/python3.10/site-packages/airflow/example_dags/standard/example_sensors.py","logger":"airflow.models.dagbag.DagBag"}
{"timestamp":"2025-08-07T10:55:57.185792","level":"info","event":"Filling up the DagBag from /home/cnguyen/.pyenv/versions/3.10.4/envs/demo_airflow/lib/python3.10/site-packages/airflow/example_dags/standard/example_sensors.py","logger":"airflow.models.dagbag.DagBag"}
{"timestamp":"2025-08-07T10:56:27.288402","level":"info","event":"Filling up the DagBag from /home/cnguyen/.pyenv/versions/3.10.4/envs/demo_airflow/lib/python3.10/site-packages/airflow/example_dags/standard/example_sensors.py","logger":"airflow.models.dagbag.DagBag"}
{"timestamp":"2025-08-07T10:56:57.828836","level":"info","event":"Filling up the DagBag from /home/cnguyen/.pyenv/versions/3.10.4/envs/demo_airflow/lib/python3.10/site-packages/airflow/example_dags/standard/example_sensors.py","logger":"airflow.models.dagbag.DagBag"}
{"timestamp":"2025-08-07T10:57:28.562576","level":"info","event":"Filling up the DagBag from /home/cnguyen/.pyenv/versions/3.10.4/envs/demo_airflow/lib/python3.10/site-packages/airflow/example_dags/standard/example_sensors.py","logger":"airflow.models.dagbag.DagBag"}
{"timestamp":"2025-08-07T10:57:59.051562","level":"info","event":"Filling up the DagBag from /home/cnguyen/.pyenv/versions/3.10.4/envs/demo_airflow/lib/python3.10/site-packages/airflow/example_dags/standard/example_sensors.py","logger":"airflow.models.dagbag.DagBag"}
{"timestamp":"2025-08-07T10:58:29.684435","level":"info","event":"Filling up the DagBag from /home/cnguyen/.pyenv/versions/3.10.4/envs/demo_airflow/lib/python3.10/site-packages/airflow/example_dags/standard/example_sensors.py","logger":"airflow.models.dagbag.DagBag"}
{"timestamp":"2025-08-07T11:38:28.502514","level":"info","event":"Filling up the DagBag from /home/cnguyen/.pyenv/versions/3.10.4/envs/demo_airflow/lib/python3.10/site-packages/airflow/example_dags/standard/example_sensors.py","logger":"airflow.models.dagbag.DagBag"}
{"timestamp":"2025-08-07T11:41:03.747967","level":"info","event":"Filling up the DagBag from /home/cnguyen/.pyenv/versions/3.10.4/envs/demo_airflow/lib/python3.10/site-packages/airflow/example_dags/standard/example_sensors.py","logger":"airflow.models.dagbag.DagBag"}
{"timestamp":"2025-08-07T11:41:34.382087","level":"info","event":"Filling up the DagBag from /home/cnguyen/.pyenv/versions/3.10.4/envs/demo_airflow/lib/python3.10/site-packages/airflow/example_dags/standard/example_sensors.py","logger":"airflow.models.dagbag.DagBag"}
{"timestamp":"2025-08-07T11:42:04.875629","level":"info","event":"Filling up the DagBag from /home/cnguyen/.pyenv/versions/3.10.4/envs/demo_airflow/lib/python3.10/site-packages/airflow/example_dags/standard/example_sensors.py","logger":"airflow.models.dagbag.DagBag"}
{"timestamp":"2025-08-07T11:42:35.104742","level":"info","event":"Filling up the DagBag from /home/cnguyen/.pyenv/versions/3.10.4/envs/demo_airflow/lib/python3.10/site-packages/airflow/example_dags/standard/example_sensors.py","logger":"airflow.models.dagbag.DagBag"}
{"timestamp":"2025-08-07T11:43:05.616214","level":"info","event":"Filling up the DagBag from /home/cnguyen/.pyenv/versions/3.10.4/envs/demo_airflow/lib/python3.10/site-packages/airflow/example_dags/standard/example_sensors.py","logger":"airflow.models.dagbag.DagBag"}
{"timestamp":"2025-08-07T11:43:35.726538","level":"info","event":"Filling up the DagBag from /home/cnguyen/.pyenv/versions/3.10.4/envs/demo_airflow/lib/python3.10/site-packages/airflow/example_dags/standard/example_sensors.py","logger":"airflow.models.dagbag.DagBag"}
{"timestamp":"2025-08-07T11:44:06.399248","level":"info","event":"Filling up the DagBag from /home/cnguyen/.pyenv/versions/3.10.4/envs/demo_airflow/lib/python3.10/site-packages/airflow/example_dags/standard/example_sensors.py","logger":"airflow.models.dagbag.DagBag"}
{"timestamp":"2025-08-07T11:44:36.932050","level":"info","event":"Filling up the DagBag from /home/cnguyen/.pyenv/versions/3.10.4/envs/demo_airflow/lib/python3.10/site-packages/airflow/example_dags/standard/example_sensors.py","logger":"airflow.models.dagbag.DagBag"}
{"timestamp":"2025-08-07T11:45:07.599263","level":"info","event":"Filling up the DagBag from /home/cnguyen/.pyenv/versions/3.10.4/envs/demo_airflow/lib/python3.10/site-packages/airflow/example_dags/standard/example_sensors.py","logger":"airflow.models.dagbag.DagBag"}
{"timestamp":"2025-08-07T11:45:38.097801","level":"info","event":"Filling up the DagBag from /home/cnguyen/.pyenv/versions/3.10.4/envs/demo_airflow/lib/python3.10/site-packages/airflow/example_dags/standard/example_sensors.py","logger":"airflow.models.dagbag.DagBag"}
{"timestamp":"2025-08-07T11:46:08.491268","level":"info","event":"Filling up the DagBag from /home/cnguyen/.pyenv/versions/3.10.4/envs/demo_airflow/lib/python3.10/site-packages/airflow/example_dags/standard/example_sensors.py","logger":"airflow.models.dagbag.DagBag"}
{"timestamp":"2025-08-07T11:46:39.071371","level":"info","event":"Filling up the DagBag from /home/cnguyen/.pyenv/versions/3.10.4/envs/demo_airflow/lib/python3.10/site-packages/airflow/example_dags/standard/example_sensors.py","logger":"airflow.models.dagbag.DagBag"}
{"timestamp":"2025-08-07T11:47:09.621676","level":"info","event":"Filling up the DagBag from /home/cnguyen/.pyenv/versions/3.10.4/envs/demo_airflow/lib/python3.10/site-packages/airflow/example_dags/standard/example_sensors.py","logger":"airflow.models.dagbag.DagBag"}
{"timestamp":"2025-08-07T11:47:40.407363","level":"info","event":"Filling up the DagBag from /home/cnguyen/.pyenv/versions/3.10.4/envs/demo_airflow/lib/python3.10/site-packages/airflow/example_dags/standard/example_sensors.py","logger":"airflow.models.dagbag.DagBag"}
{"timestamp":"2025-08-07T11:48:10.909619","level":"info","event":"Filling up the DagBag from /home/cnguyen/.pyenv/versions/3.10.4/envs/demo_airflow/lib/python3.10/site-packages/airflow/example_dags/standard/example_sensors.py","logger":"airflow.models.dagbag.DagBag"}
{"timestamp":"2025-08-07T11:48:41.566594","level":"info","event":"Filling up the DagBag from /home/cnguyen/.pyenv/versions/3.10.4/envs/demo_airflow/lib/python3.10/site-packages/airflow/example_dags/standard/example_sensors.py","logger":"airflow.models.dagbag.DagBag"}
{"timestamp":"2025-08-07T11:49:12.050143","level":"info","event":"Filling up the DagBag from /home/cnguyen/.pyenv/versions/3.10.4/envs/demo_airflow/lib/python3.10/site-packages/airflow/example_dags/standard/example_sensors.py","logger":"airflow.models.dagbag.DagBag"}
{"timestamp":"2025-08-07T11:49:42.762965","level":"info","event":"Filling up the DagBag from /home/cnguyen/.pyenv/versions/3.10.4/envs/demo_airflow/lib/python3.10/site-packages/airflow/example_dags/standard/example_sensors.py","logger":"airflow.models.dagbag.DagBag"}
{"timestamp":"2025-08-07T11:50:13.534507","level":"info","event":"Filling up the DagBag from /home/cnguyen/.pyenv/versions/3.10.4/envs/demo_airflow/lib/python3.10/site-packages/airflow/example_dags/standard/example_sensors.py","logger":"airflow.models.dagbag.DagBag"}
{"timestamp":"2025-08-07T11:50:44.494605","level":"info","event":"Filling up the DagBag from /home/cnguyen/.pyenv/versions/3.10.4/envs/demo_airflow/lib/python3.10/site-packages/airflow/example_dags/standard/example_sensors.py","logger":"airflow.models.dagbag.DagBag"}
{"timestamp":"2025-08-07T11:51:15.736899","level":"info","event":"Filling up the DagBag from /home/cnguyen/.pyenv/versions/3.10.4/envs/demo_airflow/lib/python3.10/site-packages/airflow/example_dags/standard/example_sensors.py","logger":"airflow.models.dagbag.DagBag"}
{"timestamp":"2025-08-07T11:51:45.916837","level":"info","event":"Filling up the DagBag from /home/cnguyen/.pyenv/versions/3.10.4/envs/demo_airflow/lib/python3.10/site-packages/airflow/example_dags/standard/example_sensors.py","logger":"airflow.models.dagbag.DagBag"}
{"timestamp":"2025-08-07T11:52:16.027776","level":"info","event":"Filling up the DagBag from /home/cnguyen/.pyenv/versions/3.10.4/envs/demo_airflow/lib/python3.10/site-packages/airflow/example_dags/standard/example_sensors.py","logger":"airflow.models.dagbag.DagBag"}
{"timestamp":"2025-08-07T11:52:46.366739","level":"info","event":"Filling up the DagBag from /home/cnguyen/.pyenv/versions/3.10.4/envs/demo_airflow/lib/python3.10/site-packages/airflow/example_dags/standard/example_sensors.py","logger":"airflow.models.dagbag.DagBag"}
{"timestamp":"2025-08-07T11:53:16.601542","level":"info","event":"Filling up the DagBag from /home/cnguyen/.pyenv/versions/3.10.4/envs/demo_airflow/lib/python3.10/site-packages/airflow/example_dags/standard/example_sensors.py","logger":"airflow.models.dagbag.DagBag"}
{"timestamp":"2025-08-07T11:53:46.760147","level":"info","event":"Filling up the DagBag from /home/cnguyen/.pyenv/versions/3.10.4/envs/demo_airflow/lib/python3.10/site-packages/airflow/example_dags/standard/example_sensors.py","logger":"airflow.models.dagbag.DagBag"}
{"timestamp":"2025-08-07T11:54:16.924297","level":"info","event":"Filling up the DagBag from /home/cnguyen/.pyenv/versions/3.10.4/envs/demo_airflow/lib/python3.10/site-packages/airflow/example_dags/standard/example_sensors.py","logger":"airflow.models.dagbag.DagBag"}
{"timestamp":"2025-08-07T13:27:05.160932","level":"info","event":"Filling up the DagBag from /home/cnguyen/.pyenv/versions/3.10.4/envs/demo_airflow/lib/python3.10/site-packages/airflow/example_dags/standard/example_sensors.py","logger":"airflow.models.dagbag.DagBag"}
{"timestamp":"2025-08-07T13:27:35.915688","level":"info","event":"Filling up the DagBag from /home/cnguyen/.pyenv/versions/3.10.4/envs/demo_airflow/lib/python3.10/site-packages/airflow/example_dags/standard/example_sensors.py","logger":"airflow.models.dagbag.DagBag"}
{"timestamp":"2025-08-07T13:28:06.528661","level":"info","event":"Filling up the DagBag from /home/cnguyen/.pyenv/versions/3.10.4/envs/demo_airflow/lib/python3.10/site-packages/airflow/example_dags/standard/example_sensors.py","logger":"airflow.models.dagbag.DagBag"}
{"timestamp":"2025-08-07T13:28:36.892382","level":"info","event":"Filling up the DagBag from /home/cnguyen/.pyenv/versions/3.10.4/envs/demo_airflow/lib/python3.10/site-packages/airflow/example_dags/standard/example_sensors.py","logger":"airflow.models.dagbag.DagBag"}
{"timestamp":"2025-08-07T13:29:07.081554","level":"info","event":"Filling up the DagBag from /home/cnguyen/.pyenv/versions/3.10.4/envs/demo_airflow/lib/python3.10/site-packages/airflow/example_dags/standard/example_sensors.py","logger":"airflow.models.dagbag.DagBag"}
{"timestamp":"2025-08-07T13:29:37.541704","level":"info","event":"Filling up the DagBag from /home/cnguyen/.pyenv/versions/3.10.4/envs/demo_airflow/lib/python3.10/site-packages/airflow/example_dags/standard/example_sensors.py","logger":"airflow.models.dagbag.DagBag"}
{"timestamp":"2025-08-07T13:30:07.749700","level":"info","event":"Filling up the DagBag from /home/cnguyen/.pyenv/versions/3.10.4/envs/demo_airflow/lib/python3.10/site-packages/airflow/example_dags/standard/example_sensors.py","logger":"airflow.models.dagbag.DagBag"}
{"timestamp":"2025-08-07T13:30:38.624513","level":"info","event":"Filling up the DagBag from /home/cnguyen/.pyenv/versions/3.10.4/envs/demo_airflow/lib/python3.10/site-packages/airflow/example_dags/standard/example_sensors.py","logger":"airflow.models.dagbag.DagBag"}
{"timestamp":"2025-08-07T13:31:09.423324","level":"info","event":"Filling up the DagBag from /home/cnguyen/.pyenv/versions/3.10.4/envs/demo_airflow/lib/python3.10/site-packages/airflow/example_dags/standard/example_sensors.py","logger":"airflow.models.dagbag.DagBag"}
{"timestamp":"2025-08-07T13:31:39.598689","level":"info","event":"Filling up the DagBag from /home/cnguyen/.pyenv/versions/3.10.4/envs/demo_airflow/lib/python3.10/site-packages/airflow/example_dags/standard/example_sensors.py","logger":"airflow.models.dagbag.DagBag"}
{"timestamp":"2025-08-07T13:32:10.521710","level":"info","event":"Filling up the DagBag from /home/cnguyen/.pyenv/versions/3.10.4/envs/demo_airflow/lib/python3.10/site-packages/airflow/example_dags/standard/example_sensors.py","logger":"airflow.models.dagbag.DagBag"}
{"timestamp":"2025-08-07T13:32:40.693689","level":"info","event":"Filling up the DagBag from /home/cnguyen/.pyenv/versions/3.10.4/envs/demo_airflow/lib/python3.10/site-packages/airflow/example_dags/standard/example_sensors.py","logger":"airflow.models.dagbag.DagBag"}
{"timestamp":"2025-08-07T13:33:11.251365","level":"info","event":"Filling up the DagBag from /home/cnguyen/.pyenv/versions/3.10.4/envs/demo_airflow/lib/python3.10/site-packages/airflow/example_dags/standard/example_sensors.py","logger":"airflow.models.dagbag.DagBag"}
{"timestamp":"2025-08-07T13:33:41.456457","level":"info","event":"Filling up the DagBag from /home/cnguyen/.pyenv/versions/3.10.4/envs/demo_airflow/lib/python3.10/site-packages/airflow/example_dags/standard/example_sensors.py","logger":"airflow.models.dagbag.DagBag"}
{"timestamp":"2025-08-07T13:34:11.965274","level":"info","event":"Filling up the DagBag from /home/cnguyen/.pyenv/versions/3.10.4/envs/demo_airflow/lib/python3.10/site-packages/airflow/example_dags/standard/example_sensors.py","logger":"airflow.models.dagbag.DagBag"}
{"timestamp":"2025-08-07T13:34:42.749952","level":"info","event":"Filling up the DagBag from /home/cnguyen/.pyenv/versions/3.10.4/envs/demo_airflow/lib/python3.10/site-packages/airflow/example_dags/standard/example_sensors.py","logger":"airflow.models.dagbag.DagBag"}
{"timestamp":"2025-08-07T13:35:59.301718","level":"info","event":"Filling up the DagBag from /home/cnguyen/.pyenv/versions/3.10.4/envs/demo_airflow/lib/python3.10/site-packages/airflow/example_dags/standard/example_sensors.py","logger":"airflow.models.dagbag.DagBag"}
{"timestamp":"2025-08-07T13:36:30.240183","level":"info","event":"Filling up the DagBag from /home/cnguyen/.pyenv/versions/3.10.4/envs/demo_airflow/lib/python3.10/site-packages/airflow/example_dags/standard/example_sensors.py","logger":"airflow.models.dagbag.DagBag"}
{"timestamp":"2025-08-07T13:37:01.451733","level":"info","event":"Filling up the DagBag from /home/cnguyen/.pyenv/versions/3.10.4/envs/demo_airflow/lib/python3.10/site-packages/airflow/example_dags/standard/example_sensors.py","logger":"airflow.models.dagbag.DagBag"}
{"timestamp":"2025-08-07T13:37:32.134594","level":"info","event":"Filling up the DagBag from /home/cnguyen/.pyenv/versions/3.10.4/envs/demo_airflow/lib/python3.10/site-packages/airflow/example_dags/standard/example_sensors.py","logger":"airflow.models.dagbag.DagBag"}
{"timestamp":"2025-08-07T13:38:02.698263","level":"info","event":"Filling up the DagBag from /home/cnguyen/.pyenv/versions/3.10.4/envs/demo_airflow/lib/python3.10/site-packages/airflow/example_dags/standard/example_sensors.py","logger":"airflow.models.dagbag.DagBag"}
{"timestamp":"2025-08-07T13:38:32.963504","level":"info","event":"Filling up the DagBag from /home/cnguyen/.pyenv/versions/3.10.4/envs/demo_airflow/lib/python3.10/site-packages/airflow/example_dags/standard/example_sensors.py","logger":"airflow.models.dagbag.DagBag"}
{"timestamp":"2025-08-07T13:39:03.766509","level":"info","event":"Filling up the DagBag from /home/cnguyen/.pyenv/versions/3.10.4/envs/demo_airflow/lib/python3.10/site-packages/airflow/example_dags/standard/example_sensors.py","logger":"airflow.models.dagbag.DagBag"}
{"timestamp":"2025-08-07T13:39:34.646206","level":"info","event":"Filling up the DagBag from /home/cnguyen/.pyenv/versions/3.10.4/envs/demo_airflow/lib/python3.10/site-packages/airflow/example_dags/standard/example_sensors.py","logger":"airflow.models.dagbag.DagBag"}
{"timestamp":"2025-08-07T13:40:05.188070","level":"info","event":"Filling up the DagBag from /home/cnguyen/.pyenv/versions/3.10.4/envs/demo_airflow/lib/python3.10/site-packages/airflow/example_dags/standard/example_sensors.py","logger":"airflow.models.dagbag.DagBag"}
{"timestamp":"2025-08-07T13:40:35.811663","level":"info","event":"Filling up the DagBag from /home/cnguyen/.pyenv/versions/3.10.4/envs/demo_airflow/lib/python3.10/site-packages/airflow/example_dags/standard/example_sensors.py","logger":"airflow.models.dagbag.DagBag"}
{"timestamp":"2025-08-07T13:41:40.211894","level":"info","event":"Filling up the DagBag from /home/cnguyen/.pyenv/versions/3.10.4/envs/demo_airflow/lib/python3.10/site-packages/airflow/example_dags/standard/example_sensors.py","logger":"airflow.models.dagbag.DagBag"}
{"timestamp":"2025-08-07T13:42:11.083923","level":"info","event":"Filling up the DagBag from /home/cnguyen/.pyenv/versions/3.10.4/envs/demo_airflow/lib/python3.10/site-packages/airflow/example_dags/standard/example_sensors.py","logger":"airflow.models.dagbag.DagBag"}
{"timestamp":"2025-08-07T13:42:41.826558","level":"info","event":"Filling up the DagBag from /home/cnguyen/.pyenv/versions/3.10.4/envs/demo_airflow/lib/python3.10/site-packages/airflow/example_dags/standard/example_sensors.py","logger":"airflow.models.dagbag.DagBag"}
{"timestamp":"2025-08-07T13:43:12.737700","level":"info","event":"Filling up the DagBag from /home/cnguyen/.pyenv/versions/3.10.4/envs/demo_airflow/lib/python3.10/site-packages/airflow/example_dags/standard/example_sensors.py","logger":"airflow.models.dagbag.DagBag"}
{"timestamp":"2025-08-07T13:43:43.368326","level":"info","event":"Filling up the DagBag from /home/cnguyen/.pyenv/versions/3.10.4/envs/demo_airflow/lib/python3.10/site-packages/airflow/example_dags/standard/example_sensors.py","logger":"airflow.models.dagbag.DagBag"}
{"timestamp":"2025-08-07T13:48:48.768592","level":"info","event":"Filling up the DagBag from /home/cnguyen/.pyenv/versions/3.10.4/envs/demo_airflow/lib/python3.10/site-packages/airflow/example_dags/standard/example_sensors.py","logger":"airflow.models.dagbag.DagBag"}
{"timestamp":"2025-08-07T13:49:18.921499","level":"info","event":"Filling up the DagBag from /home/cnguyen/.pyenv/versions/3.10.4/envs/demo_airflow/lib/python3.10/site-packages/airflow/example_dags/standard/example_sensors.py","logger":"airflow.models.dagbag.DagBag"}
{"timestamp":"2025-08-07T13:49:49.550057","level":"info","event":"Filling up the DagBag from /home/cnguyen/.pyenv/versions/3.10.4/envs/demo_airflow/lib/python3.10/site-packages/airflow/example_dags/standard/example_sensors.py","logger":"airflow.models.dagbag.DagBag"}
{"timestamp":"2025-08-07T13:50:49.202743","level":"info","event":"Filling up the DagBag from /home/cnguyen/.pyenv/versions/3.10.4/envs/demo_airflow/lib/python3.10/site-packages/airflow/example_dags/standard/example_sensors.py","logger":"airflow.models.dagbag.DagBag"}
{"timestamp":"2025-08-07T13:51:20.016451","level":"info","event":"Filling up the DagBag from /home/cnguyen/.pyenv/versions/3.10.4/envs/demo_airflow/lib/python3.10/site-packages/airflow/example_dags/standard/example_sensors.py","logger":"airflow.models.dagbag.DagBag"}
{"timestamp":"2025-08-07T13:51:50.723589","level":"info","event":"Filling up the DagBag from /home/cnguyen/.pyenv/versions/3.10.4/envs/demo_airflow/lib/python3.10/site-packages/airflow/example_dags/standard/example_sensors.py","logger":"airflow.models.dagbag.DagBag"}
{"timestamp":"2025-08-07T13:52:21.338732","level":"info","event":"Filling up the DagBag from /home/cnguyen/.pyenv/versions/3.10.4/envs/demo_airflow/lib/python3.10/site-packages/airflow/example_dags/standard/example_sensors.py","logger":"airflow.models.dagbag.DagBag"}
{"timestamp":"2025-08-07T13:52:52.223270","level":"info","event":"Filling up the DagBag from /home/cnguyen/.pyenv/versions/3.10.4/envs/demo_airflow/lib/python3.10/site-packages/airflow/example_dags/standard/example_sensors.py","logger":"airflow.models.dagbag.DagBag"}
{"timestamp":"2025-08-07T13:53:22.327919","level":"info","event":"Filling up the DagBag from /home/cnguyen/.pyenv/versions/3.10.4/envs/demo_airflow/lib/python3.10/site-packages/airflow/example_dags/standard/example_sensors.py","logger":"airflow.models.dagbag.DagBag"}
{"timestamp":"2025-08-07T13:53:53.063937","level":"info","event":"Filling up the DagBag from /home/cnguyen/.pyenv/versions/3.10.4/envs/demo_airflow/lib/python3.10/site-packages/airflow/example_dags/standard/example_sensors.py","logger":"airflow.models.dagbag.DagBag"}
{"timestamp":"2025-08-07T13:54:23.667279","level":"info","event":"Filling up the DagBag from /home/cnguyen/.pyenv/versions/3.10.4/envs/demo_airflow/lib/python3.10/site-packages/airflow/example_dags/standard/example_sensors.py","logger":"airflow.models.dagbag.DagBag"}
{"timestamp":"2025-08-07T13:54:54.153632","level":"info","event":"Filling up the DagBag from /home/cnguyen/.pyenv/versions/3.10.4/envs/demo_airflow/lib/python3.10/site-packages/airflow/example_dags/standard/example_sensors.py","logger":"airflow.models.dagbag.DagBag"}
{"timestamp":"2025-08-07T13:55:24.691310","level":"info","event":"Filling up the DagBag from /home/cnguyen/.pyenv/versions/3.10.4/envs/demo_airflow/lib/python3.10/site-packages/airflow/example_dags/standard/example_sensors.py","logger":"airflow.models.dagbag.DagBag"}
{"timestamp":"2025-08-07T13:55:55.236842","level":"info","event":"Filling up the DagBag from /home/cnguyen/.pyenv/versions/3.10.4/envs/demo_airflow/lib/python3.10/site-packages/airflow/example_dags/standard/example_sensors.py","logger":"airflow.models.dagbag.DagBag"}
{"timestamp":"2025-08-07T13:56:25.952704","level":"info","event":"Filling up the DagBag from /home/cnguyen/.pyenv/versions/3.10.4/envs/demo_airflow/lib/python3.10/site-packages/airflow/example_dags/standard/example_sensors.py","logger":"airflow.models.dagbag.DagBag"}
{"timestamp":"2025-08-07T13:56:56.397709","level":"info","event":"Filling up the DagBag from /home/cnguyen/.pyenv/versions/3.10.4/envs/demo_airflow/lib/python3.10/site-packages/airflow/example_dags/standard/example_sensors.py","logger":"airflow.models.dagbag.DagBag"}
{"timestamp":"2025-08-07T13:57:27.061039","level":"info","event":"Filling up the DagBag from /home/cnguyen/.pyenv/versions/3.10.4/envs/demo_airflow/lib/python3.10/site-packages/airflow/example_dags/standard/example_sensors.py","logger":"airflow.models.dagbag.DagBag"}
{"timestamp":"2025-08-07T13:57:57.942356","level":"info","event":"Filling up the DagBag from /home/cnguyen/.pyenv/versions/3.10.4/envs/demo_airflow/lib/python3.10/site-packages/airflow/example_dags/standard/example_sensors.py","logger":"airflow.models.dagbag.DagBag"}
{"timestamp":"2025-08-07T13:58:28.693468","level":"info","event":"Filling up the DagBag from /home/cnguyen/.pyenv/versions/3.10.4/envs/demo_airflow/lib/python3.10/site-packages/airflow/example_dags/standard/example_sensors.py","logger":"airflow.models.dagbag.DagBag"}
{"timestamp":"2025-08-07T13:58:59.422440","level":"info","event":"Filling up the DagBag from /home/cnguyen/.pyenv/versions/3.10.4/envs/demo_airflow/lib/python3.10/site-packages/airflow/example_dags/standard/example_sensors.py","logger":"airflow.models.dagbag.DagBag"}
{"timestamp":"2025-08-07T13:59:30.227382","level":"info","event":"Filling up the DagBag from /home/cnguyen/.pyenv/versions/3.10.4/envs/demo_airflow/lib/python3.10/site-packages/airflow/example_dags/standard/example_sensors.py","logger":"airflow.models.dagbag.DagBag"}
{"timestamp":"2025-08-07T14:00:01.180519","level":"info","event":"Filling up the DagBag from /home/cnguyen/.pyenv/versions/3.10.4/envs/demo_airflow/lib/python3.10/site-packages/airflow/example_dags/standard/example_sensors.py","logger":"airflow.models.dagbag.DagBag"}
{"timestamp":"2025-08-07T14:00:31.369673","level":"info","event":"Filling up the DagBag from /home/cnguyen/.pyenv/versions/3.10.4/envs/demo_airflow/lib/python3.10/site-packages/airflow/example_dags/standard/example_sensors.py","logger":"airflow.models.dagbag.DagBag"}
{"timestamp":"2025-08-07T14:01:01.630192","level":"info","event":"Filling up the DagBag from /home/cnguyen/.pyenv/versions/3.10.4/envs/demo_airflow/lib/python3.10/site-packages/airflow/example_dags/standard/example_sensors.py","logger":"airflow.models.dagbag.DagBag"}
{"timestamp":"2025-08-07T14:01:32.533337","level":"info","event":"Filling up the DagBag from /home/cnguyen/.pyenv/versions/3.10.4/envs/demo_airflow/lib/python3.10/site-packages/airflow/example_dags/standard/example_sensors.py","logger":"airflow.models.dagbag.DagBag"}
{"timestamp":"2025-08-07T14:02:03.290939","level":"info","event":"Filling up the DagBag from /home/cnguyen/.pyenv/versions/3.10.4/envs/demo_airflow/lib/python3.10/site-packages/airflow/example_dags/standard/example_sensors.py","logger":"airflow.models.dagbag.DagBag"}
{"timestamp":"2025-08-07T14:02:33.998340","level":"info","event":"Filling up the DagBag from /home/cnguyen/.pyenv/versions/3.10.4/envs/demo_airflow/lib/python3.10/site-packages/airflow/example_dags/standard/example_sensors.py","logger":"airflow.models.dagbag.DagBag"}
{"timestamp":"2025-08-07T14:03:04.495066","level":"info","event":"Filling up the DagBag from /home/cnguyen/.pyenv/versions/3.10.4/envs/demo_airflow/lib/python3.10/site-packages/airflow/example_dags/standard/example_sensors.py","logger":"airflow.models.dagbag.DagBag"}
{"timestamp":"2025-08-07T14:03:35.101775","level":"info","event":"Filling up the DagBag from /home/cnguyen/.pyenv/versions/3.10.4/envs/demo_airflow/lib/python3.10/site-packages/airflow/example_dags/standard/example_sensors.py","logger":"airflow.models.dagbag.DagBag"}
{"timestamp":"2025-08-07T14:04:05.739012","level":"info","event":"Filling up the DagBag from /home/cnguyen/.pyenv/versions/3.10.4/envs/demo_airflow/lib/python3.10/site-packages/airflow/example_dags/standard/example_sensors.py","logger":"airflow.models.dagbag.DagBag"}
{"timestamp":"2025-08-07T14:04:36.544523","level":"info","event":"Filling up the DagBag from /home/cnguyen/.pyenv/versions/3.10.4/envs/demo_airflow/lib/python3.10/site-packages/airflow/example_dags/standard/example_sensors.py","logger":"airflow.models.dagbag.DagBag"}
{"timestamp":"2025-08-07T14:05:06.686201","level":"info","event":"Filling up the DagBag from /home/cnguyen/.pyenv/versions/3.10.4/envs/demo_airflow/lib/python3.10/site-packages/airflow/example_dags/standard/example_sensors.py","logger":"airflow.models.dagbag.DagBag"}
{"timestamp":"2025-08-07T14:05:37.350942","level":"info","event":"Filling up the DagBag from /home/cnguyen/.pyenv/versions/3.10.4/envs/demo_airflow/lib/python3.10/site-packages/airflow/example_dags/standard/example_sensors.py","logger":"airflow.models.dagbag.DagBag"}
{"timestamp":"2025-08-07T14:06:07.980113","level":"info","event":"Filling up the DagBag from /home/cnguyen/.pyenv/versions/3.10.4/envs/demo_airflow/lib/python3.10/site-packages/airflow/example_dags/standard/example_sensors.py","logger":"airflow.models.dagbag.DagBag"}
{"timestamp":"2025-08-07T14:06:38.944475","level":"info","event":"Filling up the DagBag from /home/cnguyen/.pyenv/versions/3.10.4/envs/demo_airflow/lib/python3.10/site-packages/airflow/example_dags/standard/example_sensors.py","logger":"airflow.models.dagbag.DagBag"}
{"timestamp":"2025-08-07T14:07:09.540839","level":"info","event":"Filling up the DagBag from /home/cnguyen/.pyenv/versions/3.10.4/envs/demo_airflow/lib/python3.10/site-packages/airflow/example_dags/standard/example_sensors.py","logger":"airflow.models.dagbag.DagBag"}
{"timestamp":"2025-08-07T14:07:39.654560","level":"info","event":"Filling up the DagBag from /home/cnguyen/.pyenv/versions/3.10.4/envs/demo_airflow/lib/python3.10/site-packages/airflow/example_dags/standard/example_sensors.py","logger":"airflow.models.dagbag.DagBag"}
{"timestamp":"2025-08-07T14:08:10.214121","level":"info","event":"Filling up the DagBag from /home/cnguyen/.pyenv/versions/3.10.4/envs/demo_airflow/lib/python3.10/site-packages/airflow/example_dags/standard/example_sensors.py","logger":"airflow.models.dagbag.DagBag"}
