{"timestamp":"2025-08-05T03:02:43.073730","level":"info","event":"DAG bundles loaded: dags-folder, example_dags","logger":"airflow.dag_processing.bundles.manager.DagBundlesManager"}
{"timestamp":"2025-08-05T03:02:43.074780","level":"info","event":"Filling up the DagBag from /home/cnguyen/myrepos/dbt-postgres-airflow/airflow/dags/dbt-orchesstrator.py","logger":"airflow.models.dagbag.DagBag"}
{"timestamp":"2025-08-05T03:02:43.156969Z","level":"info","event":"Task instance is in running state","chan":"stdout","logger":"task"}
{"timestamp":"2025-08-05T03:02:43.157145Z","level":"info","event":" Previous state of the Task instance: TaskInstanceState.QUEUED","chan":"stdout","logger":"task"}
{"timestamp":"2025-08-05T03:02:43.157455Z","level":"info","event":"Current task name:model.canh_dbt_proj.my_second_dbt_model","chan":"stdout","logger":"task"}
{"timestamp":"2025-08-05T03:02:43.157626Z","level":"info","event":"Dag name:dbt_orchestrator","chan":"stdout","logger":"task"}
{"timestamp":"2025-08-05T03:02:43.158350","level":"info","event":"Tmp dir root location: /tmp","logger":"airflow.task.hooks.airflow.providers.standard.hooks.subprocess.SubprocessHook"}
{"timestamp":"2025-08-05T03:02:43.162828","level":"info","event":"Running command: ['/usr/bin/bash', '-c', 'cd /home/cnguyen/myrepos/dbt-postgres-airflow/dbt/canh_dbt_proj && /home/cnguyen/.pyenv/versions/demo_dbt/bin/dbt run']","logger":"airflow.task.hooks.airflow.providers.standard.hooks.subprocess.SubprocessHook"}
{"timestamp":"2025-08-05T03:02:43.173212","level":"info","event":"Output:","logger":"airflow.task.hooks.airflow.providers.standard.hooks.subprocess.SubprocessHook"}
{"timestamp":"2025-08-05T03:02:47.253227","level":"info","event":"\u001b[0m03:02:47  Running with dbt=1.10.6","logger":"airflow.task.hooks.airflow.providers.standard.hooks.subprocess.SubprocessHook"}
{"timestamp":"2025-08-05T03:02:48.016271","level":"info","event":"\u001b[0m03:02:48  Registered adapter: postgres=1.9.0","logger":"airflow.task.hooks.airflow.providers.standard.hooks.subprocess.SubprocessHook"}
{"timestamp":"2025-08-05T03:02:49.343574","level":"info","event":"\u001b[0m03:02:49  Found 2 models, 4 data tests, 434 macros","logger":"airflow.task.hooks.airflow.providers.standard.hooks.subprocess.SubprocessHook"}
{"timestamp":"2025-08-05T03:02:49.353572","level":"info","event":"\u001b[0m03:02:49","logger":"airflow.task.hooks.airflow.providers.standard.hooks.subprocess.SubprocessHook"}
{"timestamp":"2025-08-05T03:02:49.354895","level":"info","event":"\u001b[0m03:02:49  Concurrency: 1 threads (target='dev')","logger":"airflow.task.hooks.airflow.providers.standard.hooks.subprocess.SubprocessHook"}
{"timestamp":"2025-08-05T03:02:49.355783","level":"info","event":"\u001b[0m03:02:49","logger":"airflow.task.hooks.airflow.providers.standard.hooks.subprocess.SubprocessHook"}
{"timestamp":"2025-08-05T03:02:49.893790","level":"info","event":"\u001b[0m03:02:49  1 of 2 START sql table model dev.my_first_dbt_model ............................ [RUN]","logger":"airflow.task.hooks.airflow.providers.standard.hooks.subprocess.SubprocessHook"}
{"timestamp":"2025-08-05T03:02:50.605914","level":"info","event":"\u001b[0m03:02:50  1 of 2 OK created sql table model dev.my_first_dbt_model ....................... [\u001b[32mSELECT 2\u001b[0m in 0.70s]","logger":"airflow.task.hooks.airflow.providers.standard.hooks.subprocess.SubprocessHook"}
{"timestamp":"2025-08-05T03:02:50.653359","level":"info","event":"\u001b[0m03:02:50  2 of 2 START sql view model dev.my_second_dbt_model ............................ [RUN]","logger":"airflow.task.hooks.airflow.providers.standard.hooks.subprocess.SubprocessHook"}
{"timestamp":"2025-08-05T03:02:50.967284","level":"info","event":"\u001b[0m03:02:50  2 of 2 OK created sql view model dev.my_second_dbt_model ....................... [\u001b[32mCREATE VIEW\u001b[0m in 0.31s]","logger":"airflow.task.hooks.airflow.providers.standard.hooks.subprocess.SubprocessHook"}
{"timestamp":"2025-08-05T03:02:51.025783","level":"info","event":"\u001b[0m03:02:51","logger":"airflow.task.hooks.airflow.providers.standard.hooks.subprocess.SubprocessHook"}
{"timestamp":"2025-08-05T03:02:51.026355","level":"info","event":"\u001b[0m03:02:51  Finished running 1 table model, 1 view model in 0 hours 0 minutes and 1.67 seconds (1.67s).","logger":"airflow.task.hooks.airflow.providers.standard.hooks.subprocess.SubprocessHook"}
{"timestamp":"2025-08-05T03:02:51.628785","level":"info","event":"\u001b[0m03:02:51","logger":"airflow.task.hooks.airflow.providers.standard.hooks.subprocess.SubprocessHook"}
{"timestamp":"2025-08-05T03:02:51.634731","level":"info","event":"\u001b[0m03:02:51  \u001b[32mCompleted successfully\u001b[0m","logger":"airflow.task.hooks.airflow.providers.standard.hooks.subprocess.SubprocessHook"}
{"timestamp":"2025-08-05T03:02:51.643431","level":"info","event":"\u001b[0m03:02:51","logger":"airflow.task.hooks.airflow.providers.standard.hooks.subprocess.SubprocessHook"}
{"timestamp":"2025-08-05T03:02:51.644905","level":"info","event":"\u001b[0m03:02:51  Done. PASS=2 WARN=0 ERROR=0 SKIP=0 NO-OP=0 TOTAL=2","logger":"airflow.task.hooks.airflow.providers.standard.hooks.subprocess.SubprocessHook"}
{"timestamp":"2025-08-05T03:02:53.472890","level":"info","event":"Command exited with return code 0","logger":"airflow.task.hooks.airflow.providers.standard.hooks.subprocess.SubprocessHook"}
{"timestamp":"2025-08-05T03:02:53.473719","level":"info","event":"Pushing xcom","ti":"RuntimeTaskInstance(id=UUID('0198782e-2cf1-7b3c-be6a-53b8534f4c95'), task_id='model.canh_dbt_proj.my_second_dbt_model', dag_id='dbt_orchestrator', run_id='manual__2025-08-05T03:02:28.778857+00:00', try_number=1, map_index=-1, hostname='4N7Q2M3.kms.com.vn', context_carrier=None, task=<Task(BashOperator): model.canh_dbt_proj.my_second_dbt_model>, bundle_instance=LocalDagBundle(name=dags-folder), max_tries=0, start_date=datetime.datetime(2025, 8, 5, 3, 2, 42, 966575, tzinfo=datetime.timezone.utc), end_date=None, state=<TaskInstanceState.RUNNING: 'running'>, is_mapped=False, rendered_map_index=None, log_url='http://localhost:8080/dags/dbt_orchestrator/runs/manual__2025-08-05T03%3A02%3A28.778857%2B00%3A00/tasks/model.canh_dbt_proj.my_second_dbt_model?try_number=1')","logger":"task"}
{"timestamp":"2025-08-05T03:02:53.697115Z","level":"info","event":"Task instance in success state","chan":"stdout","logger":"task"}
{"timestamp":"2025-08-05T03:02:53.697330Z","level":"info","event":" Previous state of the Task instance: TaskInstanceState.RUNNING","chan":"stdout","logger":"task"}
{"timestamp":"2025-08-05T03:02:53.697416Z","level":"info","event":"Task operator:<Task(BashOperator): model.canh_dbt_proj.my_second_dbt_model>","chan":"stdout","logger":"task"}
