{"timestamp":"2025-08-07T13:51:21.727524","level":"info","event":"DAG bundles loaded: dags-folder, example_dags","logger":"airflow.dag_processing.bundles.manager.DagBundlesManager"}
{"timestamp":"2025-08-07T13:51:21.728392","level":"info","event":"Filling up the DagBag from /home/cnguyen/myrepos/dbt-postgres-airflow/airflow/dags/dbt-orchesstrator.py","logger":"airflow.models.dagbag.DagBag"}
{"timestamp":"2025-08-07T13:51:21.780430Z","level":"info","event":"Task instance is in running state","chan":"stdout","logger":"task"}
{"timestamp":"2025-08-07T13:51:21.780605Z","level":"info","event":" Previous state of the Task instance: TaskInstanceState.QUEUED","chan":"stdout","logger":"task"}
{"timestamp":"2025-08-07T13:51:21.780790Z","level":"info","event":"Current task name:model.canh_dbt_proj.stg_weather_report","chan":"stdout","logger":"task"}
{"timestamp":"2025-08-07T13:51:21.780901Z","level":"info","event":"Dag name:dbt_orchestrator","chan":"stdout","logger":"task"}
{"timestamp":"2025-08-07T13:51:21.781569","level":"info","event":"Tmp dir root location: /tmp","logger":"airflow.task.hooks.airflow.providers.standard.hooks.subprocess.SubprocessHook"}
{"timestamp":"2025-08-07T13:51:21.782401","level":"info","event":"Running command: ['/usr/bin/bash', '-c', 'cd /home/cnguyen/myrepos/dbt-postgres-airflow/dbt/canh_dbt_proj && /home/cnguyen/.pyenv/versions/demo_dbt/bin/dbt run']","logger":"airflow.task.hooks.airflow.providers.standard.hooks.subprocess.SubprocessHook"}
{"timestamp":"2025-08-07T13:51:21.787858","level":"info","event":"Output:","logger":"airflow.task.hooks.airflow.providers.standard.hooks.subprocess.SubprocessHook"}
{"timestamp":"2025-08-07T13:51:23.569697","level":"info","event":"\u001b[0m13:51:23  Running with dbt=1.10.6","logger":"airflow.task.hooks.airflow.providers.standard.hooks.subprocess.SubprocessHook"}
{"timestamp":"2025-08-07T13:51:23.861326","level":"info","event":"\u001b[0m13:51:23  Registered adapter: postgres=1.9.0","logger":"airflow.task.hooks.airflow.providers.standard.hooks.subprocess.SubprocessHook"}
{"timestamp":"2025-08-07T13:51:24.350498","level":"info","event":"\u001b[0m13:51:24  Found 3 models, 1 source, 435 macros","logger":"airflow.task.hooks.airflow.providers.standard.hooks.subprocess.SubprocessHook"}
{"timestamp":"2025-08-07T13:51:24.353399","level":"info","event":"\u001b[0m13:51:24","logger":"airflow.task.hooks.airflow.providers.standard.hooks.subprocess.SubprocessHook"}
{"timestamp":"2025-08-07T13:51:24.353966","level":"info","event":"\u001b[0m13:51:24  Concurrency: 1 threads (target='dev')","logger":"airflow.task.hooks.airflow.providers.standard.hooks.subprocess.SubprocessHook"}
{"timestamp":"2025-08-07T13:51:24.354455","level":"info","event":"\u001b[0m13:51:24","logger":"airflow.task.hooks.airflow.providers.standard.hooks.subprocess.SubprocessHook"}
{"timestamp":"2025-08-07T13:51:24.560905","level":"info","event":"\u001b[0m13:51:24  1 of 3 START sql view model dev.stg_weather_report ............................. [RUN]","logger":"airflow.task.hooks.airflow.providers.standard.hooks.subprocess.SubprocessHook"}
{"timestamp":"2025-08-07T13:51:24.729431","level":"info","event":"\u001b[0m13:51:24  1 of 3 OK created sql view model dev.stg_weather_report ........................ [\u001b[32mCREATE VIEW\u001b[0m in 0.16s]","logger":"airflow.task.hooks.airflow.providers.standard.hooks.subprocess.SubprocessHook"}
{"timestamp":"2025-08-07T13:51:24.734184","level":"info","event":"\u001b[0m13:51:24  2 of 3 START sql incremental model dev.weather_del_ins ......................... [RUN]","logger":"airflow.task.hooks.airflow.providers.standard.hooks.subprocess.SubprocessHook"}
{"timestamp":"2025-08-07T13:51:24.929834","level":"info","event":"\u001b[0m13:51:24  2 of 3 OK created sql incremental model dev.weather_del_ins .................... [\u001b[32mINSERT 0 16\u001b[0m in 0.19s]","logger":"airflow.task.hooks.airflow.providers.standard.hooks.subprocess.SubprocessHook"}
{"timestamp":"2025-08-07T13:51:24.932822","level":"info","event":"\u001b[0m13:51:24  3 of 3 START sql incremental model dev.weather_merge_ins ....................... [RUN]","logger":"airflow.task.hooks.airflow.providers.standard.hooks.subprocess.SubprocessHook"}
{"timestamp":"2025-08-07T13:51:25.012122","level":"info","event":"\u001b[0m13:51:25  3 of 3 OK created sql incremental model dev.weather_merge_ins .................. [\u001b[32mINSERT 0 16\u001b[0m in 0.08s]","logger":"airflow.task.hooks.airflow.providers.standard.hooks.subprocess.SubprocessHook"}
{"timestamp":"2025-08-07T13:51:25.029197","level":"info","event":"\u001b[0m13:51:25","logger":"airflow.task.hooks.airflow.providers.standard.hooks.subprocess.SubprocessHook"}
{"timestamp":"2025-08-07T13:51:25.029514","level":"info","event":"\u001b[0m13:51:25  Finished running 2 incremental models, 1 view model in 0 hours 0 minutes and 0.67 seconds (0.67s).","logger":"airflow.task.hooks.airflow.providers.standard.hooks.subprocess.SubprocessHook"}
{"timestamp":"2025-08-07T13:51:25.075386","level":"info","event":"\u001b[0m13:51:25","logger":"airflow.task.hooks.airflow.providers.standard.hooks.subprocess.SubprocessHook"}
{"timestamp":"2025-08-07T13:51:25.075833","level":"info","event":"\u001b[0m13:51:25  \u001b[32mCompleted successfully\u001b[0m","logger":"airflow.task.hooks.airflow.providers.standard.hooks.subprocess.SubprocessHook"}
{"timestamp":"2025-08-07T13:51:25.076527","level":"info","event":"\u001b[0m13:51:25","logger":"airflow.task.hooks.airflow.providers.standard.hooks.subprocess.SubprocessHook"}
{"timestamp":"2025-08-07T13:51:25.077213","level":"info","event":"\u001b[0m13:51:25  Done. PASS=3 WARN=0 ERROR=0 SKIP=0 NO-OP=0 TOTAL=3","logger":"airflow.task.hooks.airflow.providers.standard.hooks.subprocess.SubprocessHook"}
{"timestamp":"2025-08-07T13:51:26.784310","level":"info","event":"Command exited with return code 0","logger":"airflow.task.hooks.airflow.providers.standard.hooks.subprocess.SubprocessHook"}
{"timestamp":"2025-08-07T13:51:26.785266","level":"info","event":"Pushing xcom","ti":"RuntimeTaskInstance(id=UUID('019884cc-ee18-79f8-86f0-b322040ede6b'), task_id='model.canh_dbt_proj.stg_weather_report', dag_id='dbt_orchestrator', run_id='manual__2025-08-07T13:51:19.545842+00:00', try_number=1, map_index=-1, hostname='4N7Q2M3.kms.com.vn', context_carrier=None, task=<Task(BashOperator): model.canh_dbt_proj.stg_weather_report>, bundle_instance=LocalDagBundle(name=dags-folder), max_tries=0, start_date=datetime.datetime(2025, 8, 7, 13, 51, 21, 676863, tzinfo=datetime.timezone.utc), end_date=None, state=<TaskInstanceState.RUNNING: 'running'>, is_mapped=False, rendered_map_index=None, log_url='http://localhost:8080/dags/dbt_orchestrator/runs/manual__2025-08-07T13%3A51%3A19.545842%2B00%3A00/tasks/model.canh_dbt_proj.stg_weather_report?try_number=1')","logger":"task"}
{"timestamp":"2025-08-07T13:51:26.876577Z","level":"info","event":"Task instance in success state","chan":"stdout","logger":"task"}
{"timestamp":"2025-08-07T13:51:26.876734Z","level":"info","event":" Previous state of the Task instance: TaskInstanceState.RUNNING","chan":"stdout","logger":"task"}
{"timestamp":"2025-08-07T13:51:26.877297Z","level":"info","event":"Task operator:<Task(BashOperator): model.canh_dbt_proj.stg_weather_report>","chan":"stdout","logger":"task"}
