{"timestamp":"2025-08-06T09:00:02.325127","level":"info","event":"DAG bundles loaded: dags-folder, example_dags","logger":"airflow.dag_processing.bundles.manager.DagBundlesManager"}
{"timestamp":"2025-08-06T09:00:02.326171","level":"info","event":"Filling up the DagBag from /home/cnguyen/myrepos/dbt-postgres-airflow/airflow/dags/dbt-orchesstrator.py","logger":"airflow.models.dagbag.DagBag"}
{"timestamp":"2025-08-06T09:00:02.450633Z","level":"info","event":"Task instance is in running state","chan":"stdout","logger":"task"}
{"timestamp":"2025-08-06T09:00:02.450883Z","level":"info","event":" Previous state of the Task instance: TaskInstanceState.QUEUED","chan":"stdout","logger":"task"}
{"timestamp":"2025-08-06T09:00:02.451200Z","level":"info","event":"Current task name:wait_for_weather_data","chan":"stdout","logger":"task"}
{"timestamp":"2025-08-06T09:00:02.451310Z","level":"info","event":"Dag name:dbt_orchestrator","chan":"stdout","logger":"task"}
{"timestamp":"2025-08-06T09:00:02.451768","level":"info","event":"Poking for tasks ['ingest_weather_data'] in dag data_weather_fetch_daily on 2025-08-06T09:00:00+00:00 ... ","logger":"airflow.task.operators.airflow.providers.standard.sensors.external_task.ExternalTaskSensor"}
{"timestamp":"2025-08-06T09:01:02.516798","level":"info","event":"Poking for tasks ['ingest_weather_data'] in dag data_weather_fetch_daily on 2025-08-06T09:00:00+00:00 ... ","logger":"airflow.task.operators.airflow.providers.standard.sensors.external_task.ExternalTaskSensor"}
{"timestamp":"2025-08-06T09:02:02.581966","level":"info","event":"Poking for tasks ['ingest_weather_data'] in dag data_weather_fetch_daily on 2025-08-06T09:00:00+00:00 ... ","logger":"airflow.task.operators.airflow.providers.standard.sensors.external_task.ExternalTaskSensor"}
{"timestamp":"2025-08-06T09:03:02.657600","level":"info","event":"Poking for tasks ['ingest_weather_data'] in dag data_weather_fetch_daily on 2025-08-06T09:00:00+00:00 ... ","logger":"airflow.task.operators.airflow.providers.standard.sensors.external_task.ExternalTaskSensor"}
{"timestamp":"2025-08-06T09:04:02.751615","level":"info","event":"Poking for tasks ['ingest_weather_data'] in dag data_weather_fetch_daily on 2025-08-06T09:00:00+00:00 ... ","logger":"airflow.task.operators.airflow.providers.standard.sensors.external_task.ExternalTaskSensor"}
{"timestamp":"2025-08-06T09:05:02.827187","level":"info","event":"Poking for tasks ['ingest_weather_data'] in dag data_weather_fetch_daily on 2025-08-06T09:00:00+00:00 ... ","logger":"airflow.task.operators.airflow.providers.standard.sensors.external_task.ExternalTaskSensor"}
{"timestamp":"2025-08-06T09:06:02.911919","level":"info","event":"Poking for tasks ['ingest_weather_data'] in dag data_weather_fetch_daily on 2025-08-06T09:00:00+00:00 ... ","logger":"airflow.task.operators.airflow.providers.standard.sensors.external_task.ExternalTaskSensor"}
{"timestamp":"2025-08-06T09:07:02.985605","level":"info","event":"Poking for tasks ['ingest_weather_data'] in dag data_weather_fetch_daily on 2025-08-06T09:00:00+00:00 ... ","logger":"airflow.task.operators.airflow.providers.standard.sensors.external_task.ExternalTaskSensor"}
{"timestamp":"2025-08-06T09:08:03.057484","level":"info","event":"Poking for tasks ['ingest_weather_data'] in dag data_weather_fetch_daily on 2025-08-06T09:00:00+00:00 ... ","logger":"airflow.task.operators.airflow.providers.standard.sensors.external_task.ExternalTaskSensor"}
{"timestamp":"2025-08-06T09:09:03.137278","level":"info","event":"Poking for tasks ['ingest_weather_data'] in dag data_weather_fetch_daily on 2025-08-06T09:00:00+00:00 ... ","logger":"airflow.task.operators.airflow.providers.standard.sensors.external_task.ExternalTaskSensor"}
{"timestamp":"2025-08-06T09:10:03.209978","level":"info","event":"Poking for tasks ['ingest_weather_data'] in dag data_weather_fetch_daily on 2025-08-06T09:00:00+00:00 ... ","logger":"airflow.task.operators.airflow.providers.standard.sensors.external_task.ExternalTaskSensor"}
{"timestamp":"2025-08-06T09:10:03.223515","level":"error","event":"Task failed with exception","logger":"task","error_detail":[{"exc_type":"AirflowSensorTimeout","exc_value":"Sensor has timed out; run duration of 600.7782431759988 seconds exceeds the specified timeout of 600.0.","exc_notes":[],"syntax_error":null,"is_cause":false,"frames":[{"filename":"/home/cnguyen/.pyenv/versions/3.10.4/envs/demo_airflow/lib/python3.10/site-packages/airflow/sdk/execution_time/task_runner.py","lineno":877,"name":"run"},{"filename":"/home/cnguyen/.pyenv/versions/3.10.4/envs/demo_airflow/lib/python3.10/site-packages/airflow/sdk/execution_time/task_runner.py","lineno":1164,"name":"_execute_task"},{"filename":"/home/cnguyen/.pyenv/versions/3.10.4/envs/demo_airflow/lib/python3.10/site-packages/airflow/sdk/bases/operator.py","lineno":397,"name":"wrapper"},{"filename":"/home/cnguyen/.pyenv/versions/3.10.4/envs/demo_airflow/lib/python3.10/site-packages/airflow/providers/standard/sensors/external_task.py","lineno":421,"name":"execute"},{"filename":"/home/cnguyen/.pyenv/versions/3.10.4/envs/demo_airflow/lib/python3.10/site-packages/airflow/sdk/bases/operator.py","lineno":397,"name":"wrapper"},{"filename":"/home/cnguyen/.pyenv/versions/3.10.4/envs/demo_airflow/lib/python3.10/site-packages/airflow/sdk/bases/sensor.py","lineno":243,"name":"execute"}],"is_group":false,"exceptions":[]}]}
{"timestamp":"2025-08-06T09:10:03.250606Z","level":"info","event":"Task instance in failure state","chan":"stdout","logger":"task"}
{"timestamp":"2025-08-06T09:10:03.251082Z","level":"info","event":"Task start","chan":"stdout","logger":"task"}
{"timestamp":"2025-08-06T09:10:03.251181Z","level":"info","event":"Task:<Task(ExternalTaskSensor): wait_for_weather_data>","chan":"stdout","logger":"task"}
{"timestamp":"2025-08-06T09:10:03.251282Z","level":"info","event":"Failure caused by Sensor has timed out; run duration of 600.7782431759988 seconds exceeds the specified timeout of 600.0.","chan":"stdout","logger":"task"}
