{"timestamp":"2025-08-05T03:03:17.066933","level":"info","event":"DAG bundles loaded: dags-folder, example_dags","logger":"airflow.dag_processing.bundles.manager.DagBundlesManager"}
{"timestamp":"2025-08-05T03:03:17.067875","level":"info","event":"Filling up the DagBag from /home/cnguyen/myrepos/dbt-postgres-airflow/airflow/dags/dbt-orchesstrator.py","logger":"airflow.models.dagbag.DagBag"}
{"timestamp":"2025-08-05T03:03:17.339592Z","level":"info","event":"Task instance is in running state","chan":"stdout","logger":"task"}
{"timestamp":"2025-08-05T03:03:17.339801Z","level":"info","event":" Previous state of the Task instance: TaskInstanceState.QUEUED","chan":"stdout","logger":"task"}
{"timestamp":"2025-08-05T03:03:17.340044Z","level":"info","event":"Current task name:model.canh_dbt_proj.my_first_dbt_model","chan":"stdout","logger":"task"}
{"timestamp":"2025-08-05T03:03:17.340131Z","level":"info","event":"Dag name:dbt_orchestrator","chan":"stdout","logger":"task"}
{"timestamp":"2025-08-05T03:03:17.348323","level":"info","event":"Tmp dir root location: /tmp","logger":"airflow.task.hooks.airflow.providers.standard.hooks.subprocess.SubprocessHook"}
{"timestamp":"2025-08-05T03:03:17.348990","level":"info","event":"Running command: ['/usr/bin/bash', '-c', 'cd /home/cnguyen/myrepos/dbt-postgres-airflow/dbt/canh_dbt_proj && /home/cnguyen/.pyenv/versions/demo_dbt/bin/dbt run']","logger":"airflow.task.hooks.airflow.providers.standard.hooks.subprocess.SubprocessHook"}
{"timestamp":"2025-08-05T03:03:17.360364","level":"info","event":"Output:","logger":"airflow.task.hooks.airflow.providers.standard.hooks.subprocess.SubprocessHook"}
{"timestamp":"2025-08-05T03:03:21.739797","level":"info","event":"\u001b[0m03:03:21  Running with dbt=1.10.6","logger":"airflow.task.hooks.airflow.providers.standard.hooks.subprocess.SubprocessHook"}
{"timestamp":"2025-08-05T03:03:22.498925","level":"info","event":"\u001b[0m03:03:22  Registered adapter: postgres=1.9.0","logger":"airflow.task.hooks.airflow.providers.standard.hooks.subprocess.SubprocessHook"}
{"timestamp":"2025-08-05T03:03:24.195963","level":"info","event":"\u001b[0m03:03:24  Found 2 models, 4 data tests, 434 macros","logger":"airflow.task.hooks.airflow.providers.standard.hooks.subprocess.SubprocessHook"}
{"timestamp":"2025-08-05T03:03:24.209004","level":"info","event":"\u001b[0m03:03:24","logger":"airflow.task.hooks.airflow.providers.standard.hooks.subprocess.SubprocessHook"}
{"timestamp":"2025-08-05T03:03:24.210499","level":"info","event":"\u001b[0m03:03:24  Concurrency: 1 threads (target='dev')","logger":"airflow.task.hooks.airflow.providers.standard.hooks.subprocess.SubprocessHook"}
{"timestamp":"2025-08-05T03:03:24.220536","level":"info","event":"\u001b[0m03:03:24","logger":"airflow.task.hooks.airflow.providers.standard.hooks.subprocess.SubprocessHook"}
{"timestamp":"2025-08-05T03:03:24.710270","level":"info","event":"\u001b[0m03:03:24  1 of 2 START sql table model dev.my_first_dbt_model ............................ [RUN]","logger":"airflow.task.hooks.airflow.providers.standard.hooks.subprocess.SubprocessHook"}
{"timestamp":"2025-08-05T03:03:25.189917","level":"info","event":"\u001b[0m03:03:25  1 of 2 OK created sql table model dev.my_first_dbt_model ....................... [\u001b[32mSELECT 2\u001b[0m in 0.47s]","logger":"airflow.task.hooks.airflow.providers.standard.hooks.subprocess.SubprocessHook"}
{"timestamp":"2025-08-05T03:03:25.204814","level":"info","event":"\u001b[0m03:03:25  2 of 2 START sql view model dev.my_second_dbt_model ............................ [RUN]","logger":"airflow.task.hooks.airflow.providers.standard.hooks.subprocess.SubprocessHook"}
{"timestamp":"2025-08-05T03:03:25.416085","level":"info","event":"\u001b[0m03:03:25  2 of 2 ERROR creating sql view model dev.my_second_dbt_model ................... [\u001b[31mERROR\u001b[0m in 0.21s]","logger":"airflow.task.hooks.airflow.providers.standard.hooks.subprocess.SubprocessHook"}
{"timestamp":"2025-08-05T03:03:25.506558","level":"info","event":"\u001b[0m03:03:25","logger":"airflow.task.hooks.airflow.providers.standard.hooks.subprocess.SubprocessHook"}
{"timestamp":"2025-08-05T03:03:25.515550","level":"info","event":"\u001b[0m03:03:25  Finished running 1 table model, 1 view model in 0 hours 0 minutes and 1.29 seconds (1.29s).","logger":"airflow.task.hooks.airflow.providers.standard.hooks.subprocess.SubprocessHook"}
{"timestamp":"2025-08-05T03:03:25.645459","level":"info","event":"\u001b[0m03:03:25","logger":"airflow.task.hooks.airflow.providers.standard.hooks.subprocess.SubprocessHook"}
{"timestamp":"2025-08-05T03:03:25.654951","level":"info","event":"\u001b[0m03:03:25  \u001b[31mCompleted with 1 error, 0 partial successes, and 0 warnings:\u001b[0m","logger":"airflow.task.hooks.airflow.providers.standard.hooks.subprocess.SubprocessHook"}
{"timestamp":"2025-08-05T03:03:25.656756","level":"info","event":"\u001b[0m03:03:25","logger":"airflow.task.hooks.airflow.providers.standard.hooks.subprocess.SubprocessHook"}
{"timestamp":"2025-08-05T03:03:25.658190","level":"info","event":"\u001b[0m03:03:25  \u001b[31mFailure in model my_second_dbt_model (models/example/my_second_dbt_model.sql)\u001b[0m","logger":"airflow.task.hooks.airflow.providers.standard.hooks.subprocess.SubprocessHook"}
{"timestamp":"2025-08-05T03:03:25.659358","level":"info","event":"\u001b[0m03:03:25    Database Error in model my_second_dbt_model (models/example/my_second_dbt_model.sql)","logger":"airflow.task.hooks.airflow.providers.standard.hooks.subprocess.SubprocessHook"}
{"timestamp":"2025-08-05T03:03:25.659498","level":"info","event":"  relation \"my_second_dbt_model\" already exists","logger":"airflow.task.hooks.airflow.providers.standard.hooks.subprocess.SubprocessHook"}
{"timestamp":"2025-08-05T03:03:25.659578","level":"info","event":"  compiled code at target/run/canh_dbt_proj/models/example/my_second_dbt_model.sql","logger":"airflow.task.hooks.airflow.providers.standard.hooks.subprocess.SubprocessHook"}
{"timestamp":"2025-08-05T03:03:25.660705","level":"info","event":"\u001b[0m03:03:25","logger":"airflow.task.hooks.airflow.providers.standard.hooks.subprocess.SubprocessHook"}
{"timestamp":"2025-08-05T03:03:25.665559","level":"info","event":"\u001b[0m03:03:25    compiled code at target/compiled/canh_dbt_proj/models/example/my_second_dbt_model.sql","logger":"airflow.task.hooks.airflow.providers.standard.hooks.subprocess.SubprocessHook"}
{"timestamp":"2025-08-05T03:03:25.666572","level":"info","event":"\u001b[0m03:03:25","logger":"airflow.task.hooks.airflow.providers.standard.hooks.subprocess.SubprocessHook"}
{"timestamp":"2025-08-05T03:03:25.677273","level":"info","event":"\u001b[0m03:03:25  Done. PASS=1 WARN=0 ERROR=1 SKIP=0 NO-OP=0 TOTAL=2","logger":"airflow.task.hooks.airflow.providers.standard.hooks.subprocess.SubprocessHook"}
{"timestamp":"2025-08-05T03:03:27.645212","level":"info","event":"Command exited with return code 1","logger":"airflow.task.hooks.airflow.providers.standard.hooks.subprocess.SubprocessHook"}
{"timestamp":"2025-08-05T03:03:27.645902","level":"error","event":"Task failed with exception","logger":"task","error_detail":[{"exc_type":"AirflowException","exc_value":"Bash command failed. The command returned a non-zero exit code 1.","exc_notes":[],"syntax_error":null,"is_cause":false,"frames":[{"filename":"/home/cnguyen/.pyenv/versions/3.10.4/envs/demo_airflow/lib/python3.10/site-packages/airflow/sdk/execution_time/task_runner.py","lineno":877,"name":"run"},{"filename":"/home/cnguyen/.pyenv/versions/3.10.4/envs/demo_airflow/lib/python3.10/site-packages/airflow/sdk/execution_time/task_runner.py","lineno":1164,"name":"_execute_task"},{"filename":"/home/cnguyen/.pyenv/versions/3.10.4/envs/demo_airflow/lib/python3.10/site-packages/airflow/sdk/bases/operator.py","lineno":397,"name":"wrapper"},{"filename":"/home/cnguyen/.pyenv/versions/3.10.4/envs/demo_airflow/lib/python3.10/site-packages/airflow/providers/standard/operators/bash.py","lineno":232,"name":"execute"}],"is_group":false,"exceptions":[]}]}
{"timestamp":"2025-08-05T03:03:27.689172Z","level":"info","event":"Task instance in failure state","chan":"stdout","logger":"task"}
{"timestamp":"2025-08-05T03:03:27.690366Z","level":"info","event":"Task start","chan":"stdout","logger":"task"}
{"timestamp":"2025-08-05T03:03:27.690549Z","level":"info","event":"Task:<Task(BashOperator): model.canh_dbt_proj.my_first_dbt_model>","chan":"stdout","logger":"task"}
{"timestamp":"2025-08-05T03:03:27.690625Z","level":"info","event":"Failure caused by Bash command failed. The command returned a non-zero exit code 1.","chan":"stdout","logger":"task"}
