{"timestamp":"2025-08-07T13:51:12.728524","level":"info","event":"DAG bundles loaded: dags-folder, example_dags","logger":"airflow.dag_processing.bundles.manager.DagBundlesManager"}
{"timestamp":"2025-08-07T13:51:12.729186","level":"info","event":"Filling up the DagBag from /home/cnguyen/myrepos/dbt-postgres-airflow/airflow/dags/dbt-orchesstrator.py","logger":"airflow.models.dagbag.DagBag"}
{"timestamp":"2025-08-07T13:51:12.771442Z","level":"info","event":"Task instance is in running state","chan":"stdout","logger":"task"}
{"timestamp":"2025-08-07T13:51:12.771617Z","level":"info","event":" Previous state of the Task instance: TaskInstanceState.QUEUED","chan":"stdout","logger":"task"}
{"timestamp":"2025-08-07T13:51:12.771874Z","level":"info","event":"Current task name:model.canh_dbt_proj.weather_del_ins","chan":"stdout","logger":"task"}
{"timestamp":"2025-08-07T13:51:12.771989Z","level":"info","event":"Dag name:dbt_orchestrator","chan":"stdout","logger":"task"}
{"timestamp":"2025-08-07T13:51:12.772566","level":"info","event":"Tmp dir root location: /tmp","logger":"airflow.task.hooks.airflow.providers.standard.hooks.subprocess.SubprocessHook"}
{"timestamp":"2025-08-07T13:51:12.773478","level":"info","event":"Running command: ['/usr/bin/bash', '-c', 'cd /home/cnguyen/myrepos/dbt-postgres-airflow/dbt/canh_dbt_proj && /home/cnguyen/.pyenv/versions/demo_dbt/bin/dbt run']","logger":"airflow.task.hooks.airflow.providers.standard.hooks.subprocess.SubprocessHook"}
{"timestamp":"2025-08-07T13:51:12.779670","level":"info","event":"Output:","logger":"airflow.task.hooks.airflow.providers.standard.hooks.subprocess.SubprocessHook"}
{"timestamp":"2025-08-07T13:51:14.543116","level":"info","event":"\u001b[0m13:51:14  Running with dbt=1.10.6","logger":"airflow.task.hooks.airflow.providers.standard.hooks.subprocess.SubprocessHook"}
{"timestamp":"2025-08-07T13:51:14.836706","level":"info","event":"\u001b[0m13:51:14  Registered adapter: postgres=1.9.0","logger":"airflow.task.hooks.airflow.providers.standard.hooks.subprocess.SubprocessHook"}
{"timestamp":"2025-08-07T13:51:15.440763","level":"info","event":"\u001b[0m13:51:15  Found 3 models, 1 source, 435 macros","logger":"airflow.task.hooks.airflow.providers.standard.hooks.subprocess.SubprocessHook"}
{"timestamp":"2025-08-07T13:51:15.443652","level":"info","event":"\u001b[0m13:51:15","logger":"airflow.task.hooks.airflow.providers.standard.hooks.subprocess.SubprocessHook"}
{"timestamp":"2025-08-07T13:51:15.444387","level":"info","event":"\u001b[0m13:51:15  Concurrency: 1 threads (target='dev')","logger":"airflow.task.hooks.airflow.providers.standard.hooks.subprocess.SubprocessHook"}
{"timestamp":"2025-08-07T13:51:15.444771","level":"info","event":"\u001b[0m13:51:15","logger":"airflow.task.hooks.airflow.providers.standard.hooks.subprocess.SubprocessHook"}
{"timestamp":"2025-08-07T13:51:15.669087","level":"info","event":"\u001b[0m13:51:15  1 of 3 START sql view model dev.stg_weather_report ............................. [RUN]","logger":"airflow.task.hooks.airflow.providers.standard.hooks.subprocess.SubprocessHook"}
{"timestamp":"2025-08-07T13:51:15.802821","level":"info","event":"\u001b[0m13:51:15  1 of 3 OK created sql view model dev.stg_weather_report ........................ [\u001b[32mCREATE VIEW\u001b[0m in 0.13s]","logger":"airflow.task.hooks.airflow.providers.standard.hooks.subprocess.SubprocessHook"}
{"timestamp":"2025-08-07T13:51:15.805839","level":"info","event":"\u001b[0m13:51:15  2 of 3 START sql incremental model dev.weather_del_ins ......................... [RUN]","logger":"airflow.task.hooks.airflow.providers.standard.hooks.subprocess.SubprocessHook"}
{"timestamp":"2025-08-07T13:51:16.018242","level":"info","event":"\u001b[0m13:51:16  2 of 3 OK created sql incremental model dev.weather_del_ins .................... [\u001b[32mINSERT 0 15\u001b[0m in 0.21s]","logger":"airflow.task.hooks.airflow.providers.standard.hooks.subprocess.SubprocessHook"}
{"timestamp":"2025-08-07T13:51:16.019997","level":"info","event":"\u001b[0m13:51:16  3 of 3 START sql incremental model dev.weather_merge_ins ....................... [RUN]","logger":"airflow.task.hooks.airflow.providers.standard.hooks.subprocess.SubprocessHook"}
{"timestamp":"2025-08-07T13:51:16.086225","level":"info","event":"\u001b[0m13:51:16  3 of 3 OK created sql incremental model dev.weather_merge_ins .................. [\u001b[32mINSERT 0 15\u001b[0m in 0.06s]","logger":"airflow.task.hooks.airflow.providers.standard.hooks.subprocess.SubprocessHook"}
{"timestamp":"2025-08-07T13:51:16.100731","level":"info","event":"\u001b[0m13:51:16","logger":"airflow.task.hooks.airflow.providers.standard.hooks.subprocess.SubprocessHook"}
{"timestamp":"2025-08-07T13:51:16.101173","level":"info","event":"\u001b[0m13:51:16  Finished running 2 incremental models, 1 view model in 0 hours 0 minutes and 0.66 seconds (0.66s).","logger":"airflow.task.hooks.airflow.providers.standard.hooks.subprocess.SubprocessHook"}
{"timestamp":"2025-08-07T13:51:16.136469","level":"info","event":"\u001b[0m13:51:16","logger":"airflow.task.hooks.airflow.providers.standard.hooks.subprocess.SubprocessHook"}
{"timestamp":"2025-08-07T13:51:16.136992","level":"info","event":"\u001b[0m13:51:16  \u001b[32mCompleted successfully\u001b[0m","logger":"airflow.task.hooks.airflow.providers.standard.hooks.subprocess.SubprocessHook"}
{"timestamp":"2025-08-07T13:51:16.137397","level":"info","event":"\u001b[0m13:51:16","logger":"airflow.task.hooks.airflow.providers.standard.hooks.subprocess.SubprocessHook"}
{"timestamp":"2025-08-07T13:51:16.137812","level":"info","event":"\u001b[0m13:51:16  Done. PASS=3 WARN=0 ERROR=0 SKIP=0 NO-OP=0 TOTAL=3","logger":"airflow.task.hooks.airflow.providers.standard.hooks.subprocess.SubprocessHook"}
{"timestamp":"2025-08-07T13:51:17.638895","level":"info","event":"Command exited with return code 0","logger":"airflow.task.hooks.airflow.providers.standard.hooks.subprocess.SubprocessHook"}
{"timestamp":"2025-08-07T13:51:17.639512","level":"info","event":"Pushing xcom","ti":"RuntimeTaskInstance(id=UUID('01988458-628d-71e4-bfa8-cf8f91cece2a'), task_id='model.canh_dbt_proj.weather_del_ins', dag_id='dbt_orchestrator', run_id='scheduled__2025-08-07T11:44:00+00:00', try_number=1, map_index=-1, hostname='4N7Q2M3.kms.com.vn', context_carrier=None, task=<Task(BashOperator): model.canh_dbt_proj.weather_del_ins>, bundle_instance=LocalDagBundle(name=dags-folder), max_tries=0, start_date=datetime.datetime(2025, 8, 7, 13, 51, 12, 680123, tzinfo=datetime.timezone.utc), end_date=None, state=<TaskInstanceState.RUNNING: 'running'>, is_mapped=False, rendered_map_index=None, log_url='http://localhost:8080/dags/dbt_orchestrator/runs/scheduled__2025-08-07T11%3A44%3A00%2B00%3A00/tasks/model.canh_dbt_proj.weather_del_ins?try_number=1')","logger":"task"}
{"timestamp":"2025-08-07T13:51:17.687362Z","level":"info","event":"Task instance in success state","chan":"stdout","logger":"task"}
{"timestamp":"2025-08-07T13:51:17.687503Z","level":"info","event":" Previous state of the Task instance: TaskInstanceState.RUNNING","chan":"stdout","logger":"task"}
{"timestamp":"2025-08-07T13:51:17.687823Z","level":"info","event":"Task operator:<Task(BashOperator): model.canh_dbt_proj.weather_del_ins>","chan":"stdout","logger":"task"}
