{"timestamp":"2025-08-08T02:32:04.361093","level":"info","event":"DAG bundles loaded: dags-folder, example_dags","logger":"airflow.dag_processing.bundles.manager.DagBundlesManager"}
{"timestamp":"2025-08-08T02:32:04.363622","level":"info","event":"Filling up the DagBag from /home/cnguyen/myrepos/dbt-postgres-airflow/airflow/dags/dbt-orchesstrator.py","logger":"airflow.models.dagbag.DagBag"}
{"timestamp":"2025-08-08T02:32:04.581951Z","level":"info","event":"Task instance is in running state","chan":"stdout","logger":"task"}
{"timestamp":"2025-08-08T02:32:04.583106Z","level":"info","event":" Previous state of the Task instance: TaskInstanceState.QUEUED","chan":"stdout","logger":"task"}
{"timestamp":"2025-08-08T02:32:04.583427Z","level":"info","event":"Current task name:model.canh_dbt_proj.stg_weather_report","chan":"stdout","logger":"task"}
{"timestamp":"2025-08-08T02:32:04.583576Z","level":"info","event":"Dag name:dbt_orchestrator","chan":"stdout","logger":"task"}
{"timestamp":"2025-08-08T02:32:04.584147","level":"info","event":"Tmp dir root location: /tmp","logger":"airflow.task.hooks.airflow.providers.standard.hooks.subprocess.SubprocessHook"}
{"timestamp":"2025-08-08T02:32:04.584762","level":"info","event":"Running command: ['/usr/bin/bash', '-c', 'cd /home/cnguyen/myrepos/dbt-postgres-airflow/dbt/canh_dbt_proj && /home/cnguyen/.pyenv/versions/demo_dbt/bin/dbt run']","logger":"airflow.task.hooks.airflow.providers.standard.hooks.subprocess.SubprocessHook"}
{"timestamp":"2025-08-08T02:32:04.591746","level":"info","event":"Output:","logger":"airflow.task.hooks.airflow.providers.standard.hooks.subprocess.SubprocessHook"}
{"timestamp":"2025-08-08T02:32:07.171370","level":"info","event":"\u001b[0m02:32:07  Running with dbt=1.10.6","logger":"airflow.task.hooks.airflow.providers.standard.hooks.subprocess.SubprocessHook"}
{"timestamp":"2025-08-08T02:32:07.611720","level":"info","event":"\u001b[0m02:32:07  Registered adapter: postgres=1.9.0","logger":"airflow.task.hooks.airflow.providers.standard.hooks.subprocess.SubprocessHook"}
{"timestamp":"2025-08-08T02:32:08.341448","level":"info","event":"\u001b[0m02:32:08  Found 2 models, 1 source, 435 macros","logger":"airflow.task.hooks.airflow.providers.standard.hooks.subprocess.SubprocessHook"}
{"timestamp":"2025-08-08T02:32:08.347464","level":"info","event":"\u001b[0m02:32:08","logger":"airflow.task.hooks.airflow.providers.standard.hooks.subprocess.SubprocessHook"}
{"timestamp":"2025-08-08T02:32:08.348098","level":"info","event":"\u001b[0m02:32:08  Concurrency: 1 threads (target='dev')","logger":"airflow.task.hooks.airflow.providers.standard.hooks.subprocess.SubprocessHook"}
{"timestamp":"2025-08-08T02:32:08.348611","level":"info","event":"\u001b[0m02:32:08","logger":"airflow.task.hooks.airflow.providers.standard.hooks.subprocess.SubprocessHook"}
{"timestamp":"2025-08-08T02:32:08.636933","level":"info","event":"\u001b[0m02:32:08  1 of 2 START sql view model dev.stg_weather_report ............................. [RUN]","logger":"airflow.task.hooks.airflow.providers.standard.hooks.subprocess.SubprocessHook"}
{"timestamp":"2025-08-08T02:32:08.916651","level":"info","event":"\u001b[0m02:32:08  1 of 2 OK created sql view model dev.stg_weather_report ........................ [\u001b[32mCREATE VIEW\u001b[0m in 0.27s]","logger":"airflow.task.hooks.airflow.providers.standard.hooks.subprocess.SubprocessHook"}
{"timestamp":"2025-08-08T02:32:08.920273","level":"info","event":"\u001b[0m02:32:08  2 of 2 START sql incremental model dev.weather_del_ins ......................... [RUN]","logger":"airflow.task.hooks.airflow.providers.standard.hooks.subprocess.SubprocessHook"}
{"timestamp":"2025-08-08T02:32:09.173644","level":"info","event":"\u001b[0m02:32:09  2 of 2 OK created sql incremental model dev.weather_del_ins .................... [\u001b[32mINSERT 0 1\u001b[0m in 0.25s]","logger":"airflow.task.hooks.airflow.providers.standard.hooks.subprocess.SubprocessHook"}
{"timestamp":"2025-08-08T02:32:09.197317","level":"info","event":"\u001b[0m02:32:09","logger":"airflow.task.hooks.airflow.providers.standard.hooks.subprocess.SubprocessHook"}
{"timestamp":"2025-08-08T02:32:09.198252","level":"info","event":"\u001b[0m02:32:09  Finished running 1 incremental model, 1 view model in 0 hours 0 minutes and 0.85 seconds (0.85s).","logger":"airflow.task.hooks.airflow.providers.standard.hooks.subprocess.SubprocessHook"}
{"timestamp":"2025-08-08T02:32:09.255007","level":"info","event":"\u001b[0m02:32:09","logger":"airflow.task.hooks.airflow.providers.standard.hooks.subprocess.SubprocessHook"}
{"timestamp":"2025-08-08T02:32:09.255517","level":"info","event":"\u001b[0m02:32:09  \u001b[32mCompleted successfully\u001b[0m","logger":"airflow.task.hooks.airflow.providers.standard.hooks.subprocess.SubprocessHook"}
{"timestamp":"2025-08-08T02:32:09.256146","level":"info","event":"\u001b[0m02:32:09","logger":"airflow.task.hooks.airflow.providers.standard.hooks.subprocess.SubprocessHook"}
{"timestamp":"2025-08-08T02:32:09.256669","level":"info","event":"\u001b[0m02:32:09  Done. PASS=2 WARN=0 ERROR=0 SKIP=0 NO-OP=0 TOTAL=2","logger":"airflow.task.hooks.airflow.providers.standard.hooks.subprocess.SubprocessHook"}
{"timestamp":"2025-08-08T02:32:10.805610","level":"info","event":"Command exited with return code 0","logger":"airflow.task.hooks.airflow.providers.standard.hooks.subprocess.SubprocessHook"}
{"timestamp":"2025-08-08T02:32:10.806377","level":"info","event":"Pushing xcom","ti":"RuntimeTaskInstance(id=UUID('01988785-5a17-753a-9941-2763b8e89b83'), task_id='model.canh_dbt_proj.stg_weather_report', dag_id='dbt_orchestrator', run_id='manual__2025-08-08T02:32:00.183623+00:00', try_number=1, map_index=-1, hostname='4N7Q2M3.kms.com.vn', context_carrier=None, task=<Task(BashOperator): model.canh_dbt_proj.stg_weather_report>, bundle_instance=LocalDagBundle(name=dags-folder), max_tries=0, start_date=datetime.datetime(2025, 8, 8, 2, 32, 4, 305098, tzinfo=datetime.timezone.utc), end_date=None, state=<TaskInstanceState.RUNNING: 'running'>, is_mapped=False, rendered_map_index=None, log_url='http://localhost:8080/dags/dbt_orchestrator/runs/manual__2025-08-08T02%3A32%3A00.183623%2B00%3A00/tasks/model.canh_dbt_proj.stg_weather_report?try_number=1')","logger":"task"}
{"timestamp":"2025-08-08T02:32:10.888744Z","level":"info","event":"Task instance in success state","chan":"stdout","logger":"task"}
{"timestamp":"2025-08-08T02:32:10.888933Z","level":"info","event":" Previous state of the Task instance: TaskInstanceState.RUNNING","chan":"stdout","logger":"task"}
{"timestamp":"2025-08-08T02:32:10.890327Z","level":"info","event":"Task operator:<Task(BashOperator): model.canh_dbt_proj.stg_weather_report>","chan":"stdout","logger":"task"}
