{"timestamp":"2025-08-06T11:07:17.867646","level":"info","event":"DAG bundles loaded: dags-folder, example_dags","logger":"airflow.dag_processing.bundles.manager.DagBundlesManager"}
{"timestamp":"2025-08-06T11:07:17.868488","level":"info","event":"Filling up the DagBag from /home/cnguyen/myrepos/dbt-postgres-airflow/airflow/dags/dbt-orchesstrator.py","logger":"airflow.models.dagbag.DagBag"}
{"timestamp":"2025-08-06T11:07:18.082600Z","level":"info","event":"Task instance is in running state","chan":"stdout","logger":"task"}
{"timestamp":"2025-08-06T11:07:18.082741Z","level":"info","event":" Previous state of the Task instance: TaskInstanceState.QUEUED","chan":"stdout","logger":"task"}
{"timestamp":"2025-08-06T11:07:18.082985Z","level":"info","event":"Current task name:wait_for_weather_data","chan":"stdout","logger":"task"}
{"timestamp":"2025-08-06T11:07:18.083047Z","level":"info","event":"Dag name:dbt_orchestrator","chan":"stdout","logger":"task"}
{"timestamp":"2025-08-06T11:07:18.083332","level":"info","event":"Poking for tasks ['ingest_weather_data'] in dag data_weather_fetch_daily on 2025-08-06T11:00:00+00:00 ... ","logger":"airflow.task.operators.airflow.providers.standard.sensors.external_task.ExternalTaskSensor"}
{"timestamp":"2025-08-06T11:08:18.157648","level":"info","event":"Poking for tasks ['ingest_weather_data'] in dag data_weather_fetch_daily on 2025-08-06T11:00:00+00:00 ... ","logger":"airflow.task.operators.airflow.providers.standard.sensors.external_task.ExternalTaskSensor"}
{"timestamp":"2025-08-06T11:09:18.235280","level":"info","event":"Poking for tasks ['ingest_weather_data'] in dag data_weather_fetch_daily on 2025-08-06T11:00:00+00:00 ... ","logger":"airflow.task.operators.airflow.providers.standard.sensors.external_task.ExternalTaskSensor"}
{"timestamp":"2025-08-06T11:10:18.306797","level":"info","event":"Poking for tasks ['ingest_weather_data'] in dag data_weather_fetch_daily on 2025-08-06T11:00:00+00:00 ... ","logger":"airflow.task.operators.airflow.providers.standard.sensors.external_task.ExternalTaskSensor"}
{"timestamp":"2025-08-06T11:11:18.377583","level":"info","event":"Poking for tasks ['ingest_weather_data'] in dag data_weather_fetch_daily on 2025-08-06T11:00:00+00:00 ... ","logger":"airflow.task.operators.airflow.providers.standard.sensors.external_task.ExternalTaskSensor"}
{"timestamp":"2025-08-06T11:12:18.447681","level":"info","event":"Poking for tasks ['ingest_weather_data'] in dag data_weather_fetch_daily on 2025-08-06T11:00:00+00:00 ... ","logger":"airflow.task.operators.airflow.providers.standard.sensors.external_task.ExternalTaskSensor"}
{"timestamp":"2025-08-06T11:13:18.513861","level":"info","event":"Poking for tasks ['ingest_weather_data'] in dag data_weather_fetch_daily on 2025-08-06T11:00:00+00:00 ... ","logger":"airflow.task.operators.airflow.providers.standard.sensors.external_task.ExternalTaskSensor"}
{"timestamp":"2025-08-06T11:14:18.587719","level":"info","event":"Poking for tasks ['ingest_weather_data'] in dag data_weather_fetch_daily on 2025-08-06T11:00:00+00:00 ... ","logger":"airflow.task.operators.airflow.providers.standard.sensors.external_task.ExternalTaskSensor"}
{"timestamp":"2025-08-06T11:15:18.658267","level":"info","event":"Poking for tasks ['ingest_weather_data'] in dag data_weather_fetch_daily on 2025-08-06T11:00:00+00:00 ... ","logger":"airflow.task.operators.airflow.providers.standard.sensors.external_task.ExternalTaskSensor"}
{"timestamp":"2025-08-06T11:16:18.727746","level":"info","event":"Poking for tasks ['ingest_weather_data'] in dag data_weather_fetch_daily on 2025-08-06T11:00:00+00:00 ... ","logger":"airflow.task.operators.airflow.providers.standard.sensors.external_task.ExternalTaskSensor"}
{"timestamp":"2025-08-06T11:17:18.797818","level":"info","event":"Poking for tasks ['ingest_weather_data'] in dag data_weather_fetch_daily on 2025-08-06T11:00:00+00:00 ... ","logger":"airflow.task.operators.airflow.providers.standard.sensors.external_task.ExternalTaskSensor"}
{"timestamp":"2025-08-06T11:17:18.818373","level":"error","event":"Task failed with exception","logger":"task","error_detail":[{"exc_type":"AirflowSensorTimeout","exc_value":"Sensor has timed out; run duration of 600.7386272149961 seconds exceeds the specified timeout of 600.0.","exc_notes":[],"syntax_error":null,"is_cause":false,"frames":[{"filename":"/home/cnguyen/.pyenv/versions/3.10.4/envs/demo_airflow/lib/python3.10/site-packages/airflow/sdk/execution_time/task_runner.py","lineno":877,"name":"run"},{"filename":"/home/cnguyen/.pyenv/versions/3.10.4/envs/demo_airflow/lib/python3.10/site-packages/airflow/sdk/execution_time/task_runner.py","lineno":1164,"name":"_execute_task"},{"filename":"/home/cnguyen/.pyenv/versions/3.10.4/envs/demo_airflow/lib/python3.10/site-packages/airflow/sdk/bases/operator.py","lineno":397,"name":"wrapper"},{"filename":"/home/cnguyen/.pyenv/versions/3.10.4/envs/demo_airflow/lib/python3.10/site-packages/airflow/providers/standard/sensors/external_task.py","lineno":421,"name":"execute"},{"filename":"/home/cnguyen/.pyenv/versions/3.10.4/envs/demo_airflow/lib/python3.10/site-packages/airflow/sdk/bases/operator.py","lineno":397,"name":"wrapper"},{"filename":"/home/cnguyen/.pyenv/versions/3.10.4/envs/demo_airflow/lib/python3.10/site-packages/airflow/sdk/bases/sensor.py","lineno":243,"name":"execute"}],"is_group":false,"exceptions":[]}]}
{"timestamp":"2025-08-06T11:17:18.872041Z","level":"info","event":"Task instance in failure state","chan":"stdout","logger":"task"}
{"timestamp":"2025-08-06T11:17:18.872430Z","level":"info","event":"Task start","chan":"stdout","logger":"task"}
{"timestamp":"2025-08-06T11:17:18.872532Z","level":"info","event":"Task:<Task(ExternalTaskSensor): wait_for_weather_data>","chan":"stdout","logger":"task"}
{"timestamp":"2025-08-06T11:17:18.872642Z","level":"info","event":"Failure caused by Sensor has timed out; run duration of 600.7386272149961 seconds exceeds the specified timeout of 600.0.","chan":"stdout","logger":"task"}
