{"timestamp":"2025-08-08T04:11:32.331406","level":"info","event":"DAG bundles loaded: dags-folder, example_dags","logger":"airflow.dag_processing.bundles.manager.DagBundlesManager"}
{"timestamp":"2025-08-08T04:11:32.332516","level":"info","event":"Filling up the DagBag from /home/cnguyen/myrepos/dbt-postgres-airflow/airflow/dags/dbt-orchesstrator.py","logger":"airflow.models.dagbag.DagBag"}
{"timestamp":"2025-08-08T04:11:32.499025Z","level":"info","event":"Task instance is in running state","chan":"stdout","logger":"task"}
{"timestamp":"2025-08-08T04:11:32.499411Z","level":"info","event":" Previous state of the Task instance: TaskInstanceState.QUEUED","chan":"stdout","logger":"task"}
{"timestamp":"2025-08-08T04:11:32.510668Z","level":"info","event":"Current task name:model.canh_dbt_proj.weather_del_ins","chan":"stdout","logger":"task"}
{"timestamp":"2025-08-08T04:11:32.510930Z","level":"info","event":"Dag name:dbt_orchestrator","chan":"stdout","logger":"task"}
{"timestamp":"2025-08-08T04:11:32.499755","level":"info","event":"Tmp dir root location: /tmp","logger":"airflow.task.hooks.airflow.providers.standard.hooks.subprocess.SubprocessHook"}
{"timestamp":"2025-08-08T04:11:32.500462","level":"info","event":"Running command: ['/usr/bin/bash', '-c', 'cd /home/cnguyen/myrepos/dbt-postgres-airflow/dbt/canh_dbt_proj && /home/cnguyen/.pyenv/versions/demo_dbt/bin/dbt run']","logger":"airflow.task.hooks.airflow.providers.standard.hooks.subprocess.SubprocessHook"}
{"timestamp":"2025-08-08T04:11:32.517482","level":"info","event":"Output:","logger":"airflow.task.hooks.airflow.providers.standard.hooks.subprocess.SubprocessHook"}
{"timestamp":"2025-08-08T04:11:37.272692","level":"info","event":"\u001b[0m04:11:37  Running with dbt=1.10.6","logger":"airflow.task.hooks.airflow.providers.standard.hooks.subprocess.SubprocessHook"}
{"timestamp":"2025-08-08T04:11:38.114625","level":"info","event":"\u001b[0m04:11:38  Registered adapter: postgres=1.9.0","logger":"airflow.task.hooks.airflow.providers.standard.hooks.subprocess.SubprocessHook"}
{"timestamp":"2025-08-08T04:11:39.435495","level":"info","event":"\u001b[0m04:11:39  Found 2 models, 1 source, 435 macros","logger":"airflow.task.hooks.airflow.providers.standard.hooks.subprocess.SubprocessHook"}
{"timestamp":"2025-08-08T04:11:39.443940","level":"info","event":"\u001b[0m04:11:39","logger":"airflow.task.hooks.airflow.providers.standard.hooks.subprocess.SubprocessHook"}
{"timestamp":"2025-08-08T04:11:39.445318","level":"info","event":"\u001b[0m04:11:39  Concurrency: 1 threads (target='dev')","logger":"airflow.task.hooks.airflow.providers.standard.hooks.subprocess.SubprocessHook"}
{"timestamp":"2025-08-08T04:11:39.451180","level":"info","event":"\u001b[0m04:11:39","logger":"airflow.task.hooks.airflow.providers.standard.hooks.subprocess.SubprocessHook"}
{"timestamp":"2025-08-08T04:11:40.033778","level":"info","event":"\u001b[0m04:11:40  1 of 2 START sql view model dev.stg_weather_report ............................. [RUN]","logger":"airflow.task.hooks.airflow.providers.standard.hooks.subprocess.SubprocessHook"}
{"timestamp":"2025-08-08T04:11:40.541529","level":"info","event":"\u001b[0m04:11:40  1 of 2 OK created sql view model dev.stg_weather_report ........................ [\u001b[32mCREATE VIEW\u001b[0m in 0.48s]","logger":"airflow.task.hooks.airflow.providers.standard.hooks.subprocess.SubprocessHook"}
{"timestamp":"2025-08-08T04:11:40.566070","level":"info","event":"\u001b[0m04:11:40  2 of 2 START sql incremental model dev.weather_del_ins ......................... [RUN]","logger":"airflow.task.hooks.airflow.providers.standard.hooks.subprocess.SubprocessHook"}
{"timestamp":"2025-08-08T04:11:41.175098","level":"info","event":"\u001b[0m04:11:41  2 of 2 OK created sql incremental model dev.weather_del_ins .................... [\u001b[32mINSERT 0 10\u001b[0m in 0.61s]","logger":"airflow.task.hooks.airflow.providers.standard.hooks.subprocess.SubprocessHook"}
{"timestamp":"2025-08-08T04:11:41.231634","level":"info","event":"\u001b[0m04:11:41","logger":"airflow.task.hooks.airflow.providers.standard.hooks.subprocess.SubprocessHook"}
{"timestamp":"2025-08-08T04:11:41.242464","level":"info","event":"\u001b[0m04:11:41  Finished running 1 incremental model, 1 view model in 0 hours 0 minutes and 1.77 seconds (1.77s).","logger":"airflow.task.hooks.airflow.providers.standard.hooks.subprocess.SubprocessHook"}
{"timestamp":"2025-08-08T04:11:41.371508","level":"info","event":"\u001b[0m04:11:41","logger":"airflow.task.hooks.airflow.providers.standard.hooks.subprocess.SubprocessHook"}
{"timestamp":"2025-08-08T04:11:41.373386","level":"info","event":"\u001b[0m04:11:41  \u001b[32mCompleted successfully\u001b[0m","logger":"airflow.task.hooks.airflow.providers.standard.hooks.subprocess.SubprocessHook"}
{"timestamp":"2025-08-08T04:11:41.374811","level":"info","event":"\u001b[0m04:11:41","logger":"airflow.task.hooks.airflow.providers.standard.hooks.subprocess.SubprocessHook"}
{"timestamp":"2025-08-08T04:11:41.376077","level":"info","event":"\u001b[0m04:11:41  Done. PASS=2 WARN=0 ERROR=0 SKIP=0 NO-OP=0 TOTAL=2","logger":"airflow.task.hooks.airflow.providers.standard.hooks.subprocess.SubprocessHook"}
{"timestamp":"2025-08-08T04:11:43.426817","level":"info","event":"Command exited with return code 0","logger":"airflow.task.hooks.airflow.providers.standard.hooks.subprocess.SubprocessHook"}
{"timestamp":"2025-08-08T04:11:43.431893","level":"info","event":"Pushing xcom","ti":"RuntimeTaskInstance(id=UUID('019887de-8100-7970-8532-4d5c3a1ff7ca'), task_id='model.canh_dbt_proj.weather_del_ins', dag_id='dbt_orchestrator', run_id='manual__2025-08-08T04:09:22.895286+00:00', try_number=1, map_index=-1, hostname='4N7Q2M3.kms.com.vn', context_carrier=None, task=<Task(BashOperator): model.canh_dbt_proj.weather_del_ins>, bundle_instance=LocalDagBundle(name=dags-folder), max_tries=0, start_date=datetime.datetime(2025, 8, 8, 4, 11, 32, 218628, tzinfo=datetime.timezone.utc), end_date=None, state=<TaskInstanceState.RUNNING: 'running'>, is_mapped=False, rendered_map_index=None, log_url='http://localhost:8080/dags/dbt_orchestrator/runs/manual__2025-08-08T04%3A09%3A22.895286%2B00%3A00/tasks/model.canh_dbt_proj.weather_del_ins?try_number=1')","logger":"task"}
{"timestamp":"2025-08-08T04:11:43.631293Z","level":"info","event":"Task instance in success state","chan":"stdout","logger":"task"}
{"timestamp":"2025-08-08T04:11:43.631440Z","level":"info","event":" Previous state of the Task instance: TaskInstanceState.RUNNING","chan":"stdout","logger":"task"}
{"timestamp":"2025-08-08T04:11:43.631533Z","level":"info","event":"Task operator:<Task(BashOperator): model.canh_dbt_proj.weather_del_ins>","chan":"stdout","logger":"task"}
