{"timestamp":"2025-08-07T13:51:27.373203","level":"info","event":"DAG bundles loaded: dags-folder, example_dags","logger":"airflow.dag_processing.bundles.manager.DagBundlesManager"}
{"timestamp":"2025-08-07T13:51:27.373969","level":"info","event":"Filling up the DagBag from /home/cnguyen/myrepos/dbt-postgres-airflow/airflow/dags/dbt-orchesstrator.py","logger":"airflow.models.dagbag.DagBag"}
{"timestamp":"2025-08-07T13:51:27.420739Z","level":"info","event":"Task instance is in running state","chan":"stdout","logger":"task"}
{"timestamp":"2025-08-07T13:51:27.420900Z","level":"info","event":" Previous state of the Task instance: TaskInstanceState.QUEUED","chan":"stdout","logger":"task"}
{"timestamp":"2025-08-07T13:51:27.420998Z","level":"info","event":"Current task name:model.canh_dbt_proj.weather_del_ins","chan":"stdout","logger":"task"}
{"timestamp":"2025-08-07T13:51:27.421055Z","level":"info","event":"Dag name:dbt_orchestrator","chan":"stdout","logger":"task"}
{"timestamp":"2025-08-07T13:51:27.421687","level":"info","event":"Tmp dir root location: /tmp","logger":"airflow.task.hooks.airflow.providers.standard.hooks.subprocess.SubprocessHook"}
{"timestamp":"2025-08-07T13:51:27.422241","level":"info","event":"Running command: ['/usr/bin/bash', '-c', 'cd /home/cnguyen/myrepos/dbt-postgres-airflow/dbt/canh_dbt_proj && /home/cnguyen/.pyenv/versions/demo_dbt/bin/dbt run']","logger":"airflow.task.hooks.airflow.providers.standard.hooks.subprocess.SubprocessHook"}
{"timestamp":"2025-08-07T13:51:27.427528","level":"info","event":"Output:","logger":"airflow.task.hooks.airflow.providers.standard.hooks.subprocess.SubprocessHook"}
{"timestamp":"2025-08-07T13:51:29.106894","level":"info","event":"\u001b[0m13:51:29  Running with dbt=1.10.6","logger":"airflow.task.hooks.airflow.providers.standard.hooks.subprocess.SubprocessHook"}
{"timestamp":"2025-08-07T13:51:29.405270","level":"info","event":"\u001b[0m13:51:29  Registered adapter: postgres=1.9.0","logger":"airflow.task.hooks.airflow.providers.standard.hooks.subprocess.SubprocessHook"}
{"timestamp":"2025-08-07T13:51:29.853583","level":"info","event":"\u001b[0m13:51:29  Found 3 models, 1 source, 435 macros","logger":"airflow.task.hooks.airflow.providers.standard.hooks.subprocess.SubprocessHook"}
{"timestamp":"2025-08-07T13:51:29.856412","level":"info","event":"\u001b[0m13:51:29","logger":"airflow.task.hooks.airflow.providers.standard.hooks.subprocess.SubprocessHook"}
{"timestamp":"2025-08-07T13:51:29.856873","level":"info","event":"\u001b[0m13:51:29  Concurrency: 1 threads (target='dev')","logger":"airflow.task.hooks.airflow.providers.standard.hooks.subprocess.SubprocessHook"}
{"timestamp":"2025-08-07T13:51:29.857382","level":"info","event":"\u001b[0m13:51:29","logger":"airflow.task.hooks.airflow.providers.standard.hooks.subprocess.SubprocessHook"}
{"timestamp":"2025-08-07T13:51:30.074960","level":"info","event":"\u001b[0m13:51:30  1 of 3 START sql view model dev.stg_weather_report ............................. [RUN]","logger":"airflow.task.hooks.airflow.providers.standard.hooks.subprocess.SubprocessHook"}
{"timestamp":"2025-08-07T13:51:30.241289","level":"info","event":"\u001b[0m13:51:30  1 of 3 OK created sql view model dev.stg_weather_report ........................ [\u001b[32mCREATE VIEW\u001b[0m in 0.16s]","logger":"airflow.task.hooks.airflow.providers.standard.hooks.subprocess.SubprocessHook"}
{"timestamp":"2025-08-07T13:51:30.244556","level":"info","event":"\u001b[0m13:51:30  2 of 3 START sql incremental model dev.weather_del_ins ......................... [RUN]","logger":"airflow.task.hooks.airflow.providers.standard.hooks.subprocess.SubprocessHook"}
{"timestamp":"2025-08-07T13:51:30.417273","level":"info","event":"\u001b[0m13:51:30  2 of 3 OK created sql incremental model dev.weather_del_ins .................... [\u001b[32mINSERT 0 16\u001b[0m in 0.17s]","logger":"airflow.task.hooks.airflow.providers.standard.hooks.subprocess.SubprocessHook"}
{"timestamp":"2025-08-07T13:51:30.419739","level":"info","event":"\u001b[0m13:51:30  3 of 3 START sql incremental model dev.weather_merge_ins ....................... [RUN]","logger":"airflow.task.hooks.airflow.providers.standard.hooks.subprocess.SubprocessHook"}
{"timestamp":"2025-08-07T13:51:30.504401","level":"info","event":"\u001b[0m13:51:30  3 of 3 OK created sql incremental model dev.weather_merge_ins .................. [\u001b[32mINSERT 0 16\u001b[0m in 0.08s]","logger":"airflow.task.hooks.airflow.providers.standard.hooks.subprocess.SubprocessHook"}
{"timestamp":"2025-08-07T13:51:30.523695","level":"info","event":"\u001b[0m13:51:30","logger":"airflow.task.hooks.airflow.providers.standard.hooks.subprocess.SubprocessHook"}
{"timestamp":"2025-08-07T13:51:30.524125","level":"info","event":"\u001b[0m13:51:30  Finished running 2 incremental models, 1 view model in 0 hours 0 minutes and 0.67 seconds (0.67s).","logger":"airflow.task.hooks.airflow.providers.standard.hooks.subprocess.SubprocessHook"}
{"timestamp":"2025-08-07T13:51:30.566371","level":"info","event":"\u001b[0m13:51:30","logger":"airflow.task.hooks.airflow.providers.standard.hooks.subprocess.SubprocessHook"}
{"timestamp":"2025-08-07T13:51:30.566657","level":"info","event":"\u001b[0m13:51:30  \u001b[32mCompleted successfully\u001b[0m","logger":"airflow.task.hooks.airflow.providers.standard.hooks.subprocess.SubprocessHook"}
{"timestamp":"2025-08-07T13:51:30.567089","level":"info","event":"\u001b[0m13:51:30","logger":"airflow.task.hooks.airflow.providers.standard.hooks.subprocess.SubprocessHook"}
{"timestamp":"2025-08-07T13:51:30.567504","level":"info","event":"\u001b[0m13:51:30  Done. PASS=3 WARN=0 ERROR=0 SKIP=0 NO-OP=0 TOTAL=3","logger":"airflow.task.hooks.airflow.providers.standard.hooks.subprocess.SubprocessHook"}
{"timestamp":"2025-08-07T13:51:32.009628","level":"info","event":"Command exited with return code 0","logger":"airflow.task.hooks.airflow.providers.standard.hooks.subprocess.SubprocessHook"}
{"timestamp":"2025-08-07T13:51:32.010258","level":"info","event":"Pushing xcom","ti":"RuntimeTaskInstance(id=UUID('019884cc-ee16-79b3-b058-8877c0fc20c5'), task_id='model.canh_dbt_proj.weather_del_ins', dag_id='dbt_orchestrator', run_id='manual__2025-08-07T13:51:19.545842+00:00', try_number=1, map_index=-1, hostname='4N7Q2M3.kms.com.vn', context_carrier=None, task=<Task(BashOperator): model.canh_dbt_proj.weather_del_ins>, bundle_instance=LocalDagBundle(name=dags-folder), max_tries=0, start_date=datetime.datetime(2025, 8, 7, 13, 51, 27, 335736, tzinfo=datetime.timezone.utc), end_date=None, state=<TaskInstanceState.RUNNING: 'running'>, is_mapped=False, rendered_map_index=None, log_url='http://localhost:8080/dags/dbt_orchestrator/runs/manual__2025-08-07T13%3A51%3A19.545842%2B00%3A00/tasks/model.canh_dbt_proj.weather_del_ins?try_number=1')","logger":"task"}
{"timestamp":"2025-08-07T13:51:32.054449Z","level":"info","event":"Task instance in success state","chan":"stdout","logger":"task"}
{"timestamp":"2025-08-07T13:51:32.054588Z","level":"info","event":" Previous state of the Task instance: TaskInstanceState.RUNNING","chan":"stdout","logger":"task"}
{"timestamp":"2025-08-07T13:51:32.054969Z","level":"info","event":"Task operator:<Task(BashOperator): model.canh_dbt_proj.weather_del_ins>","chan":"stdout","logger":"task"}
