{"timestamp":"2025-08-07T13:51:07.253790","level":"info","event":"DAG bundles loaded: dags-folder, example_dags","logger":"airflow.dag_processing.bundles.manager.DagBundlesManager"}
{"timestamp":"2025-08-07T13:51:07.254741","level":"info","event":"Filling up the DagBag from /home/cnguyen/myrepos/dbt-postgres-airflow/airflow/dags/dbt-orchesstrator.py","logger":"airflow.models.dagbag.DagBag"}
{"timestamp":"2025-08-07T13:51:07.311707Z","level":"info","event":"Task instance is in running state","chan":"stdout","logger":"task"}
{"timestamp":"2025-08-07T13:51:07.311845Z","level":"info","event":" Previous state of the Task instance: TaskInstanceState.QUEUED","chan":"stdout","logger":"task"}
{"timestamp":"2025-08-07T13:51:07.312257Z","level":"info","event":"Current task name:model.canh_dbt_proj.weather_del_ins","chan":"stdout","logger":"task"}
{"timestamp":"2025-08-07T13:51:07.312487Z","level":"info","event":"Dag name:dbt_orchestrator","chan":"stdout","logger":"task"}
{"timestamp":"2025-08-07T13:51:07.313135","level":"info","event":"Tmp dir root location: /tmp","logger":"airflow.task.hooks.airflow.providers.standard.hooks.subprocess.SubprocessHook"}
{"timestamp":"2025-08-07T13:51:07.313890","level":"info","event":"Running command: ['/usr/bin/bash', '-c', 'cd /home/cnguyen/myrepos/dbt-postgres-airflow/dbt/canh_dbt_proj && /home/cnguyen/.pyenv/versions/demo_dbt/bin/dbt run']","logger":"airflow.task.hooks.airflow.providers.standard.hooks.subprocess.SubprocessHook"}
{"timestamp":"2025-08-07T13:51:07.319847","level":"info","event":"Output:","logger":"airflow.task.hooks.airflow.providers.standard.hooks.subprocess.SubprocessHook"}
{"timestamp":"2025-08-07T13:51:09.194099","level":"info","event":"\u001b[0m13:51:09  Running with dbt=1.10.6","logger":"airflow.task.hooks.airflow.providers.standard.hooks.subprocess.SubprocessHook"}
{"timestamp":"2025-08-07T13:51:09.504565","level":"info","event":"\u001b[0m13:51:09  Registered adapter: postgres=1.9.0","logger":"airflow.task.hooks.airflow.providers.standard.hooks.subprocess.SubprocessHook"}
{"timestamp":"2025-08-07T13:51:10.054157","level":"info","event":"\u001b[0m13:51:10  Found 3 models, 1 source, 435 macros","logger":"airflow.task.hooks.airflow.providers.standard.hooks.subprocess.SubprocessHook"}
{"timestamp":"2025-08-07T13:51:10.056753","level":"info","event":"\u001b[0m13:51:10","logger":"airflow.task.hooks.airflow.providers.standard.hooks.subprocess.SubprocessHook"}
{"timestamp":"2025-08-07T13:51:10.057108","level":"info","event":"\u001b[0m13:51:10  Concurrency: 1 threads (target='dev')","logger":"airflow.task.hooks.airflow.providers.standard.hooks.subprocess.SubprocessHook"}
{"timestamp":"2025-08-07T13:51:10.057542","level":"info","event":"\u001b[0m13:51:10","logger":"airflow.task.hooks.airflow.providers.standard.hooks.subprocess.SubprocessHook"}
{"timestamp":"2025-08-07T13:51:10.321484","level":"info","event":"\u001b[0m13:51:10  1 of 3 START sql view model dev.stg_weather_report ............................. [RUN]","logger":"airflow.task.hooks.airflow.providers.standard.hooks.subprocess.SubprocessHook"}
{"timestamp":"2025-08-07T13:51:10.478352","level":"info","event":"\u001b[0m13:51:10  1 of 3 OK created sql view model dev.stg_weather_report ........................ [\u001b[32mCREATE VIEW\u001b[0m in 0.15s]","logger":"airflow.task.hooks.airflow.providers.standard.hooks.subprocess.SubprocessHook"}
{"timestamp":"2025-08-07T13:51:10.482403","level":"info","event":"\u001b[0m13:51:10  2 of 3 START sql incremental model dev.weather_del_ins ......................... [RUN]","logger":"airflow.task.hooks.airflow.providers.standard.hooks.subprocess.SubprocessHook"}
{"timestamp":"2025-08-07T13:51:10.670441","level":"info","event":"\u001b[0m13:51:10  2 of 3 OK created sql incremental model dev.weather_del_ins .................... [\u001b[32mINSERT 0 15\u001b[0m in 0.19s]","logger":"airflow.task.hooks.airflow.providers.standard.hooks.subprocess.SubprocessHook"}
{"timestamp":"2025-08-07T13:51:10.673510","level":"info","event":"\u001b[0m13:51:10  3 of 3 START sql incremental model dev.weather_merge_ins ....................... [RUN]","logger":"airflow.task.hooks.airflow.providers.standard.hooks.subprocess.SubprocessHook"}
{"timestamp":"2025-08-07T13:51:10.757671","level":"info","event":"\u001b[0m13:51:10  3 of 3 OK created sql incremental model dev.weather_merge_ins .................. [\u001b[32mINSERT 0 15\u001b[0m in 0.08s]","logger":"airflow.task.hooks.airflow.providers.standard.hooks.subprocess.SubprocessHook"}
{"timestamp":"2025-08-07T13:51:10.772785","level":"info","event":"\u001b[0m13:51:10","logger":"airflow.task.hooks.airflow.providers.standard.hooks.subprocess.SubprocessHook"}
{"timestamp":"2025-08-07T13:51:10.773155","level":"info","event":"\u001b[0m13:51:10  Finished running 2 incremental models, 1 view model in 0 hours 0 minutes and 0.71 seconds (0.71s).","logger":"airflow.task.hooks.airflow.providers.standard.hooks.subprocess.SubprocessHook"}
{"timestamp":"2025-08-07T13:51:10.810298","level":"info","event":"\u001b[0m13:51:10","logger":"airflow.task.hooks.airflow.providers.standard.hooks.subprocess.SubprocessHook"}
{"timestamp":"2025-08-07T13:51:10.810875","level":"info","event":"\u001b[0m13:51:10  \u001b[32mCompleted successfully\u001b[0m","logger":"airflow.task.hooks.airflow.providers.standard.hooks.subprocess.SubprocessHook"}
{"timestamp":"2025-08-07T13:51:10.811360","level":"info","event":"\u001b[0m13:51:10","logger":"airflow.task.hooks.airflow.providers.standard.hooks.subprocess.SubprocessHook"}
{"timestamp":"2025-08-07T13:51:10.811776","level":"info","event":"\u001b[0m13:51:10  Done. PASS=3 WARN=0 ERROR=0 SKIP=0 NO-OP=0 TOTAL=3","logger":"airflow.task.hooks.airflow.providers.standard.hooks.subprocess.SubprocessHook"}
{"timestamp":"2025-08-07T13:51:12.508918","level":"info","event":"Command exited with return code 0","logger":"airflow.task.hooks.airflow.providers.standard.hooks.subprocess.SubprocessHook"}
{"timestamp":"2025-08-07T13:51:12.509666","level":"info","event":"Pushing xcom","ti":"RuntimeTaskInstance(id=UUID('01988423-3764-751c-bc5b-1e525a672595'), task_id='model.canh_dbt_proj.weather_del_ins', dag_id='dbt_orchestrator', run_id='manual__2025-08-07T10:45:57.200883+00:00', try_number=1, map_index=-1, hostname='4N7Q2M3.kms.com.vn', context_carrier=None, task=<Task(BashOperator): model.canh_dbt_proj.weather_del_ins>, bundle_instance=LocalDagBundle(name=dags-folder), max_tries=0, start_date=datetime.datetime(2025, 8, 7, 13, 51, 7, 180002, tzinfo=datetime.timezone.utc), end_date=None, state=<TaskInstanceState.RUNNING: 'running'>, is_mapped=False, rendered_map_index=None, log_url='http://localhost:8080/dags/dbt_orchestrator/runs/manual__2025-08-07T10%3A45%3A57.200883%2B00%3A00/tasks/model.canh_dbt_proj.weather_del_ins?try_number=1')","logger":"task"}
{"timestamp":"2025-08-07T13:51:12.610819Z","level":"info","event":"Task instance in success state","chan":"stdout","logger":"task"}
{"timestamp":"2025-08-07T13:51:12.611063Z","level":"info","event":" Previous state of the Task instance: TaskInstanceState.RUNNING","chan":"stdout","logger":"task"}
{"timestamp":"2025-08-07T13:51:12.612221Z","level":"info","event":"Task operator:<Task(BashOperator): model.canh_dbt_proj.weather_del_ins>","chan":"stdout","logger":"task"}
