[0m14:53:16.720501 [debug] [MainThread]: Sending event: {'category': 'dbt', 'action': 'invocation', 'label': 'start', 'context': [<snowplow_tracker.self_describing_json.SelfDescribingJson object at 0x7fe50518dc90>, <snowplow_tracker.self_describing_json.SelfDescribingJson object at 0x7fe504118220>, <snowplow_tracker.self_describing_json.SelfDescribingJson object at 0x7fe5041181c0>]}


============================== 14:53:16.724301 | 2afdc445-2129-4096-8d31-790fa7fcecc4 ==============================
[0m14:53:16.724301 [info ] [MainThread]: Running with dbt=1.10.6
[0m14:53:16.724893 [debug] [MainThread]: running dbt with arguments {'printer_width': '80', 'indirect_selection': 'eager', 'write_json': 'True', 'log_cache_events': 'False', 'partial_parse': 'True', 'cache_selected_only': 'False', 'profiles_dir': '/home/cnguyen/.dbt', 'fail_fast': 'False', 'warn_error': 'None', 'log_path': 'logs', 'debug': 'False', 'version_check': 'True', 'use_colors': 'True', 'use_experimental_parser': 'False', 'empty': 'None', 'quiet': 'False', 'no_print': 'None', 'warn_error_options': 'WarnErrorOptionsV2(error=[], warn=[], silence=[])', 'introspect': 'True', 'static_parser': 'True', 'invocation_command': 'dbt init canh-dbt-proj', 'target_path': 'None', 'log_format': 'default', 'send_anonymous_usage_stats': 'True'}
[0m14:53:16.734431 [info ] [MainThread]: Creating dbt configuration folder at /home/cnguyen/.dbt
[0m14:53:56.310622 [debug] [MainThread]: Starter project path: /home/cnguyen/.pyenv/versions/demo_dbt/lib/python3.10/site-packages/dbt/include/starter_project
[0m14:53:56.315323 [info ] [MainThread]: 
Your new dbt project "canh_dbt_proj" was created!

For more information on how to configure the profiles.yml file,
please consult the dbt documentation here:

  https://docs.getdbt.com/docs/configure-your-profile

One more thing:

Need help? Don't hesitate to reach out to us via GitHub issues or on Slack:

  https://community.getdbt.com/

Happy modeling!

[0m14:53:56.316193 [info ] [MainThread]: Setting up your profile.
[0m14:55:57.899791 [info ] [MainThread]: Profile canh_dbt_proj written to /home/cnguyen/.dbt/profiles.yml using target's profile_template.yml and your supplied values. Run 'dbt debug' to validate the connection.
[0m14:55:57.902839 [debug] [MainThread]: Resource report: {"command_name": "init", "command_success": true, "command_wall_clock_time": 161.24408, "process_in_blocks": "2240", "process_kernel_time": 0.060872, "process_mem_max_rss": "100916", "process_out_blocks": "88", "process_user_time": 1.342504}
[0m14:55:57.903448 [debug] [MainThread]: Command `dbt init` succeeded at 14:55:57.903330 after 161.24 seconds
[0m14:55:57.903879 [debug] [MainThread]: Sending event: {'category': 'dbt', 'action': 'invocation', 'label': 'end', 'context': [<snowplow_tracker.self_describing_json.SelfDescribingJson object at 0x7fe50518dc90>, <snowplow_tracker.self_describing_json.SelfDescribingJson object at 0x7fe5040251b0>, <snowplow_tracker.self_describing_json.SelfDescribingJson object at 0x7fe504118a30>]}
[0m14:55:57.904361 [debug] [MainThread]: Flushing usage events
[0m14:55:59.321962 [debug] [MainThread]: An error was encountered while trying to flush usage events
[0m14:56:20.443532 [debug] [MainThread]: Sending event: {'category': 'dbt', 'action': 'invocation', 'label': 'start', 'context': [<snowplow_tracker.self_describing_json.SelfDescribingJson object at 0x7f5b23615c60>, <snowplow_tracker.self_describing_json.SelfDescribingJson object at 0x7f5b225c8250>, <snowplow_tracker.self_describing_json.SelfDescribingJson object at 0x7f5b225c81c0>]}


============================== 14:56:20.446104 | 331ba985-2602-4668-a4dd-ff3828770e55 ==============================
[0m14:56:20.446104 [info ] [MainThread]: Running with dbt=1.10.6
[0m14:56:20.446605 [debug] [MainThread]: running dbt with arguments {'printer_width': '80', 'indirect_selection': 'eager', 'write_json': 'True', 'log_cache_events': 'False', 'partial_parse': 'True', 'cache_selected_only': 'False', 'profiles_dir': '/home/cnguyen/.dbt', 'version_check': 'True', 'warn_error': 'None', 'log_path': 'logs', 'fail_fast': 'False', 'debug': 'False', 'use_colors': 'True', 'use_experimental_parser': 'False', 'empty': 'None', 'quiet': 'False', 'no_print': 'None', 'log_format': 'default', 'introspect': 'True', 'warn_error_options': 'WarnErrorOptionsV2(error=[], warn=[], silence=[])', 'invocation_command': 'dbt debug', 'target_path': 'None', 'static_parser': 'True', 'send_anonymous_usage_stats': 'True'}
[0m14:56:20.455920 [info ] [MainThread]: dbt version: 1.10.6
[0m14:56:20.456522 [info ] [MainThread]: python version: 3.10.4
[0m14:56:20.456881 [info ] [MainThread]: python path: /home/cnguyen/.pyenv/versions/demo_dbt/bin/python
[0m14:56:20.457272 [info ] [MainThread]: os info: Linux-5.10.16.3-microsoft-standard-WSL2-x86_64-with-glibc2.39
[0m14:56:20.510434 [info ] [MainThread]: Using profiles dir at /home/cnguyen/.dbt
[0m14:56:20.510965 [info ] [MainThread]: Using profiles.yml file at /home/cnguyen/.dbt/profiles.yml
[0m14:56:20.511277 [info ] [MainThread]: Using dbt_project.yml file at /home/cnguyen/myrepos/dbt-postgres-airflow/dbt/dbt_project.yml
[0m14:56:20.511835 [info ] [MainThread]: adapter type: postgres
[0m14:56:20.512144 [info ] [MainThread]: adapter version: 1.9.0
[0m14:56:20.512472 [info ] [MainThread]: Configuration:
[0m14:56:20.512749 [info ] [MainThread]:   profiles.yml file [[32mOK found and valid[0m]
[0m14:56:20.513013 [info ] [MainThread]:   dbt_project.yml file [[31mERROR not found[0m]
[0m14:56:20.513295 [info ] [MainThread]: Required dependencies:
[0m14:56:20.513638 [debug] [MainThread]: Executing "git --help"
[0m14:56:20.516893 [debug] [MainThread]: STDOUT: "b"usage: git [-v | --version] [-h | --help] [-C <path>] [-c <name>=<value>]\n           [--exec-path[=<path>]] [--html-path] [--man-path] [--info-path]\n           [-p | --paginate | -P | --no-pager] [--no-replace-objects] [--bare]\n           [--git-dir=<path>] [--work-tree=<path>] [--namespace=<name>]\n           [--config-env=<name>=<envvar>] <command> [<args>]\n\nThese are common Git commands used in various situations:\n\nstart a working area (see also: git help tutorial)\n   clone     Clone a repository into a new directory\n   init      Create an empty Git repository or reinitialize an existing one\n\nwork on the current change (see also: git help everyday)\n   add       Add file contents to the index\n   mv        Move or rename a file, a directory, or a symlink\n   restore   Restore working tree files\n   rm        Remove files from the working tree and from the index\n\nexamine the history and state (see also: git help revisions)\n   bisect    Use binary search to find the commit that introduced a bug\n   diff      Show changes between commits, commit and working tree, etc\n   grep      Print lines matching a pattern\n   log       Show commit logs\n   show      Show various types of objects\n   status    Show the working tree status\n\ngrow, mark and tweak your common history\n   branch    List, create, or delete branches\n   commit    Record changes to the repository\n   merge     Join two or more development histories together\n   rebase    Reapply commits on top of another base tip\n   reset     Reset current HEAD to the specified state\n   switch    Switch branches\n   tag       Create, list, delete or verify a tag object signed with GPG\n\ncollaborate (see also: git help workflows)\n   fetch     Download objects and refs from another repository\n   pull      Fetch from and integrate with another repository or a local branch\n   push      Update remote refs along with associated objects\n\n'git help -a' and 'git help -g' list available subcommands and some\nconcept guides. See 'git help <command>' or 'git help <concept>'\nto read about a specific subcommand or concept.\nSee 'git help git' for an overview of the system.\n""
[0m14:56:20.517461 [debug] [MainThread]: STDERR: "b''"
[0m14:56:20.517755 [info ] [MainThread]:  - git [[32mOK found[0m]

[0m14:56:20.518079 [info ] [MainThread]: Connection:
[0m14:56:20.518493 [info ] [MainThread]:   host: localhost
[0m14:56:20.518857 [info ] [MainThread]:   port: 5000
[0m14:56:20.519317 [info ] [MainThread]:   user: dw_user
[0m14:56:20.519688 [info ] [MainThread]:   database: dev
[0m14:56:20.520006 [info ] [MainThread]:   schema: dev
[0m14:56:20.520362 [info ] [MainThread]:   connect_timeout: 10
[0m14:56:20.520671 [info ] [MainThread]:   role: None
[0m14:56:20.521229 [info ] [MainThread]:   search_path: None
[0m14:56:20.521529 [info ] [MainThread]:   keepalives_idle: 0
[0m14:56:20.521818 [info ] [MainThread]:   sslmode: None
[0m14:56:20.522121 [info ] [MainThread]:   sslcert: None
[0m14:56:20.522496 [info ] [MainThread]:   sslkey: None
[0m14:56:20.522917 [info ] [MainThread]:   sslrootcert: None
[0m14:56:20.523278 [info ] [MainThread]:   application_name: dbt
[0m14:56:20.523737 [info ] [MainThread]:   retries: 1
[0m14:56:20.524753 [info ] [MainThread]: Registered adapter: postgres=1.9.0
[0m14:56:20.628142 [debug] [MainThread]: Acquiring new postgres connection 'debug'
[0m14:56:20.651794 [debug] [MainThread]: Using postgres connection "debug"
[0m14:56:20.652243 [debug] [MainThread]: On debug: select 1 as id
[0m14:56:20.652574 [debug] [MainThread]: Opening a new connection, currently in state init
[0m14:56:20.653180 [debug] [MainThread]: Postgres adapter: Got a retryable error when attempting to open a postgres connection.
1 attempts remaining. Retrying in 0 seconds.
Error:
connection to server at "localhost" (127.0.0.1), port 5000 failed: Connection refused
	Is the server running on that host and accepting TCP/IP connections?

[0m14:56:20.653767 [debug] [MainThread]: Postgres adapter: Error running SQL: select 1 as id
[0m14:56:20.654095 [debug] [MainThread]: Postgres adapter: Rolling back transaction.
[0m14:56:20.654385 [debug] [MainThread]: On debug: No close available on handle
[0m14:56:20.654689 [info ] [MainThread]:   Connection test: [[31mERROR[0m]

[0m14:56:20.655041 [info ] [MainThread]: [31m2 checks failed:[0m
[0m14:56:20.655391 [info ] [MainThread]: Project loading failed for the following reason:
 project path </home/cnguyen/myrepos/dbt-postgres-airflow/dbt/dbt_project.yml> not found

[0m14:56:20.655728 [info ] [MainThread]: dbt was unable to connect to the specified database.
The database returned the following error:

  >Database Error
  connection to server at "localhost" (127.0.0.1), port 5000 failed: Connection refused
  	Is the server running on that host and accepting TCP/IP connections?
  

Check your database credentials and try again. For more information, visit:
https://docs.getdbt.com/docs/configure-your-profile


[0m14:56:20.656558 [debug] [MainThread]: Resource report: {"command_name": "debug", "command_success": false, "command_wall_clock_time": 0.27651608, "process_in_blocks": "88", "process_kernel_time": 0.100033, "process_mem_max_rss": "107872", "process_out_blocks": "32", "process_user_time": 1.460492}
[0m14:56:20.657001 [debug] [MainThread]: Command `dbt debug` failed at 14:56:20.656919 after 0.28 seconds
[0m14:56:20.657305 [debug] [MainThread]: Connection 'debug' was properly closed.
[0m14:56:20.657703 [debug] [MainThread]: Sending event: {'category': 'dbt', 'action': 'invocation', 'label': 'end', 'context': [<snowplow_tracker.self_describing_json.SelfDescribingJson object at 0x7f5b23615c60>, <snowplow_tracker.self_describing_json.SelfDescribingJson object at 0x7f5b21b02e30>, <snowplow_tracker.self_describing_json.SelfDescribingJson object at 0x7f5b21b02470>]}
[0m14:56:20.658061 [debug] [MainThread]: Flushing usage events
[0m14:56:21.843288 [debug] [MainThread]: An error was encountered while trying to flush usage events
[0m15:07:15.963454 [debug] [MainThread]: Sending event: {'category': 'dbt', 'action': 'invocation', 'label': 'start', 'context': [<snowplow_tracker.self_describing_json.SelfDescribingJson object at 0x7f43a09cdd50>, <snowplow_tracker.self_describing_json.SelfDescribingJson object at 0x7f439f980220>, <snowplow_tracker.self_describing_json.SelfDescribingJson object at 0x7f439f9801c0>]}


============================== 15:07:15.967987 | f3253013-a6a7-4663-8a38-9a2561ff0176 ==============================
[0m15:07:15.967987 [info ] [MainThread]: Running with dbt=1.10.6
[0m15:07:15.969139 [debug] [MainThread]: running dbt with arguments {'printer_width': '80', 'indirect_selection': 'eager', 'write_json': 'True', 'log_cache_events': 'False', 'partial_parse': 'True', 'cache_selected_only': 'False', 'profiles_dir': '/home/cnguyen/.dbt', 'fail_fast': 'False', 'debug': 'False', 'log_path': 'logs', 'version_check': 'True', 'warn_error': 'None', 'use_colors': 'True', 'use_experimental_parser': 'False', 'no_print': 'None', 'quiet': 'False', 'empty': 'None', 'warn_error_options': 'WarnErrorOptionsV2(error=[], warn=[], silence=[])', 'static_parser': 'True', 'invocation_command': 'dbt init canh_dbt_proj', 'log_format': 'default', 'target_path': 'None', 'introspect': 'True', 'send_anonymous_usage_stats': 'True'}
[0m15:07:15.983322 [info ] [MainThread]: A project called canh_dbt_proj already exists here.
[0m15:07:15.985284 [debug] [MainThread]: Resource report: {"command_name": "init", "command_success": true, "command_wall_clock_time": 0.158021, "process_in_blocks": "0", "process_kernel_time": 0.130005, "process_mem_max_rss": "96316", "process_out_blocks": "16", "process_user_time": 2.170095}
[0m15:07:15.986389 [debug] [MainThread]: Command `dbt init` succeeded at 15:07:15.986174 after 0.16 seconds
[0m15:07:15.987195 [debug] [MainThread]: Sending event: {'category': 'dbt', 'action': 'invocation', 'label': 'end', 'context': [<snowplow_tracker.self_describing_json.SelfDescribingJson object at 0x7f43a09cdd50>, <snowplow_tracker.self_describing_json.SelfDescribingJson object at 0x7f439f9803a0>, <snowplow_tracker.self_describing_json.SelfDescribingJson object at 0x7f439f980160>]}
[0m15:07:15.989134 [debug] [MainThread]: Flushing usage events
[0m15:07:17.296427 [debug] [MainThread]: An error was encountered while trying to flush usage events
[0m15:11:39.749974 [debug] [MainThread]: Sending event: {'category': 'dbt', 'action': 'invocation', 'label': 'start', 'context': [<snowplow_tracker.self_describing_json.SelfDescribingJson object at 0x7fd5e33adc30>, <snowplow_tracker.self_describing_json.SelfDescribingJson object at 0x7fd5e2360250>, <snowplow_tracker.self_describing_json.SelfDescribingJson object at 0x7fd5e23601f0>]}


============================== 15:11:39.753967 | 7b831d3c-3e3e-4ca5-89d6-ce528f71466f ==============================
[0m15:11:39.753967 [info ] [MainThread]: Running with dbt=1.10.6
[0m15:11:39.754706 [debug] [MainThread]: running dbt with arguments {'printer_width': '80', 'indirect_selection': 'eager', 'log_cache_events': 'False', 'write_json': 'True', 'partial_parse': 'True', 'cache_selected_only': 'False', 'warn_error': 'None', 'fail_fast': 'False', 'profiles_dir': '/home/cnguyen/.dbt', 'log_path': 'logs', 'debug': 'False', 'version_check': 'True', 'use_colors': 'True', 'use_experimental_parser': 'False', 'no_print': 'None', 'quiet': 'False', 'empty': 'None', 'warn_error_options': 'WarnErrorOptionsV2(error=[], warn=[], silence=[])', 'introspect': 'True', 'invocation_command': 'dbt debug', 'log_format': 'default', 'target_path': 'None', 'static_parser': 'True', 'send_anonymous_usage_stats': 'True'}
[0m15:11:39.766159 [info ] [MainThread]: dbt version: 1.10.6
[0m15:11:39.766947 [info ] [MainThread]: python version: 3.10.4
[0m15:11:39.767734 [info ] [MainThread]: python path: /home/cnguyen/.pyenv/versions/demo_dbt/bin/python
[0m15:11:39.768456 [info ] [MainThread]: os info: Linux-5.10.16.3-microsoft-standard-WSL2-x86_64-with-glibc2.39
[0m15:11:39.833436 [info ] [MainThread]: Using profiles dir at /home/cnguyen/.dbt
[0m15:11:39.834184 [info ] [MainThread]: Using profiles.yml file at /home/cnguyen/.dbt/profiles.yml
[0m15:11:39.834662 [info ] [MainThread]: Using dbt_project.yml file at /home/cnguyen/myrepos/dbt-postgres-airflow/dbt/dbt_project.yml
[0m15:11:39.835109 [info ] [MainThread]: Configuration:
[0m15:11:39.835567 [info ] [MainThread]:   profiles.yml file [[31mERROR invalid[0m]
[0m15:11:39.836010 [info ] [MainThread]:   dbt_project.yml file [[31mERROR not found[0m]
[0m15:11:39.836526 [info ] [MainThread]: Required dependencies:
[0m15:11:39.837090 [debug] [MainThread]: Executing "git --help"
[0m15:11:39.839072 [debug] [MainThread]: STDOUT: "b"usage: git [-v | --version] [-h | --help] [-C <path>] [-c <name>=<value>]\n           [--exec-path[=<path>]] [--html-path] [--man-path] [--info-path]\n           [-p | --paginate | -P | --no-pager] [--no-replace-objects] [--bare]\n           [--git-dir=<path>] [--work-tree=<path>] [--namespace=<name>]\n           [--config-env=<name>=<envvar>] <command> [<args>]\n\nThese are common Git commands used in various situations:\n\nstart a working area (see also: git help tutorial)\n   clone     Clone a repository into a new directory\n   init      Create an empty Git repository or reinitialize an existing one\n\nwork on the current change (see also: git help everyday)\n   add       Add file contents to the index\n   mv        Move or rename a file, a directory, or a symlink\n   restore   Restore working tree files\n   rm        Remove files from the working tree and from the index\n\nexamine the history and state (see also: git help revisions)\n   bisect    Use binary search to find the commit that introduced a bug\n   diff      Show changes between commits, commit and working tree, etc\n   grep      Print lines matching a pattern\n   log       Show commit logs\n   show      Show various types of objects\n   status    Show the working tree status\n\ngrow, mark and tweak your common history\n   branch    List, create, or delete branches\n   commit    Record changes to the repository\n   merge     Join two or more development histories together\n   rebase    Reapply commits on top of another base tip\n   reset     Reset current HEAD to the specified state\n   switch    Switch branches\n   tag       Create, list, delete or verify a tag object signed with GPG\n\ncollaborate (see also: git help workflows)\n   fetch     Download objects and refs from another repository\n   pull      Fetch from and integrate with another repository or a local branch\n   push      Update remote refs along with associated objects\n\n'git help -a' and 'git help -g' list available subcommands and some\nconcept guides. See 'git help <command>' or 'git help <concept>'\nto read about a specific subcommand or concept.\nSee 'git help git' for an overview of the system.\n""
[0m15:11:39.839600 [debug] [MainThread]: STDERR: "b''"
[0m15:11:39.839993 [info ] [MainThread]:  - git [[32mOK found[0m]

[0m15:11:39.840569 [info ] [MainThread]: Connection test skipped since no profile was found
[0m15:11:39.841328 [info ] [MainThread]: [31m2 checks failed:[0m
[0m15:11:39.842000 [info ] [MainThread]: Could not load dbt_project.yml
Profile loading failed for the following reason:
Runtime Error
  Credentials in profile "canh_dbt_proj", target "dev" invalid: 123456 is not of type 'string'


[0m15:11:39.842472 [info ] [MainThread]: Project loading failed for the following reason:
 project path </home/cnguyen/myrepos/dbt-postgres-airflow/dbt/dbt_project.yml> not found

[0m15:11:39.843554 [debug] [MainThread]: Resource report: {"command_name": "debug", "command_success": false, "command_wall_clock_time": 0.19398907, "process_in_blocks": "0", "process_kernel_time": 0.130302, "process_mem_max_rss": "100900", "process_out_blocks": "16", "process_user_time": 2.124928}
[0m15:11:39.844463 [debug] [MainThread]: Command `dbt debug` failed at 15:11:39.844307 after 0.20 seconds
[0m15:11:39.845011 [debug] [MainThread]: Sending event: {'category': 'dbt', 'action': 'invocation', 'label': 'end', 'context': [<snowplow_tracker.self_describing_json.SelfDescribingJson object at 0x7fd5e33adc30>, <snowplow_tracker.self_describing_json.SelfDescribingJson object at 0x7fd5e2360190>, <snowplow_tracker.self_describing_json.SelfDescribingJson object at 0x7fd5e2bec8e0>]}
[0m15:11:39.845711 [debug] [MainThread]: Flushing usage events
[0m15:11:41.137140 [debug] [MainThread]: An error was encountered while trying to flush usage events
[0m15:13:25.091292 [debug] [MainThread]: Sending event: {'category': 'dbt', 'action': 'invocation', 'label': 'start', 'context': [<snowplow_tracker.self_describing_json.SelfDescribingJson object at 0x7f5925521c90>, <snowplow_tracker.self_describing_json.SelfDescribingJson object at 0x7f59244ac250>, <snowplow_tracker.self_describing_json.SelfDescribingJson object at 0x7f59244ac1f0>]}


============================== 15:13:25.094936 | 92d1242c-de27-4cb9-b4b4-dcba6ba5da51 ==============================
[0m15:13:25.094936 [info ] [MainThread]: Running with dbt=1.10.6
[0m15:13:25.095623 [debug] [MainThread]: running dbt with arguments {'printer_width': '80', 'indirect_selection': 'eager', 'write_json': 'True', 'log_cache_events': 'False', 'partial_parse': 'True', 'cache_selected_only': 'False', 'warn_error': 'None', 'debug': 'False', 'profiles_dir': '/home/cnguyen/.dbt', 'log_path': 'logs', 'fail_fast': 'False', 'version_check': 'True', 'use_colors': 'True', 'use_experimental_parser': 'False', 'no_print': 'None', 'quiet': 'False', 'empty': 'None', 'log_format': 'default', 'introspect': 'True', 'invocation_command': 'dbt debug', 'static_parser': 'True', 'target_path': 'None', 'warn_error_options': 'WarnErrorOptionsV2(error=[], warn=[], silence=[])', 'send_anonymous_usage_stats': 'True'}
[0m15:13:25.105356 [info ] [MainThread]: dbt version: 1.10.6
[0m15:13:25.106075 [info ] [MainThread]: python version: 3.10.4
[0m15:13:25.106648 [info ] [MainThread]: python path: /home/cnguyen/.pyenv/versions/demo_dbt/bin/python
[0m15:13:25.107039 [info ] [MainThread]: os info: Linux-5.10.16.3-microsoft-standard-WSL2-x86_64-with-glibc2.39
[0m15:13:25.176116 [info ] [MainThread]: Using profiles dir at /home/cnguyen/.dbt
[0m15:13:25.176907 [info ] [MainThread]: Using profiles.yml file at /home/cnguyen/.dbt/profiles.yml
[0m15:13:25.177356 [info ] [MainThread]: Using dbt_project.yml file at /home/cnguyen/myrepos/dbt-postgres-airflow/dbt/dbt_project.yml
[0m15:13:25.177916 [info ] [MainThread]: adapter type: postgres
[0m15:13:25.178332 [info ] [MainThread]: adapter version: 1.9.0
[0m15:13:25.179123 [info ] [MainThread]: Configuration:
[0m15:13:25.179760 [info ] [MainThread]:   profiles.yml file [[32mOK found and valid[0m]
[0m15:13:25.180148 [info ] [MainThread]:   dbt_project.yml file [[31mERROR not found[0m]
[0m15:13:25.180509 [info ] [MainThread]: Required dependencies:
[0m15:13:25.180909 [debug] [MainThread]: Executing "git --help"
[0m15:13:25.182573 [debug] [MainThread]: STDOUT: "b"usage: git [-v | --version] [-h | --help] [-C <path>] [-c <name>=<value>]\n           [--exec-path[=<path>]] [--html-path] [--man-path] [--info-path]\n           [-p | --paginate | -P | --no-pager] [--no-replace-objects] [--bare]\n           [--git-dir=<path>] [--work-tree=<path>] [--namespace=<name>]\n           [--config-env=<name>=<envvar>] <command> [<args>]\n\nThese are common Git commands used in various situations:\n\nstart a working area (see also: git help tutorial)\n   clone     Clone a repository into a new directory\n   init      Create an empty Git repository or reinitialize an existing one\n\nwork on the current change (see also: git help everyday)\n   add       Add file contents to the index\n   mv        Move or rename a file, a directory, or a symlink\n   restore   Restore working tree files\n   rm        Remove files from the working tree and from the index\n\nexamine the history and state (see also: git help revisions)\n   bisect    Use binary search to find the commit that introduced a bug\n   diff      Show changes between commits, commit and working tree, etc\n   grep      Print lines matching a pattern\n   log       Show commit logs\n   show      Show various types of objects\n   status    Show the working tree status\n\ngrow, mark and tweak your common history\n   branch    List, create, or delete branches\n   commit    Record changes to the repository\n   merge     Join two or more development histories together\n   rebase    Reapply commits on top of another base tip\n   reset     Reset current HEAD to the specified state\n   switch    Switch branches\n   tag       Create, list, delete or verify a tag object signed with GPG\n\ncollaborate (see also: git help workflows)\n   fetch     Download objects and refs from another repository\n   pull      Fetch from and integrate with another repository or a local branch\n   push      Update remote refs along with associated objects\n\n'git help -a' and 'git help -g' list available subcommands and some\nconcept guides. See 'git help <command>' or 'git help <concept>'\nto read about a specific subcommand or concept.\nSee 'git help git' for an overview of the system.\n""
[0m15:13:25.183036 [debug] [MainThread]: STDERR: "b''"
[0m15:13:25.183528 [info ] [MainThread]:  - git [[32mOK found[0m]

[0m15:13:25.183994 [info ] [MainThread]: Connection:
[0m15:13:25.184437 [info ] [MainThread]:   host: localhost
[0m15:13:25.184932 [info ] [MainThread]:   port: 5000
[0m15:13:25.185385 [info ] [MainThread]:   user: cnguyen
[0m15:13:25.186039 [info ] [MainThread]:   database: dev
[0m15:13:25.186786 [info ] [MainThread]:   schema: dev
[0m15:13:25.187135 [info ] [MainThread]:   connect_timeout: 10
[0m15:13:25.187490 [info ] [MainThread]:   role: None
[0m15:13:25.187906 [info ] [MainThread]:   search_path: None
[0m15:13:25.188290 [info ] [MainThread]:   keepalives_idle: 0
[0m15:13:25.188725 [info ] [MainThread]:   sslmode: None
[0m15:13:25.189324 [info ] [MainThread]:   sslcert: None
[0m15:13:25.189699 [info ] [MainThread]:   sslkey: None
[0m15:13:25.190132 [info ] [MainThread]:   sslrootcert: None
[0m15:13:25.190571 [info ] [MainThread]:   application_name: dbt
[0m15:13:25.190951 [info ] [MainThread]:   retries: 1
[0m15:13:25.191533 [info ] [MainThread]: Registered adapter: postgres=1.9.0
[0m15:13:25.313592 [debug] [MainThread]: Acquiring new postgres connection 'debug'
[0m15:13:25.340352 [debug] [MainThread]: Using postgres connection "debug"
[0m15:13:25.340901 [debug] [MainThread]: On debug: select 1 as id
[0m15:13:25.341293 [debug] [MainThread]: Opening a new connection, currently in state init
[0m15:13:25.352441 [debug] [MainThread]: Postgres adapter: Got a retryable error when attempting to open a postgres connection.
1 attempts remaining. Retrying in 0 seconds.
Error:
connection to server at "localhost" (127.0.0.1), port 5000 failed: FATAL:  database "dev" does not exist

[0m15:13:25.358830 [debug] [MainThread]: Postgres adapter: Error running SQL: select 1 as id
[0m15:13:25.359305 [debug] [MainThread]: Postgres adapter: Rolling back transaction.
[0m15:13:25.359797 [debug] [MainThread]: On debug: No close available on handle
[0m15:13:25.360210 [info ] [MainThread]:   Connection test: [[31mERROR[0m]

[0m15:13:25.360760 [info ] [MainThread]: [31m2 checks failed:[0m
[0m15:13:25.361312 [info ] [MainThread]: Project loading failed for the following reason:
 project path </home/cnguyen/myrepos/dbt-postgres-airflow/dbt/dbt_project.yml> not found

[0m15:13:25.361844 [info ] [MainThread]: dbt was unable to connect to the specified database.
The database returned the following error:

  >Database Error
  connection to server at "localhost" (127.0.0.1), port 5000 failed: FATAL:  database "dev" does not exist
  

Check your database credentials and try again. For more information, visit:
https://docs.getdbt.com/docs/configure-your-profile


[0m15:13:25.363011 [debug] [MainThread]: Resource report: {"command_name": "debug", "command_success": false, "command_wall_clock_time": 0.35829467, "process_in_blocks": "0", "process_kernel_time": 0.109397, "process_mem_max_rss": "110300", "process_out_blocks": "24", "process_user_time": 2.2874}
[0m15:13:25.363583 [debug] [MainThread]: Command `dbt debug` failed at 15:13:25.363449 after 0.36 seconds
[0m15:13:25.363999 [debug] [MainThread]: Connection 'debug' was properly closed.
[0m15:13:25.364429 [debug] [MainThread]: Sending event: {'category': 'dbt', 'action': 'invocation', 'label': 'end', 'context': [<snowplow_tracker.self_describing_json.SelfDescribingJson object at 0x7f5925521c90>, <snowplow_tracker.self_describing_json.SelfDescribingJson object at 0x7f59243f8700>, <snowplow_tracker.self_describing_json.SelfDescribingJson object at 0x7f59243fa680>]}
[0m15:13:25.364902 [debug] [MainThread]: Flushing usage events
[0m15:13:26.728452 [debug] [MainThread]: An error was encountered while trying to flush usage events
[0m15:14:23.890990 [debug] [MainThread]: Sending event: {'category': 'dbt', 'action': 'invocation', 'label': 'start', 'context': [<snowplow_tracker.self_describing_json.SelfDescribingJson object at 0x7ff5b95f9c90>, <snowplow_tracker.self_describing_json.SelfDescribingJson object at 0x7ff5b8584250>, <snowplow_tracker.self_describing_json.SelfDescribingJson object at 0x7ff5b85841f0>]}


============================== 15:14:23.894716 | 5d6b1b84-6d38-42a6-af2e-573e8fed23a0 ==============================
[0m15:14:23.894716 [info ] [MainThread]: Running with dbt=1.10.6
[0m15:14:23.895430 [debug] [MainThread]: running dbt with arguments {'printer_width': '80', 'indirect_selection': 'eager', 'write_json': 'True', 'log_cache_events': 'False', 'partial_parse': 'True', 'cache_selected_only': 'False', 'warn_error': 'None', 'version_check': 'True', 'profiles_dir': '/home/cnguyen/.dbt', 'log_path': 'logs', 'debug': 'False', 'fail_fast': 'False', 'use_colors': 'True', 'use_experimental_parser': 'False', 'no_print': 'None', 'quiet': 'False', 'empty': 'None', 'warn_error_options': 'WarnErrorOptionsV2(error=[], warn=[], silence=[])', 'invocation_command': 'dbt debug', 'static_parser': 'True', 'log_format': 'default', 'target_path': 'None', 'introspect': 'True', 'send_anonymous_usage_stats': 'True'}
[0m15:14:23.905497 [info ] [MainThread]: dbt version: 1.10.6
[0m15:14:23.906157 [info ] [MainThread]: python version: 3.10.4
[0m15:14:23.906679 [info ] [MainThread]: python path: /home/cnguyen/.pyenv/versions/demo_dbt/bin/python
[0m15:14:23.907191 [info ] [MainThread]: os info: Linux-5.10.16.3-microsoft-standard-WSL2-x86_64-with-glibc2.39
[0m15:14:23.912709 [info ] [MainThread]: Using profiles dir at /home/cnguyen/.dbt
[0m15:14:23.913580 [info ] [MainThread]: Using profiles.yml file at /home/cnguyen/.dbt/profiles.yml
[0m15:14:23.914281 [info ] [MainThread]: Using dbt_project.yml file at /home/cnguyen/myrepos/dbt-postgres-airflow/dbt/dbt_project.yml
[0m15:14:23.914972 [info ] [MainThread]: Configuration:
[0m15:14:23.915370 [info ] [MainThread]:   profiles.yml file [[31mERROR invalid[0m]
[0m15:14:23.915769 [info ] [MainThread]:   dbt_project.yml file [[31mERROR not found[0m]
[0m15:14:23.916181 [info ] [MainThread]: Required dependencies:
[0m15:14:23.916570 [debug] [MainThread]: Executing "git --help"
[0m15:14:23.918791 [debug] [MainThread]: STDOUT: "b"usage: git [-v | --version] [-h | --help] [-C <path>] [-c <name>=<value>]\n           [--exec-path[=<path>]] [--html-path] [--man-path] [--info-path]\n           [-p | --paginate | -P | --no-pager] [--no-replace-objects] [--bare]\n           [--git-dir=<path>] [--work-tree=<path>] [--namespace=<name>]\n           [--config-env=<name>=<envvar>] <command> [<args>]\n\nThese are common Git commands used in various situations:\n\nstart a working area (see also: git help tutorial)\n   clone     Clone a repository into a new directory\n   init      Create an empty Git repository or reinitialize an existing one\n\nwork on the current change (see also: git help everyday)\n   add       Add file contents to the index\n   mv        Move or rename a file, a directory, or a symlink\n   restore   Restore working tree files\n   rm        Remove files from the working tree and from the index\n\nexamine the history and state (see also: git help revisions)\n   bisect    Use binary search to find the commit that introduced a bug\n   diff      Show changes between commits, commit and working tree, etc\n   grep      Print lines matching a pattern\n   log       Show commit logs\n   show      Show various types of objects\n   status    Show the working tree status\n\ngrow, mark and tweak your common history\n   branch    List, create, or delete branches\n   commit    Record changes to the repository\n   merge     Join two or more development histories together\n   rebase    Reapply commits on top of another base tip\n   reset     Reset current HEAD to the specified state\n   switch    Switch branches\n   tag       Create, list, delete or verify a tag object signed with GPG\n\ncollaborate (see also: git help workflows)\n   fetch     Download objects and refs from another repository\n   pull      Fetch from and integrate with another repository or a local branch\n   push      Update remote refs along with associated objects\n\n'git help -a' and 'git help -g' list available subcommands and some\nconcept guides. See 'git help <command>' or 'git help <concept>'\nto read about a specific subcommand or concept.\nSee 'git help git' for an overview of the system.\n""
[0m15:14:23.919268 [debug] [MainThread]: STDERR: "b''"
[0m15:14:23.919620 [info ] [MainThread]:  - git [[32mOK found[0m]

[0m15:14:23.920388 [info ] [MainThread]: Connection test skipped since no profile was found
[0m15:14:23.921146 [info ] [MainThread]: [31m2 checks failed:[0m
[0m15:14:23.921787 [info ] [MainThread]: Could not load dbt_project.yml
Profile loading failed for the following reason:
Runtime Error
  The profile 'canh_dbt_proj' does not have a target named 'dw'. The valid target names for this profile are:
   - dev


[0m15:14:23.922392 [info ] [MainThread]: Project loading failed for the following reason:
 project path </home/cnguyen/myrepos/dbt-postgres-airflow/dbt/dbt_project.yml> not found

[0m15:14:23.923858 [debug] [MainThread]: Resource report: {"command_name": "debug", "command_success": false, "command_wall_clock_time": 0.12033862, "process_in_blocks": "0", "process_kernel_time": 0.060123, "process_mem_max_rss": "96480", "process_out_blocks": "16", "process_user_time": 2.124362}
[0m15:14:23.924743 [debug] [MainThread]: Command `dbt debug` failed at 15:14:23.924558 after 0.12 seconds
[0m15:14:23.925452 [debug] [MainThread]: Sending event: {'category': 'dbt', 'action': 'invocation', 'label': 'end', 'context': [<snowplow_tracker.self_describing_json.SelfDescribingJson object at 0x7ff5b95f9c90>, <snowplow_tracker.self_describing_json.SelfDescribingJson object at 0x7ff5b8584190>, <snowplow_tracker.self_describing_json.SelfDescribingJson object at 0x7ff5b8e14760>]}
[0m15:14:23.926290 [debug] [MainThread]: Flushing usage events
[0m15:14:24.958147 [debug] [MainThread]: An error was encountered while trying to flush usage events
[0m15:15:41.593989 [debug] [MainThread]: Sending event: {'category': 'dbt', 'action': 'invocation', 'label': 'start', 'context': [<snowplow_tracker.self_describing_json.SelfDescribingJson object at 0x7fd26eb35c60>, <snowplow_tracker.self_describing_json.SelfDescribingJson object at 0x7fd26dae8250>, <snowplow_tracker.self_describing_json.SelfDescribingJson object at 0x7fd26dae81f0>]}


============================== 15:15:41.598063 | 162c1abd-787b-4ad0-858e-4fbeca7674ce ==============================
[0m15:15:41.598063 [info ] [MainThread]: Running with dbt=1.10.6
[0m15:15:41.598844 [debug] [MainThread]: running dbt with arguments {'printer_width': '80', 'indirect_selection': 'eager', 'log_cache_events': 'False', 'write_json': 'True', 'partial_parse': 'True', 'cache_selected_only': 'False', 'warn_error': 'None', 'debug': 'False', 'profiles_dir': '/home/cnguyen/.dbt', 'log_path': 'logs', 'version_check': 'True', 'fail_fast': 'False', 'use_colors': 'True', 'use_experimental_parser': 'False', 'no_print': 'None', 'quiet': 'False', 'empty': 'None', 'warn_error_options': 'WarnErrorOptionsV2(error=[], warn=[], silence=[])', 'static_parser': 'True', 'introspect': 'True', 'log_format': 'default', 'target_path': 'None', 'invocation_command': 'dbt debug', 'send_anonymous_usage_stats': 'True'}
[0m15:15:41.609501 [info ] [MainThread]: dbt version: 1.10.6
[0m15:15:41.610203 [info ] [MainThread]: python version: 3.10.4
[0m15:15:41.610740 [info ] [MainThread]: python path: /home/cnguyen/.pyenv/versions/demo_dbt/bin/python
[0m15:15:41.611164 [info ] [MainThread]: os info: Linux-5.10.16.3-microsoft-standard-WSL2-x86_64-with-glibc2.39
[0m15:15:41.688450 [info ] [MainThread]: Using profiles dir at /home/cnguyen/.dbt
[0m15:15:41.689403 [info ] [MainThread]: Using profiles.yml file at /home/cnguyen/.dbt/profiles.yml
[0m15:15:41.690074 [info ] [MainThread]: Using dbt_project.yml file at /home/cnguyen/myrepos/dbt-postgres-airflow/dbt/dbt_project.yml
[0m15:15:41.690786 [info ] [MainThread]: adapter type: postgres
[0m15:15:41.691261 [info ] [MainThread]: adapter version: 1.9.0
[0m15:15:41.691791 [info ] [MainThread]: Configuration:
[0m15:15:41.692288 [info ] [MainThread]:   profiles.yml file [[32mOK found and valid[0m]
[0m15:15:41.692985 [info ] [MainThread]:   dbt_project.yml file [[31mERROR not found[0m]
[0m15:15:41.693643 [info ] [MainThread]: Required dependencies:
[0m15:15:41.694433 [debug] [MainThread]: Executing "git --help"
[0m15:15:41.696363 [debug] [MainThread]: STDOUT: "b"usage: git [-v | --version] [-h | --help] [-C <path>] [-c <name>=<value>]\n           [--exec-path[=<path>]] [--html-path] [--man-path] [--info-path]\n           [-p | --paginate | -P | --no-pager] [--no-replace-objects] [--bare]\n           [--git-dir=<path>] [--work-tree=<path>] [--namespace=<name>]\n           [--config-env=<name>=<envvar>] <command> [<args>]\n\nThese are common Git commands used in various situations:\n\nstart a working area (see also: git help tutorial)\n   clone     Clone a repository into a new directory\n   init      Create an empty Git repository or reinitialize an existing one\n\nwork on the current change (see also: git help everyday)\n   add       Add file contents to the index\n   mv        Move or rename a file, a directory, or a symlink\n   restore   Restore working tree files\n   rm        Remove files from the working tree and from the index\n\nexamine the history and state (see also: git help revisions)\n   bisect    Use binary search to find the commit that introduced a bug\n   diff      Show changes between commits, commit and working tree, etc\n   grep      Print lines matching a pattern\n   log       Show commit logs\n   show      Show various types of objects\n   status    Show the working tree status\n\ngrow, mark and tweak your common history\n   branch    List, create, or delete branches\n   commit    Record changes to the repository\n   merge     Join two or more development histories together\n   rebase    Reapply commits on top of another base tip\n   reset     Reset current HEAD to the specified state\n   switch    Switch branches\n   tag       Create, list, delete or verify a tag object signed with GPG\n\ncollaborate (see also: git help workflows)\n   fetch     Download objects and refs from another repository\n   pull      Fetch from and integrate with another repository or a local branch\n   push      Update remote refs along with associated objects\n\n'git help -a' and 'git help -g' list available subcommands and some\nconcept guides. See 'git help <command>' or 'git help <concept>'\nto read about a specific subcommand or concept.\nSee 'git help git' for an overview of the system.\n""
[0m15:15:41.697178 [debug] [MainThread]: STDERR: "b''"
[0m15:15:41.697638 [info ] [MainThread]:  - git [[32mOK found[0m]

[0m15:15:41.698124 [info ] [MainThread]: Connection:
[0m15:15:41.698757 [info ] [MainThread]:   host: localhost
[0m15:15:41.699536 [info ] [MainThread]:   port: 5000
[0m15:15:41.700088 [info ] [MainThread]:   user: cnguyen
[0m15:15:41.700513 [info ] [MainThread]:   database: dw
[0m15:15:41.701064 [info ] [MainThread]:   schema: dev
[0m15:15:41.701494 [info ] [MainThread]:   connect_timeout: 10
[0m15:15:41.701982 [info ] [MainThread]:   role: None
[0m15:15:41.702497 [info ] [MainThread]:   search_path: None
[0m15:15:41.703176 [info ] [MainThread]:   keepalives_idle: 0
[0m15:15:41.703622 [info ] [MainThread]:   sslmode: None
[0m15:15:41.704086 [info ] [MainThread]:   sslcert: None
[0m15:15:41.704714 [info ] [MainThread]:   sslkey: None
[0m15:15:41.705368 [info ] [MainThread]:   sslrootcert: None
[0m15:15:41.706308 [info ] [MainThread]:   application_name: dbt
[0m15:15:41.707278 [info ] [MainThread]:   retries: 1
[0m15:15:41.708517 [info ] [MainThread]: Registered adapter: postgres=1.9.0
[0m15:15:41.860962 [debug] [MainThread]: Acquiring new postgres connection 'debug'
[0m15:15:41.889670 [debug] [MainThread]: Using postgres connection "debug"
[0m15:15:41.890294 [debug] [MainThread]: On debug: select 1 as id
[0m15:15:41.890728 [debug] [MainThread]: Opening a new connection, currently in state init
[0m15:15:41.924789 [debug] [MainThread]: SQL status: SELECT 1 in 0.034 seconds
[0m15:15:41.926420 [debug] [MainThread]: On debug: Close
[0m15:15:41.927100 [info ] [MainThread]:   Connection test: [[32mOK connection ok[0m]

[0m15:15:41.927803 [info ] [MainThread]: [31m1 check failed:[0m
[0m15:15:41.928616 [info ] [MainThread]: Project loading failed for the following reason:
 project path </home/cnguyen/myrepos/dbt-postgres-airflow/dbt/dbt_project.yml> not found

[0m15:15:41.929962 [debug] [MainThread]: Resource report: {"command_name": "debug", "command_success": false, "command_wall_clock_time": 0.4326477, "process_in_blocks": "0", "process_kernel_time": 0.060081, "process_mem_max_rss": "109960", "process_out_blocks": "24", "process_user_time": 2.363188}
[0m15:15:41.930672 [debug] [MainThread]: Command `dbt debug` failed at 15:15:41.930520 after 0.43 seconds
[0m15:15:41.931206 [debug] [MainThread]: Connection 'debug' was properly closed.
[0m15:15:41.931824 [debug] [MainThread]: Sending event: {'category': 'dbt', 'action': 'invocation', 'label': 'end', 'context': [<snowplow_tracker.self_describing_json.SelfDescribingJson object at 0x7fd26eb35c60>, <snowplow_tracker.self_describing_json.SelfDescribingJson object at 0x7fd26da18a90>, <snowplow_tracker.self_describing_json.SelfDescribingJson object at 0x7fd26da1a440>]}
[0m15:15:41.932497 [debug] [MainThread]: Flushing usage events
[0m15:15:43.054872 [debug] [MainThread]: An error was encountered while trying to flush usage events
