{"timestamp":"2025-08-06T12:06:23.379227","level":"info","event":"DAG bundles loaded: dags-folder, example_dags","logger":"airflow.dag_processing.bundles.manager.DagBundlesManager"}
{"timestamp":"2025-08-06T12:06:23.380280","level":"info","event":"Filling up the DagBag from /home/cnguyen/myrepos/dbt-postgres-airflow/airflow/dags/dbt-orchesstrator.py","logger":"airflow.models.dagbag.DagBag"}
{"timestamp":"2025-08-06T12:06:23.532054Z","level":"info","event":"Task instance is in running state","chan":"stdout","logger":"task"}
{"timestamp":"2025-08-06T12:06:23.532294Z","level":"info","event":" Previous state of the Task instance: TaskInstanceState.QUEUED","chan":"stdout","logger":"task"}
{"timestamp":"2025-08-06T12:06:23.532660Z","level":"info","event":"Current task name:wait_for_weather_data","chan":"stdout","logger":"task"}
{"timestamp":"2025-08-06T12:06:23.533437Z","level":"info","event":"Dag name:dbt_orchestrator","chan":"stdout","logger":"task"}
{"timestamp":"2025-08-06T12:06:23.533299","level":"info","event":"Poking for tasks ['ingest_weather_data'] in dag data_weather_fetch_daily on 2025-08-06T12:00:00+00:00 ... ","logger":"airflow.task.operators.airflow.providers.standard.sensors.external_task.ExternalTaskSensor"}
{"timestamp":"2025-08-06T12:07:23.537891","level":"info","event":"Poking for tasks ['ingest_weather_data'] in dag data_weather_fetch_daily on 2025-08-06T12:00:00+00:00 ... ","logger":"airflow.task.operators.airflow.providers.standard.sensors.external_task.ExternalTaskSensor"}
{"timestamp":"2025-08-06T12:08:23.618152","level":"info","event":"Poking for tasks ['ingest_weather_data'] in dag data_weather_fetch_daily on 2025-08-06T12:00:00+00:00 ... ","logger":"airflow.task.operators.airflow.providers.standard.sensors.external_task.ExternalTaskSensor"}
{"timestamp":"2025-08-06T12:09:23.681825","level":"info","event":"Poking for tasks ['ingest_weather_data'] in dag data_weather_fetch_daily on 2025-08-06T12:00:00+00:00 ... ","logger":"airflow.task.operators.airflow.providers.standard.sensors.external_task.ExternalTaskSensor"}
{"timestamp":"2025-08-06T12:10:23.754811","level":"info","event":"Poking for tasks ['ingest_weather_data'] in dag data_weather_fetch_daily on 2025-08-06T12:00:00+00:00 ... ","logger":"airflow.task.operators.airflow.providers.standard.sensors.external_task.ExternalTaskSensor"}
{"timestamp":"2025-08-06T12:11:23.834820","level":"info","event":"Poking for tasks ['ingest_weather_data'] in dag data_weather_fetch_daily on 2025-08-06T12:00:00+00:00 ... ","logger":"airflow.task.operators.airflow.providers.standard.sensors.external_task.ExternalTaskSensor"}
{"timestamp":"2025-08-06T12:12:23.917668","level":"info","event":"Poking for tasks ['ingest_weather_data'] in dag data_weather_fetch_daily on 2025-08-06T12:00:00+00:00 ... ","logger":"airflow.task.operators.airflow.providers.standard.sensors.external_task.ExternalTaskSensor"}
{"timestamp":"2025-08-06T12:13:23.997566","level":"info","event":"Poking for tasks ['ingest_weather_data'] in dag data_weather_fetch_daily on 2025-08-06T12:00:00+00:00 ... ","logger":"airflow.task.operators.airflow.providers.standard.sensors.external_task.ExternalTaskSensor"}
{"timestamp":"2025-08-06T12:14:24.078578","level":"info","event":"Poking for tasks ['ingest_weather_data'] in dag data_weather_fetch_daily on 2025-08-06T12:00:00+00:00 ... ","logger":"airflow.task.operators.airflow.providers.standard.sensors.external_task.ExternalTaskSensor"}
{"timestamp":"2025-08-06T12:15:24.167044","level":"info","event":"Poking for tasks ['ingest_weather_data'] in dag data_weather_fetch_daily on 2025-08-06T12:00:00+00:00 ... ","logger":"airflow.task.operators.airflow.providers.standard.sensors.external_task.ExternalTaskSensor"}
{"timestamp":"2025-08-06T12:16:24.244077","level":"info","event":"Poking for tasks ['ingest_weather_data'] in dag data_weather_fetch_daily on 2025-08-06T12:00:00+00:00 ... ","logger":"airflow.task.operators.airflow.providers.standard.sensors.external_task.ExternalTaskSensor"}
{"timestamp":"2025-08-06T12:16:24.261267","level":"error","event":"Task failed with exception","logger":"task","error_detail":[{"exc_type":"AirflowSensorTimeout","exc_value":"Sensor has timed out; run duration of 600.8526607819949 seconds exceeds the specified timeout of 600.0.","exc_notes":[],"syntax_error":null,"is_cause":false,"frames":[{"filename":"/home/cnguyen/.pyenv/versions/3.10.4/envs/demo_airflow/lib/python3.10/site-packages/airflow/sdk/execution_time/task_runner.py","lineno":877,"name":"run"},{"filename":"/home/cnguyen/.pyenv/versions/3.10.4/envs/demo_airflow/lib/python3.10/site-packages/airflow/sdk/execution_time/task_runner.py","lineno":1164,"name":"_execute_task"},{"filename":"/home/cnguyen/.pyenv/versions/3.10.4/envs/demo_airflow/lib/python3.10/site-packages/airflow/sdk/bases/operator.py","lineno":397,"name":"wrapper"},{"filename":"/home/cnguyen/.pyenv/versions/3.10.4/envs/demo_airflow/lib/python3.10/site-packages/airflow/providers/standard/sensors/external_task.py","lineno":421,"name":"execute"},{"filename":"/home/cnguyen/.pyenv/versions/3.10.4/envs/demo_airflow/lib/python3.10/site-packages/airflow/sdk/bases/operator.py","lineno":397,"name":"wrapper"},{"filename":"/home/cnguyen/.pyenv/versions/3.10.4/envs/demo_airflow/lib/python3.10/site-packages/airflow/sdk/bases/sensor.py","lineno":243,"name":"execute"}],"is_group":false,"exceptions":[]}]}
{"timestamp":"2025-08-06T12:16:24.294655Z","level":"info","event":"Task instance in failure state","chan":"stdout","logger":"task"}
{"timestamp":"2025-08-06T12:16:24.295171Z","level":"info","event":"Task start","chan":"stdout","logger":"task"}
{"timestamp":"2025-08-06T12:16:24.295319Z","level":"info","event":"Task:<Task(ExternalTaskSensor): wait_for_weather_data>","chan":"stdout","logger":"task"}
{"timestamp":"2025-08-06T12:16:24.295425Z","level":"info","event":"Failure caused by Sensor has timed out; run duration of 600.8526607819949 seconds exceeds the specified timeout of 600.0.","chan":"stdout","logger":"task"}
