{"timestamp":"2025-08-05T03:17:05.970463","level":"info","event":"DAG bundles loaded: dags-folder, example_dags","logger":"airflow.dag_processing.bundles.manager.DagBundlesManager"}
{"timestamp":"2025-08-05T03:17:05.971363","level":"info","event":"Filling up the DagBag from /home/cnguyen/myrepos/dbt-postgres-airflow/airflow/dags/dbt-orchesstrator.py","logger":"airflow.models.dagbag.DagBag"}
{"timestamp":"2025-08-05T03:17:06.157089Z","level":"info","event":"Task instance is in running state","chan":"stdout","logger":"task"}
{"timestamp":"2025-08-05T03:17:06.157367Z","level":"info","event":" Previous state of the Task instance: TaskInstanceState.QUEUED","chan":"stdout","logger":"task"}
{"timestamp":"2025-08-05T03:17:06.157588Z","level":"info","event":"Current task name:model.canh_dbt_proj.my_second_dbt_model","chan":"stdout","logger":"task"}
{"timestamp":"2025-08-05T03:17:06.157681Z","level":"info","event":"Dag name:dbt_orchestrator","chan":"stdout","logger":"task"}
{"timestamp":"2025-08-05T03:17:06.158704","level":"info","event":"Tmp dir root location: /tmp","logger":"airflow.task.hooks.airflow.providers.standard.hooks.subprocess.SubprocessHook"}
{"timestamp":"2025-08-05T03:17:06.159532","level":"info","event":"Running command: ['/usr/bin/bash', '-c', 'cd /home/cnguyen/myrepos/dbt-postgres-airflow/dbt/canh_dbt_proj && /home/cnguyen/.pyenv/versions/demo_dbt/bin/dbt run']","logger":"airflow.task.hooks.airflow.providers.standard.hooks.subprocess.SubprocessHook"}
{"timestamp":"2025-08-05T03:17:06.181693","level":"info","event":"Output:","logger":"airflow.task.hooks.airflow.providers.standard.hooks.subprocess.SubprocessHook"}
{"timestamp":"2025-08-05T03:17:11.688710","level":"info","event":"\u001b[0m03:17:11  Running with dbt=1.10.6","logger":"airflow.task.hooks.airflow.providers.standard.hooks.subprocess.SubprocessHook"}
{"timestamp":"2025-08-05T03:17:12.691716","level":"info","event":"\u001b[0m03:17:12  Registered adapter: postgres=1.9.0","logger":"airflow.task.hooks.airflow.providers.standard.hooks.subprocess.SubprocessHook"}
{"timestamp":"2025-08-05T03:17:14.289912","level":"info","event":"\u001b[0m03:17:14  Found 2 models, 4 data tests, 434 macros","logger":"airflow.task.hooks.airflow.providers.standard.hooks.subprocess.SubprocessHook"}
{"timestamp":"2025-08-05T03:17:14.309443","level":"info","event":"\u001b[0m03:17:14","logger":"airflow.task.hooks.airflow.providers.standard.hooks.subprocess.SubprocessHook"}
{"timestamp":"2025-08-05T03:17:14.311394","level":"info","event":"\u001b[0m03:17:14  Concurrency: 1 threads (target='dev')","logger":"airflow.task.hooks.airflow.providers.standard.hooks.subprocess.SubprocessHook"}
{"timestamp":"2025-08-05T03:17:14.316541","level":"info","event":"\u001b[0m03:17:14","logger":"airflow.task.hooks.airflow.providers.standard.hooks.subprocess.SubprocessHook"}
{"timestamp":"2025-08-05T03:17:14.899376","level":"info","event":"\u001b[0m03:17:14  1 of 2 START sql table model dev.my_first_dbt_model ............................ [RUN]","logger":"airflow.task.hooks.airflow.providers.standard.hooks.subprocess.SubprocessHook"}
{"timestamp":"2025-08-05T03:17:15.358766","level":"info","event":"\u001b[0m03:17:15  1 of 2 OK created sql table model dev.my_first_dbt_model ....................... [\u001b[32mSELECT 2\u001b[0m in 0.45s]","logger":"airflow.task.hooks.airflow.providers.standard.hooks.subprocess.SubprocessHook"}
{"timestamp":"2025-08-05T03:17:15.366563","level":"info","event":"\u001b[0m03:17:15  2 of 2 START sql view model dev.my_second_dbt_model ............................ [RUN]","logger":"airflow.task.hooks.airflow.providers.standard.hooks.subprocess.SubprocessHook"}
{"timestamp":"2025-08-05T03:17:15.606222","level":"info","event":"\u001b[0m03:17:15  2 of 2 OK created sql view model dev.my_second_dbt_model ....................... [\u001b[32mCREATE VIEW\u001b[0m in 0.23s]","logger":"airflow.task.hooks.airflow.providers.standard.hooks.subprocess.SubprocessHook"}
{"timestamp":"2025-08-05T03:17:15.696686","level":"info","event":"\u001b[0m03:17:15","logger":"airflow.task.hooks.airflow.providers.standard.hooks.subprocess.SubprocessHook"}
{"timestamp":"2025-08-05T03:17:15.697747","level":"info","event":"\u001b[0m03:17:15  Finished running 1 table model, 1 view model in 0 hours 0 minutes and 1.37 seconds (1.37s).","logger":"airflow.task.hooks.airflow.providers.standard.hooks.subprocess.SubprocessHook"}
{"timestamp":"2025-08-05T03:17:15.839665","level":"info","event":"\u001b[0m03:17:15","logger":"airflow.task.hooks.airflow.providers.standard.hooks.subprocess.SubprocessHook"}
{"timestamp":"2025-08-05T03:17:15.841472","level":"info","event":"\u001b[0m03:17:15  \u001b[32mCompleted successfully\u001b[0m","logger":"airflow.task.hooks.airflow.providers.standard.hooks.subprocess.SubprocessHook"}
{"timestamp":"2025-08-05T03:17:15.846776","level":"info","event":"\u001b[0m03:17:15","logger":"airflow.task.hooks.airflow.providers.standard.hooks.subprocess.SubprocessHook"}
{"timestamp":"2025-08-05T03:17:15.848167","level":"info","event":"\u001b[0m03:17:15  Done. PASS=2 WARN=0 ERROR=0 SKIP=0 NO-OP=0 TOTAL=2","logger":"airflow.task.hooks.airflow.providers.standard.hooks.subprocess.SubprocessHook"}
{"timestamp":"2025-08-05T03:17:17.709260","level":"info","event":"Command exited with return code 0","logger":"airflow.task.hooks.airflow.providers.standard.hooks.subprocess.SubprocessHook"}
{"timestamp":"2025-08-05T03:17:17.710103","level":"info","event":"Pushing xcom","ti":"RuntimeTaskInstance(id=UUID('0198783b-6283-7d7b-89f4-66983644d646'), task_id='model.canh_dbt_proj.my_second_dbt_model', dag_id='dbt_orchestrator', run_id='manual__2025-08-05T03:16:54.445556+00:00', try_number=1, map_index=-1, hostname='4N7Q2M3.kms.com.vn', context_carrier=None, task=<Task(BashOperator): model.canh_dbt_proj.my_second_dbt_model>, bundle_instance=LocalDagBundle(name=dags-folder), max_tries=0, start_date=datetime.datetime(2025, 8, 5, 3, 17, 5, 871667, tzinfo=datetime.timezone.utc), end_date=None, state=<TaskInstanceState.RUNNING: 'running'>, is_mapped=False, rendered_map_index=None, log_url='http://localhost:8080/dags/dbt_orchestrator/runs/manual__2025-08-05T03%3A16%3A54.445556%2B00%3A00/tasks/model.canh_dbt_proj.my_second_dbt_model?try_number=1')","logger":"task"}
{"timestamp":"2025-08-05T03:17:17.989841Z","level":"info","event":"Task instance in success state","chan":"stdout","logger":"task"}
{"timestamp":"2025-08-05T03:17:17.990101Z","level":"info","event":" Previous state of the Task instance: TaskInstanceState.RUNNING","chan":"stdout","logger":"task"}
{"timestamp":"2025-08-05T03:17:17.990751Z","level":"info","event":"Task operator:<Task(BashOperator): model.canh_dbt_proj.my_second_dbt_model>","chan":"stdout","logger":"task"}
