{"timestamp":"2025-08-05T03:19:24.124320","level":"info","event":"DAG bundles loaded: dags-folder, example_dags","logger":"airflow.dag_processing.bundles.manager.DagBundlesManager"}
{"timestamp":"2025-08-05T03:19:24.125598","level":"info","event":"Filling up the DagBag from /home/cnguyen/myrepos/dbt-postgres-airflow/airflow/dags/dbt-orchesstrator.py","logger":"airflow.models.dagbag.DagBag"}
{"timestamp":"2025-08-05T03:19:24.256506Z","level":"info","event":"Task instance is in running state","chan":"stdout","logger":"task"}
{"timestamp":"2025-08-05T03:19:24.256743Z","level":"info","event":" Previous state of the Task instance: TaskInstanceState.QUEUED","chan":"stdout","logger":"task"}
{"timestamp":"2025-08-05T03:19:24.257296Z","level":"info","event":"Current task name:model.canh_dbt_proj.my_first_dbt_model","chan":"stdout","logger":"task"}
{"timestamp":"2025-08-05T03:19:24.257528Z","level":"info","event":"Dag name:dbt_orchestrator","chan":"stdout","logger":"task"}
{"timestamp":"2025-08-05T03:19:24.263021","level":"info","event":"Tmp dir root location: /tmp","logger":"airflow.task.hooks.airflow.providers.standard.hooks.subprocess.SubprocessHook"}
{"timestamp":"2025-08-05T03:19:24.263802","level":"info","event":"Running command: ['/usr/bin/bash', '-c', 'cd /home/cnguyen/myrepos/dbt-postgres-airflow/dbt/canh_dbt_proj && /home/cnguyen/.pyenv/versions/demo_dbt/bin/dbt run']","logger":"airflow.task.hooks.airflow.providers.standard.hooks.subprocess.SubprocessHook"}
{"timestamp":"2025-08-05T03:19:24.285129","level":"info","event":"Output:","logger":"airflow.task.hooks.airflow.providers.standard.hooks.subprocess.SubprocessHook"}
{"timestamp":"2025-08-05T03:19:28.814506","level":"info","event":"\u001b[0m03:19:28  Running with dbt=1.10.6","logger":"airflow.task.hooks.airflow.providers.standard.hooks.subprocess.SubprocessHook"}
{"timestamp":"2025-08-05T03:19:29.605951","level":"info","event":"\u001b[0m03:19:29  Registered adapter: postgres=1.9.0","logger":"airflow.task.hooks.airflow.providers.standard.hooks.subprocess.SubprocessHook"}
{"timestamp":"2025-08-05T03:19:30.607205","level":"info","event":"\u001b[0m03:19:30  [\u001b[33mWARNING\u001b[0m]: Configuration paths exist in your dbt_project.yml file which do not apply to any resources.","logger":"airflow.task.hooks.airflow.providers.standard.hooks.subprocess.SubprocessHook"}
{"timestamp":"2025-08-05T03:19:30.607554","level":"info","event":"There are 1 unused configuration paths:","logger":"airflow.task.hooks.airflow.providers.standard.hooks.subprocess.SubprocessHook"}
{"timestamp":"2025-08-05T03:19:30.607683","level":"info","event":"- models.canh_dbt_proj.example","logger":"airflow.task.hooks.airflow.providers.standard.hooks.subprocess.SubprocessHook"}
{"timestamp":"2025-08-05T03:19:30.842848","level":"info","event":"\u001b[0m03:19:30  Found 434 macros","logger":"airflow.task.hooks.airflow.providers.standard.hooks.subprocess.SubprocessHook"}
{"timestamp":"2025-08-05T03:19:30.846171","level":"info","event":"\u001b[0m03:19:30  Nothing to do. Try checking your model configs and model specification args","logger":"airflow.task.hooks.airflow.providers.standard.hooks.subprocess.SubprocessHook"}
{"timestamp":"2025-08-05T03:19:33.104614","level":"info","event":"Command exited with return code 0","logger":"airflow.task.hooks.airflow.providers.standard.hooks.subprocess.SubprocessHook"}
{"timestamp":"2025-08-05T03:19:33.105623","level":"info","event":"Pushing xcom","ti":"RuntimeTaskInstance(id=UUID('0198783d-a8bd-71db-9c23-dc36d5842645'), task_id='model.canh_dbt_proj.my_first_dbt_model', dag_id='dbt_orchestrator', run_id='manual__2025-08-05T03:19:23.443668+00:00', try_number=1, map_index=-1, hostname='4N7Q2M3.kms.com.vn', context_carrier=None, task=<Task(BashOperator): model.canh_dbt_proj.my_first_dbt_model>, bundle_instance=LocalDagBundle(name=dags-folder), max_tries=0, start_date=datetime.datetime(2025, 8, 5, 3, 19, 24, 25553, tzinfo=datetime.timezone.utc), end_date=None, state=<TaskInstanceState.RUNNING: 'running'>, is_mapped=False, rendered_map_index=None, log_url='http://localhost:8080/dags/dbt_orchestrator/runs/manual__2025-08-05T03%3A19%3A23.443668%2B00%3A00/tasks/model.canh_dbt_proj.my_first_dbt_model?try_number=1')","logger":"task"}
{"timestamp":"2025-08-05T03:19:33.274989Z","level":"info","event":"Task instance in success state","chan":"stdout","logger":"task"}
{"timestamp":"2025-08-05T03:19:33.275214Z","level":"info","event":" Previous state of the Task instance: TaskInstanceState.RUNNING","chan":"stdout","logger":"task"}
{"timestamp":"2025-08-05T03:19:33.275661Z","level":"info","event":"Task operator:<Task(BashOperator): model.canh_dbt_proj.my_first_dbt_model>","chan":"stdout","logger":"task"}
