{"timestamp":"2025-08-08T01:55:50.903022","level":"info","event":"DAG bundles loaded: dags-folder, example_dags","logger":"airflow.dag_processing.bundles.manager.DagBundlesManager"}
{"timestamp":"2025-08-08T01:55:50.903767","level":"info","event":"Filling up the DagBag from /home/cnguyen/myrepos/dbt-postgres-airflow/airflow/dags/dbt-orchesstrator.py","logger":"airflow.models.dagbag.DagBag"}
{"timestamp":"2025-08-08T01:55:50.978600Z","level":"info","event":"Task instance is in running state","chan":"stdout","logger":"task"}
{"timestamp":"2025-08-08T01:55:50.978941Z","level":"info","event":" Previous state of the Task instance: TaskInstanceState.QUEUED","chan":"stdout","logger":"task"}
{"timestamp":"2025-08-08T01:55:50.979186Z","level":"info","event":"Current task name:model.canh_dbt_proj.stg_weather_report","chan":"stdout","logger":"task"}
{"timestamp":"2025-08-08T01:55:50.979306Z","level":"info","event":"Dag name:dbt_orchestrator","chan":"stdout","logger":"task"}
{"timestamp":"2025-08-08T01:55:50.980400","level":"info","event":"Tmp dir root location: /tmp","logger":"airflow.task.hooks.airflow.providers.standard.hooks.subprocess.SubprocessHook"}
{"timestamp":"2025-08-08T01:55:50.981282","level":"info","event":"Running command: ['/usr/bin/bash', '-c', 'cd /home/cnguyen/myrepos/dbt-postgres-airflow/dbt/canh_dbt_proj && /home/cnguyen/.pyenv/versions/demo_dbt/bin/dbt run']","logger":"airflow.task.hooks.airflow.providers.standard.hooks.subprocess.SubprocessHook"}
{"timestamp":"2025-08-08T01:55:50.990162","level":"info","event":"Output:","logger":"airflow.task.hooks.airflow.providers.standard.hooks.subprocess.SubprocessHook"}
{"timestamp":"2025-08-08T01:55:52.938049","level":"info","event":"\u001b[0m01:55:52  Running with dbt=1.10.6","logger":"airflow.task.hooks.airflow.providers.standard.hooks.subprocess.SubprocessHook"}
{"timestamp":"2025-08-08T01:55:53.244290","level":"info","event":"\u001b[0m01:55:53  Registered adapter: postgres=1.9.0","logger":"airflow.task.hooks.airflow.providers.standard.hooks.subprocess.SubprocessHook"}
{"timestamp":"2025-08-08T01:55:54.188031","level":"info","event":"\u001b[0m01:55:54  Found 2 models, 1 source, 435 macros","logger":"airflow.task.hooks.airflow.providers.standard.hooks.subprocess.SubprocessHook"}
{"timestamp":"2025-08-08T01:55:54.191742","level":"info","event":"\u001b[0m01:55:54","logger":"airflow.task.hooks.airflow.providers.standard.hooks.subprocess.SubprocessHook"}
{"timestamp":"2025-08-08T01:55:54.192498","level":"info","event":"\u001b[0m01:55:54  Concurrency: 1 threads (target='dev')","logger":"airflow.task.hooks.airflow.providers.standard.hooks.subprocess.SubprocessHook"}
{"timestamp":"2025-08-08T01:55:54.193159","level":"info","event":"\u001b[0m01:55:54","logger":"airflow.task.hooks.airflow.providers.standard.hooks.subprocess.SubprocessHook"}
{"timestamp":"2025-08-08T01:55:54.331295","level":"info","event":"\u001b[0m01:55:54  1 of 2 START sql view model dev.stg_weather_report ............................. [RUN]","logger":"airflow.task.hooks.airflow.providers.standard.hooks.subprocess.SubprocessHook"}
{"timestamp":"2025-08-08T01:55:54.568249","level":"info","event":"\u001b[0m01:55:54  1 of 2 OK created sql view model dev.stg_weather_report ........................ [\u001b[32mCREATE VIEW\u001b[0m in 0.23s]","logger":"airflow.task.hooks.airflow.providers.standard.hooks.subprocess.SubprocessHook"}
{"timestamp":"2025-08-08T01:55:54.574220","level":"info","event":"\u001b[0m01:55:54  2 of 2 START sql incremental model dev.weather_del_ins ......................... [RUN]","logger":"airflow.task.hooks.airflow.providers.standard.hooks.subprocess.SubprocessHook"}
{"timestamp":"2025-08-08T01:55:54.701272","level":"info","event":"\u001b[0m01:55:54  2 of 2 ERROR creating sql incremental model dev.weather_del_ins ................ [\u001b[31mERROR\u001b[0m in 0.12s]","logger":"airflow.task.hooks.airflow.providers.standard.hooks.subprocess.SubprocessHook"}
{"timestamp":"2025-08-08T01:55:54.720303","level":"info","event":"\u001b[0m01:55:54","logger":"airflow.task.hooks.airflow.providers.standard.hooks.subprocess.SubprocessHook"}
{"timestamp":"2025-08-08T01:55:54.720668","level":"info","event":"\u001b[0m01:55:54  Finished running 1 incremental model, 1 view model in 0 hours 0 minutes and 0.53 seconds (0.53s).","logger":"airflow.task.hooks.airflow.providers.standard.hooks.subprocess.SubprocessHook"}
{"timestamp":"2025-08-08T01:55:54.765930","level":"info","event":"\u001b[0m01:55:54","logger":"airflow.task.hooks.airflow.providers.standard.hooks.subprocess.SubprocessHook"}
{"timestamp":"2025-08-08T01:55:54.766976","level":"info","event":"\u001b[0m01:55:54  \u001b[31mCompleted with 1 error, 0 partial successes, and 0 warnings:\u001b[0m","logger":"airflow.task.hooks.airflow.providers.standard.hooks.subprocess.SubprocessHook"}
{"timestamp":"2025-08-08T01:55:54.767557","level":"info","event":"\u001b[0m01:55:54","logger":"airflow.task.hooks.airflow.providers.standard.hooks.subprocess.SubprocessHook"}
{"timestamp":"2025-08-08T01:55:54.768197","level":"info","event":"\u001b[0m01:55:54  \u001b[31mFailure in model weather_del_ins (models/mart/weather_del_ins.sql)\u001b[0m","logger":"airflow.task.hooks.airflow.providers.standard.hooks.subprocess.SubprocessHook"}
{"timestamp":"2025-08-08T01:55:54.768741","level":"info","event":"\u001b[0m01:55:54    Database Error in model weather_del_ins (models/mart/weather_del_ins.sql)","logger":"airflow.task.hooks.airflow.providers.standard.hooks.subprocess.SubprocessHook"}
{"timestamp":"2025-08-08T01:55:54.768850","level":"info","event":"  relation \"weather.weather_del_ins\" does not exist","logger":"airflow.task.hooks.airflow.providers.standard.hooks.subprocess.SubprocessHook"}
{"timestamp":"2025-08-08T01:55:54.768915","level":"info","event":"  CONTEXT:  SQL statement \"truncate table dw.weather.weather_del_ins\"","logger":"airflow.task.hooks.airflow.providers.standard.hooks.subprocess.SubprocessHook"}
{"timestamp":"2025-08-08T01:55:54.768969","level":"info","event":"  PL/pgSQL function inline_code_block line 4 at EXECUTE","logger":"airflow.task.hooks.airflow.providers.standard.hooks.subprocess.SubprocessHook"}
{"timestamp":"2025-08-08T01:55:54.769187","level":"info","event":"\u001b[0m01:55:54","logger":"airflow.task.hooks.airflow.providers.standard.hooks.subprocess.SubprocessHook"}
{"timestamp":"2025-08-08T01:55:54.769690","level":"info","event":"\u001b[0m01:55:54    compiled code at target/compiled/canh_dbt_proj/models/mart/weather_del_ins.sql","logger":"airflow.task.hooks.airflow.providers.standard.hooks.subprocess.SubprocessHook"}
{"timestamp":"2025-08-08T01:55:54.770186","level":"info","event":"\u001b[0m01:55:54","logger":"airflow.task.hooks.airflow.providers.standard.hooks.subprocess.SubprocessHook"}
{"timestamp":"2025-08-08T01:55:54.770643","level":"info","event":"\u001b[0m01:55:54  Done. PASS=1 WARN=0 ERROR=1 SKIP=0 NO-OP=0 TOTAL=2","logger":"airflow.task.hooks.airflow.providers.standard.hooks.subprocess.SubprocessHook"}
{"timestamp":"2025-08-08T01:55:56.543293","level":"info","event":"Command exited with return code 1","logger":"airflow.task.hooks.airflow.providers.standard.hooks.subprocess.SubprocessHook"}
{"timestamp":"2025-08-08T01:55:56.544313","level":"error","event":"Task failed with exception","logger":"task","error_detail":[{"exc_type":"AirflowException","exc_value":"Bash command failed. The command returned a non-zero exit code 1.","exc_notes":[],"syntax_error":null,"is_cause":false,"frames":[{"filename":"/home/cnguyen/.pyenv/versions/3.10.4/envs/demo_airflow/lib/python3.10/site-packages/airflow/sdk/execution_time/task_runner.py","lineno":877,"name":"run"},{"filename":"/home/cnguyen/.pyenv/versions/3.10.4/envs/demo_airflow/lib/python3.10/site-packages/airflow/sdk/execution_time/task_runner.py","lineno":1164,"name":"_execute_task"},{"filename":"/home/cnguyen/.pyenv/versions/3.10.4/envs/demo_airflow/lib/python3.10/site-packages/airflow/sdk/bases/operator.py","lineno":397,"name":"wrapper"},{"filename":"/home/cnguyen/.pyenv/versions/3.10.4/envs/demo_airflow/lib/python3.10/site-packages/airflow/providers/standard/operators/bash.py","lineno":232,"name":"execute"}],"is_group":false,"exceptions":[]}]}
{"timestamp":"2025-08-08T01:55:57.929608Z","level":"info","event":"Task instance in failure state","chan":"stdout","logger":"task"}
{"timestamp":"2025-08-08T01:55:57.930168Z","level":"info","event":"Task start","chan":"stdout","logger":"task"}
{"timestamp":"2025-08-08T01:55:57.930299Z","level":"info","event":"Task:<Task(BashOperator): model.canh_dbt_proj.stg_weather_report>","chan":"stdout","logger":"task"}
{"timestamp":"2025-08-08T01:55:57.930359Z","level":"info","event":"Failure caused by Bash command failed. The command returned a non-zero exit code 1.","chan":"stdout","logger":"task"}
