{"timestamp":"2025-08-06T10:39:21.531479","level":"info","event":"DAG bundles loaded: dags-folder, example_dags","logger":"airflow.dag_processing.bundles.manager.DagBundlesManager"}
{"timestamp":"2025-08-06T10:39:21.532264","level":"info","event":"Filling up the DagBag from /home/cnguyen/myrepos/dbt-postgres-airflow/airflow/dags/dbt-orchesstrator.py","logger":"airflow.models.dagbag.DagBag"}
{"timestamp":"2025-08-06T10:39:21.602640Z","level":"info","event":"Task instance is in running state","chan":"stdout","logger":"task"}
{"timestamp":"2025-08-06T10:39:21.602851Z","level":"info","event":" Previous state of the Task instance: TaskInstanceState.QUEUED","chan":"stdout","logger":"task"}
{"timestamp":"2025-08-06T10:39:21.604924Z","level":"info","event":"Current task name:wait_for_weather_data","chan":"stdout","logger":"task"}
{"timestamp":"2025-08-06T10:39:21.605035Z","level":"info","event":"Dag name:dbt_orchestrator","chan":"stdout","logger":"task"}
{"timestamp":"2025-08-06T10:39:21.603577","level":"info","event":"Poking for tasks ['ingest_weather_data'] in dag data_weather_fetch_daily on 2025-08-06T10:39:19.100000+00:00 ... ","logger":"airflow.task.operators.airflow.providers.standard.sensors.external_task.ExternalTaskSensor"}
{"timestamp":"2025-08-06T10:40:21.686025","level":"info","event":"Poking for tasks ['ingest_weather_data'] in dag data_weather_fetch_daily on 2025-08-06T10:39:19.100000+00:00 ... ","logger":"airflow.task.operators.airflow.providers.standard.sensors.external_task.ExternalTaskSensor"}
{"timestamp":"2025-08-06T10:41:21.755568","level":"info","event":"Poking for tasks ['ingest_weather_data'] in dag data_weather_fetch_daily on 2025-08-06T10:39:19.100000+00:00 ... ","logger":"airflow.task.operators.airflow.providers.standard.sensors.external_task.ExternalTaskSensor"}
{"timestamp":"2025-08-06T10:42:21.834684","level":"info","event":"Poking for tasks ['ingest_weather_data'] in dag data_weather_fetch_daily on 2025-08-06T10:39:19.100000+00:00 ... ","logger":"airflow.task.operators.airflow.providers.standard.sensors.external_task.ExternalTaskSensor"}
{"timestamp":"2025-08-06T10:43:21.907320","level":"info","event":"Poking for tasks ['ingest_weather_data'] in dag data_weather_fetch_daily on 2025-08-06T10:39:19.100000+00:00 ... ","logger":"airflow.task.operators.airflow.providers.standard.sensors.external_task.ExternalTaskSensor"}
{"timestamp":"2025-08-06T10:44:21.977855","level":"info","event":"Poking for tasks ['ingest_weather_data'] in dag data_weather_fetch_daily on 2025-08-06T10:39:19.100000+00:00 ... ","logger":"airflow.task.operators.airflow.providers.standard.sensors.external_task.ExternalTaskSensor"}
{"timestamp":"2025-08-06T10:45:22.057308","level":"info","event":"Poking for tasks ['ingest_weather_data'] in dag data_weather_fetch_daily on 2025-08-06T10:39:19.100000+00:00 ... ","logger":"airflow.task.operators.airflow.providers.standard.sensors.external_task.ExternalTaskSensor"}
{"timestamp":"2025-08-06T10:46:22.125930","level":"info","event":"Poking for tasks ['ingest_weather_data'] in dag data_weather_fetch_daily on 2025-08-06T10:39:19.100000+00:00 ... ","logger":"airflow.task.operators.airflow.providers.standard.sensors.external_task.ExternalTaskSensor"}
{"timestamp":"2025-08-06T10:47:22.202711","level":"info","event":"Poking for tasks ['ingest_weather_data'] in dag data_weather_fetch_daily on 2025-08-06T10:39:19.100000+00:00 ... ","logger":"airflow.task.operators.airflow.providers.standard.sensors.external_task.ExternalTaskSensor"}
{"timestamp":"2025-08-06T10:48:22.286982","level":"info","event":"Poking for tasks ['ingest_weather_data'] in dag data_weather_fetch_daily on 2025-08-06T10:39:19.100000+00:00 ... ","logger":"airflow.task.operators.airflow.providers.standard.sensors.external_task.ExternalTaskSensor"}
{"timestamp":"2025-08-06T10:49:22.358491","level":"info","event":"Poking for tasks ['ingest_weather_data'] in dag data_weather_fetch_daily on 2025-08-06T10:39:19.100000+00:00 ... ","logger":"airflow.task.operators.airflow.providers.standard.sensors.external_task.ExternalTaskSensor"}
{"timestamp":"2025-08-06T10:49:22.372538","level":"error","event":"Task failed with exception","logger":"task","error_detail":[{"exc_type":"AirflowSensorTimeout","exc_value":"Sensor has timed out; run duration of 600.7681509199974 seconds exceeds the specified timeout of 600.0.","exc_notes":[],"syntax_error":null,"is_cause":false,"frames":[{"filename":"/home/cnguyen/.pyenv/versions/3.10.4/envs/demo_airflow/lib/python3.10/site-packages/airflow/sdk/execution_time/task_runner.py","lineno":877,"name":"run"},{"filename":"/home/cnguyen/.pyenv/versions/3.10.4/envs/demo_airflow/lib/python3.10/site-packages/airflow/sdk/execution_time/task_runner.py","lineno":1164,"name":"_execute_task"},{"filename":"/home/cnguyen/.pyenv/versions/3.10.4/envs/demo_airflow/lib/python3.10/site-packages/airflow/sdk/bases/operator.py","lineno":397,"name":"wrapper"},{"filename":"/home/cnguyen/.pyenv/versions/3.10.4/envs/demo_airflow/lib/python3.10/site-packages/airflow/providers/standard/sensors/external_task.py","lineno":421,"name":"execute"},{"filename":"/home/cnguyen/.pyenv/versions/3.10.4/envs/demo_airflow/lib/python3.10/site-packages/airflow/sdk/bases/operator.py","lineno":397,"name":"wrapper"},{"filename":"/home/cnguyen/.pyenv/versions/3.10.4/envs/demo_airflow/lib/python3.10/site-packages/airflow/sdk/bases/sensor.py","lineno":243,"name":"execute"}],"is_group":false,"exceptions":[]}]}
{"timestamp":"2025-08-06T10:49:22.403893Z","level":"info","event":"Task instance in failure state","chan":"stdout","logger":"task"}
{"timestamp":"2025-08-06T10:49:22.404324Z","level":"info","event":"Task start","chan":"stdout","logger":"task"}
{"timestamp":"2025-08-06T10:49:22.404413Z","level":"info","event":"Task:<Task(ExternalTaskSensor): wait_for_weather_data>","chan":"stdout","logger":"task"}
{"timestamp":"2025-08-06T10:49:22.404525Z","level":"info","event":"Failure caused by Sensor has timed out; run duration of 600.7681509199974 seconds exceeds the specified timeout of 600.0.","chan":"stdout","logger":"task"}
