{"timestamp":"2025-08-08T03:34:13.584309","level":"info","event":"DAG bundles loaded: dags-folder, example_dags","logger":"airflow.dag_processing.bundles.manager.DagBundlesManager"}
{"timestamp":"2025-08-08T03:34:13.585020","level":"info","event":"Filling up the DagBag from /home/cnguyen/myrepos/dbt-postgres-airflow/airflow/dags/dbt-orchesstrator.py","logger":"airflow.models.dagbag.DagBag"}
{"timestamp":"2025-08-08T03:34:13.644576Z","level":"info","event":"Task instance is in running state","chan":"stdout","logger":"task"}
{"timestamp":"2025-08-08T03:34:13.644764Z","level":"info","event":" Previous state of the Task instance: TaskInstanceState.QUEUED","chan":"stdout","logger":"task"}
{"timestamp":"2025-08-08T03:34:13.644874Z","level":"info","event":"Current task name:model.canh_dbt_proj.weather_del_ins","chan":"stdout","logger":"task"}
{"timestamp":"2025-08-08T03:34:13.644930Z","level":"info","event":"Dag name:dbt_orchestrator","chan":"stdout","logger":"task"}
{"timestamp":"2025-08-08T03:34:13.645556","level":"info","event":"Tmp dir root location: /tmp","logger":"airflow.task.hooks.airflow.providers.standard.hooks.subprocess.SubprocessHook"}
{"timestamp":"2025-08-08T03:34:13.646146","level":"info","event":"Running command: ['/usr/bin/bash', '-c', 'cd /home/cnguyen/myrepos/dbt-postgres-airflow/dbt/canh_dbt_proj && /home/cnguyen/.pyenv/versions/demo_dbt/bin/dbt run']","logger":"airflow.task.hooks.airflow.providers.standard.hooks.subprocess.SubprocessHook"}
{"timestamp":"2025-08-08T03:34:13.651543","level":"info","event":"Output:","logger":"airflow.task.hooks.airflow.providers.standard.hooks.subprocess.SubprocessHook"}
{"timestamp":"2025-08-08T03:34:16.406465","level":"info","event":"\u001b[0m03:34:16  Running with dbt=1.10.6","logger":"airflow.task.hooks.airflow.providers.standard.hooks.subprocess.SubprocessHook"}
{"timestamp":"2025-08-08T03:34:16.879599","level":"info","event":"\u001b[0m03:34:16  Registered adapter: postgres=1.9.0","logger":"airflow.task.hooks.airflow.providers.standard.hooks.subprocess.SubprocessHook"}
{"timestamp":"2025-08-08T03:34:17.746176","level":"info","event":"\u001b[0m03:34:17  Found 2 models, 1 source, 435 macros","logger":"airflow.task.hooks.airflow.providers.standard.hooks.subprocess.SubprocessHook"}
{"timestamp":"2025-08-08T03:34:17.750517","level":"info","event":"\u001b[0m03:34:17","logger":"airflow.task.hooks.airflow.providers.standard.hooks.subprocess.SubprocessHook"}
{"timestamp":"2025-08-08T03:34:17.754005","level":"info","event":"\u001b[0m03:34:17  Concurrency: 1 threads (target='dev')","logger":"airflow.task.hooks.airflow.providers.standard.hooks.subprocess.SubprocessHook"}
{"timestamp":"2025-08-08T03:34:17.756218","level":"info","event":"\u001b[0m03:34:17","logger":"airflow.task.hooks.airflow.providers.standard.hooks.subprocess.SubprocessHook"}
{"timestamp":"2025-08-08T03:34:18.026843","level":"info","event":"\u001b[0m03:34:18  1 of 2 START sql view model dev.stg_weather_report ............................. [RUN]","logger":"airflow.task.hooks.airflow.providers.standard.hooks.subprocess.SubprocessHook"}
{"timestamp":"2025-08-08T03:34:18.279148","level":"info","event":"\u001b[0m03:34:18  1 of 2 OK created sql view model dev.stg_weather_report ........................ [\u001b[32mCREATE VIEW\u001b[0m in 0.25s]","logger":"airflow.task.hooks.airflow.providers.standard.hooks.subprocess.SubprocessHook"}
{"timestamp":"2025-08-08T03:34:18.285555","level":"info","event":"\u001b[0m03:34:18  2 of 2 START sql incremental model dev.weather_del_ins ......................... [RUN]","logger":"airflow.task.hooks.airflow.providers.standard.hooks.subprocess.SubprocessHook"}
{"timestamp":"2025-08-08T03:34:18.554441","level":"info","event":"\u001b[0m03:34:18  2 of 2 OK created sql incremental model dev.weather_del_ins .................... [\u001b[32mINSERT 0 1\u001b[0m in 0.27s]","logger":"airflow.task.hooks.airflow.providers.standard.hooks.subprocess.SubprocessHook"}
{"timestamp":"2025-08-08T03:34:18.581826","level":"info","event":"\u001b[0m03:34:18","logger":"airflow.task.hooks.airflow.providers.standard.hooks.subprocess.SubprocessHook"}
{"timestamp":"2025-08-08T03:34:18.584199","level":"info","event":"\u001b[0m03:34:18  Finished running 1 incremental model, 1 view model in 0 hours 0 minutes and 0.82 seconds (0.82s).","logger":"airflow.task.hooks.airflow.providers.standard.hooks.subprocess.SubprocessHook"}
{"timestamp":"2025-08-08T03:34:18.646841","level":"info","event":"\u001b[0m03:34:18","logger":"airflow.task.hooks.airflow.providers.standard.hooks.subprocess.SubprocessHook"}
{"timestamp":"2025-08-08T03:34:18.647992","level":"info","event":"\u001b[0m03:34:18  \u001b[32mCompleted successfully\u001b[0m","logger":"airflow.task.hooks.airflow.providers.standard.hooks.subprocess.SubprocessHook"}
{"timestamp":"2025-08-08T03:34:18.648127","level":"info","event":"\u001b[0m03:34:18","logger":"airflow.task.hooks.airflow.providers.standard.hooks.subprocess.SubprocessHook"}
{"timestamp":"2025-08-08T03:34:18.648573","level":"info","event":"\u001b[0m03:34:18  Done. PASS=2 WARN=0 ERROR=0 SKIP=0 NO-OP=0 TOTAL=2","logger":"airflow.task.hooks.airflow.providers.standard.hooks.subprocess.SubprocessHook"}
{"timestamp":"2025-08-08T03:34:20.286700","level":"info","event":"Command exited with return code 0","logger":"airflow.task.hooks.airflow.providers.standard.hooks.subprocess.SubprocessHook"}
{"timestamp":"2025-08-08T03:34:20.287614","level":"info","event":"Pushing xcom","ti":"RuntimeTaskInstance(id=UUID('019887be-0778-704f-ab5f-32557e7ef656'), task_id='model.canh_dbt_proj.weather_del_ins', dag_id='dbt_orchestrator', run_id='manual__2025-08-08T03:33:54.642570+00:00', try_number=1, map_index=-1, hostname='4N7Q2M3.kms.com.vn', context_carrier=None, task=<Task(BashOperator): model.canh_dbt_proj.weather_del_ins>, bundle_instance=LocalDagBundle(name=dags-folder), max_tries=0, start_date=datetime.datetime(2025, 8, 8, 3, 34, 13, 528493, tzinfo=datetime.timezone.utc), end_date=None, state=<TaskInstanceState.RUNNING: 'running'>, is_mapped=False, rendered_map_index=None, log_url='http://localhost:8080/dags/dbt_orchestrator/runs/manual__2025-08-08T03%3A33%3A54.642570%2B00%3A00/tasks/model.canh_dbt_proj.weather_del_ins?try_number=1')","logger":"task"}
{"timestamp":"2025-08-08T03:34:20.376350Z","level":"info","event":"Task instance in success state","chan":"stdout","logger":"task"}
{"timestamp":"2025-08-08T03:34:20.376562Z","level":"info","event":" Previous state of the Task instance: TaskInstanceState.RUNNING","chan":"stdout","logger":"task"}
{"timestamp":"2025-08-08T03:34:20.376985Z","level":"info","event":"Task operator:<Task(BashOperator): model.canh_dbt_proj.weather_del_ins>","chan":"stdout","logger":"task"}
